#
# A fatal error has been detected by the Java Runtime Environment:
#
#  EXCEPTION_ACCESS_VIOLATION (0xc0000005) at pc=0x0000000068d9d090, pid=6216, tid=2368
#
# JRE version: Java(TM) SE Runtime Environment (8.0_11-b12) (build 1.8.0_11-b12)
# Java VM: Java HotSpot(TM) 64-Bit Server VM (25.11-b03 mixed mode windows-amd64 compressed oops)
# Problematic frame:
# C  [atio6axx.dll+0xbad090]
#
# Failed to write core dump. Minidumps are not enabled by default on client versions of Windows
#
# If you would like to submit a bug report, please visit:
#   http://bugreport.sun.com/bugreport/crash.jsp
# The crash happened outside the Java Virtual Machine in native code.
# See problematic frame for where to report the bug.
#

---------------  T H R E A D  ---------------

Current thread (0x00000000021fe000):  JavaThread "main" [_thread_in_native, id=2368, stack(0x0000000002410000,0x0000000002510000)]

siginfo: ExceptionCode=0xc0000005, reading address 0x000000013de63050

Registers:
RAX=0xfffffffffdc9a000, RBX=0x000000013de63050, RCX=0x0000000000011660, RDX=0x000000013c3b0040
RSP=0x000000000250eda0, RBP=0x0000000000000030, RSI=0x0000000191293010, RDI=0x0000000002366040
R8 =0x0000000000000010, R9 =0x00000000681f0000, R10=0x000000018f7e0000, R11=0x000000018f7e0000
R12=0x000000000000000f, R13=0x0000000000000000, R14=0x000000000000000d, R15=0x000000000250ef78
RIP=0x0000000068d9d090, EFLAGS=0x0000000000010207

Top of Stack: (sp=0x000000000250eda0)
0x000000000250eda0:   0000000000000000 0000000000000000
0x000000000250edb0:   000000000250ef78 000000000000000d
0x000000000250edc0:   000000001c91e308 0000000068c4038e
0x000000000250edd0:   0000000002366040 0000000002366040
0x000000000250ede0:   000000000250eed0 00000000776d3448
0x000000000250edf0:   0000e6f800000000 0000000000000018
0x000000000250ee00:   0000106d023200bb 0000000000329400
0x000000000250ee10:   0000000200000015 0000000000000001
0x000000000250ee20:   0000000100000001 0000000200000000
0x000000000250ee30:   0000000000000001 0000000000000000
0x000000000250ee40:   0000000000000000 0000000000000000
0x000000000250ee50:   0000000000000000 0000000000000000
0x000000000250ee60:   0000000000000000 0000000000000000
0x000000000250ee70:   0000000000000000 0000000000000000
0x000000000250ee80:   00000000021f0000 0000000002c57417
0x000000000250ee90:   0000000000000001 0000000000000000 

Instructions: (pc=0x0000000068d9d090)
0x0000000068d9d070:   fd 80 00 00 00 76 65 48 8d 8d 7f ff ff ff 48 c1
0x0000000068d9d080:   e9 07 48 ff c1 48 8b c1 48 6b c0 80 48 03 e8 90
0x0000000068d9d090:   0f 28 03 48 83 ee 80 48 83 eb 80 0f 2b 46 80 0f
0x0000000068d9d0a0:   28 43 90 0f 2b 46 90 0f 28 43 a0 0f 2b 46 a0 0f 


Register to memory mapping:

RAX=0xfffffffffdc9a000 is an unknown value
RBX=0x000000013de63050 is an unknown value
RCX=0x0000000000011660 is an unknown value
RDX=0x000000013c3b0040 is an unknown value
RSP=0x000000000250eda0 is pointing into the stack for thread: 0x00000000021fe000
RBP=0x0000000000000030 is an unknown value
RSI=0x0000000191293010 is an unknown value
RDI=0x0000000002366040 is an unknown value
R8 =0x0000000000000010 is an unknown value
R9 =0x00000000681f0000 is an unknown value
R10=0x000000018f7e0000 is an unknown value
R11=0x000000018f7e0000 is an unknown value
R12=0x000000000000000f is an unknown value
R13=0x0000000000000000 is an unknown value
R14=0x000000000000000d is an unknown value
R15=0x000000000250ef78 is pointing into the stack for thread: 0x00000000021fe000


Stack: [0x0000000002410000,0x0000000002510000],  sp=0x000000000250eda0,  free space=1019k
Native frames: (J=compiled Java code, j=interpreted, Vv=VM code, C=native code)
C  [atio6axx.dll+0xbad090]
C  [atio6axx.dll+0xa5038e]
C  [atio6axx.dll+0xa0b3c6]
C  [atio6axx.dll+0xa0ad48]
C  [atio6axx.dll+0x9efaae]
C  [atio6axx.dll+0x133129]
C  [atio6axx.dll+0x62271b]
C  0x0000000002d6491c

Java frames: (J=compiled Java code, j=interpreted, Vv=VM code)
J 1723  org.lwjgl.opengl.GL15.nglBufferData(IJJIJ)V (0 bytes) @ 0x0000000002d64896 [0x0000000002d64840+0x56]
J 2071 C2 org.lwjgl.opengl.GL15.glBufferData(ILjava/nio/FloatBuffer;I)V (38 bytes) @ 0x0000000002ed5328 [0x0000000002ed52a0+0x88]
J 2106 C2 voxels.ChunkManager.WaterHandler.createVBO()V (1544 bytes) @ 0x0000000002f43b60 [0x0000000002f42dc0+0xda0]
J 2100 C2 voxels.ChunkManager.WaterHandler.simulateWaters()V (2516 bytes) @ 0x0000000002f364cc [0x0000000002f33300+0x31cc]
j  voxels.Voxels.gameLoop()V+185
j  voxels.Voxels.main([Ljava/lang/String;)V+24
v  ~StubRoutines::call_stub

---------------  P R O C E S S  ---------------

Java Threads: ( => current thread )
  0x000000001e4ba000 JavaThread "LWJGL Timer" daemon [_thread_blocked, id=4632, stack(0x000000001f550000,0x000000001f650000)]
  0x000000001e4bc000 JavaThread "Thread-209" [_thread_blocked, id=3176, stack(0x00000000230f0000,0x00000000231f0000)]
  0x000000001e4b9000 JavaThread "Thread-7" [_thread_blocked, id=6640, stack(0x00000000231f0000,0x00000000232f0000)]
  0x000000001e4ba800 JavaThread "Thread-4" [_thread_in_Java, id=2832, stack(0x0000000022fd0000,0x00000000230d0000)]
  0x000000001e161000 JavaThread "Thread-3" daemon [_thread_blocked, id=4388, stack(0x0000000021840000,0x0000000021940000)]
  0x000000001e160000 JavaThread "Java Sound Event Dispatcher" daemon [_thread_blocked, id=5404, stack(0x0000000021720000,0x0000000021820000)]
  0x000000001de5e000 JavaThread "AWT-Windows" daemon [_thread_in_native, id=4648, stack(0x000000001eb50000,0x000000001ec50000)]
  0x0000000018db8000 JavaThread "Java2D Disposer" daemon [_thread_blocked, id=3196, stack(0x000000001ea40000,0x000000001eb40000)]
  0x0000000018b3a800 JavaThread "Service Thread" daemon [_thread_blocked, id=2384, stack(0x000000001a790000,0x000000001a890000)]
  0x0000000018ac2800 JavaThread "C1 CompilerThread3" daemon [_thread_blocked, id=5712, stack(0x000000001a5a0000,0x000000001a6a0000)]
  0x0000000018ac0800 JavaThread "C2 CompilerThread2" daemon [_thread_blocked, id=4204, stack(0x0000000019bb0000,0x0000000019cb0000)]
  0x0000000018ab9000 JavaThread "C2 CompilerThread1" daemon [_thread_blocked, id=3428, stack(0x000000001a2d0000,0x000000001a3d0000)]
  0x0000000018ab2000 JavaThread "C2 CompilerThread0" daemon [_thread_blocked, id=6104, stack(0x0000000012b00000,0x0000000012c00000)]
  0x0000000018aad800 JavaThread "Attach Listener" daemon [_thread_blocked, id=1884, stack(0x000000001a150000,0x000000001a250000)]
  0x0000000018aac800 JavaThread "Signal Dispatcher" daemon [_thread_blocked, id=3756, stack(0x0000000019f90000,0x000000001a090000)]
  0x00000000179fb000 JavaThread "Finalizer" daemon [_thread_blocked, id=4504, stack(0x0000000019e70000,0x0000000019f70000)]
  0x00000000021ee800 JavaThread "Reference Handler" daemon [_thread_blocked, id=6528, stack(0x0000000019d10000,0x0000000019e10000)]
=>0x00000000021fe000 JavaThread "main" [_thread_in_native, id=2368, stack(0x0000000002410000,0x0000000002510000)]

Other Threads:
  0x00000000021ec000 VMThread [stack: 0x0000000019aa0000,0x0000000019ba0000] [id=5400]
  0x0000000018b47800 WatcherThread [stack: 0x000000001a460000,0x000000001a560000] [id=5472]

VM state:not at safepoint (normal execution)

VM Mutex/Monitor currently owned by a thread: None

Heap:
 PSYoungGen      total 665088K, used 15528K [0x00000000d5f80000, 0x0000000100000000, 0x0000000100000000)
  eden space 642560K, 0% used [0x00000000d5f80000,0x00000000d5fa2d50,0x00000000fd300000)
  from space 22528K, 68% used [0x00000000fea00000,0x00000000ff9072b0,0x0000000100000000)
  to   space 23040K, 0% used [0x00000000fd300000,0x00000000fd300000,0x00000000fe980000)
 ParOldGen       total 151040K, used 128990K [0x0000000081e00000, 0x000000008b180000, 0x00000000d5f80000)
  object space 151040K, 85% used [0x0000000081e00000,0x0000000089bf7b18,0x000000008b180000)
 Metaspace       used 12367K, capacity 12787K, committed 12928K, reserved 1060864K
  class space    used 1286K, capacity 1398K, committed 1408K, reserved 1048576K

Card table byte_map: [0x0000000011ba0000,0x0000000011fa0000] byte_map_base: 0x0000000011791000

Marking Bits: (ParMarkBitMap*) 0x0000000050dc12b0
 Begin Bits: [0x0000000012d00000, 0x0000000014c88000)
 End Bits:   [0x0000000014c88000, 0x0000000016c10000)

Polling page: 0x0000000000230000

CodeCache: size=245760Kb used=7677Kb max_used=7677Kb free=238082Kb
 bounds [0x00000000027e0000, 0x0000000002f70000, 0x00000000117e0000]
 total_blobs=2739 nmethods=2142 adapters=511
 compilation: enabled

Compilation events (10 events):
Event: 33.817 Thread 0x0000000018ac0800 2141       4       voxels.Voxels::getZ (36 bytes)
Event: 33.817 Thread 0x0000000018ab9000 nmethod 2139 0x0000000002f591d0 code [0x0000000002f59340, 0x0000000002f59418]
Event: 33.817 Thread 0x0000000018ab2000 nmethod 2140 0x0000000002f50950 code [0x0000000002f50ac0, 0x0000000002f50b98]
Event: 33.818 Thread 0x0000000018ac0800 nmethod 2141 0x0000000002f50690 code [0x0000000002f50800, 0x0000000002f508d8]
Event: 34.683 Thread 0x0000000018ab9000 2142       4       voxels.ChunkManager.ChunkManager::getActiveBlock (15 bytes)
Event: 34.700 Thread 0x0000000018ab9000 nmethod 2142 0x0000000002f618d0 code [0x0000000002f61aa0, 0x0000000002f62238]
Event: 35.303 Thread 0x0000000018ac2800 2143       3       java.nio.charset.CharsetDecoder::implReplaceWith (1 bytes)
Event: 35.303 Thread 0x0000000018ac2800 nmethod 2143 0x0000000002f58a50 code [0x0000000002f58ba0, 0x0000000002f58cf0]
Event: 41.971 Thread 0x0000000018ac2800 2144 %     3       voxels.Voxels::gameLoop @ 154 (234 bytes)
Event: 41.973 Thread 0x0000000018ac2800 nmethod 2144% 0x0000000002f62b90 code [0x0000000002f631e0, 0x0000000002f66078]

GC Heap History (10 events):
Event: 32.585 GC heap before
{Heap before GC invocations=50 (full 2):
 PSYoungGen      total 668160K, used 661756K [0x00000000d5f80000, 0x0000000100000000, 0x0000000100000000)
  eden space 648704K, 100% used [0x00000000d5f80000,0x00000000fd900000,0x00000000fd900000)
  from space 19456K, 67% used [0x00000000fd900000,0x00000000fe5bf2b0,0x00000000fec00000)
  to   space 20480K, 0% used [0x00000000fec00000,0x00000000fec00000,0x0000000100000000)
 ParOldGen       total 151040K, used 128974K [0x0000000081e00000, 0x000000008b180000, 0x00000000d5f80000)
  object space 151040K, 85% used [0x0000000081e00000,0x0000000089bf3b18,0x000000008b180000)
 Metaspace       used 12367K, capacity 12787K, committed 12928K, reserved 1060864K
  class space    used 1286K, capacity 1398K, committed 1408K, reserved 1048576K
Event: 32.593 GC heap after
Heap after GC invocations=50 (full 2):
 PSYoungGen      total 666112K, used 14588K [0x00000000d5f80000, 0x0000000100000000, 0x0000000100000000)
  eden space 645632K, 0% used [0x00000000d5f80000,0x00000000d5f80000,0x00000000fd600000)
  from space 20480K, 71% used [0x00000000fec00000,0x00000000ffa3f2c0,0x0000000100000000)
  to   space 21504K, 0% used [0x00000000fd600000,0x00000000fd600000,0x00000000feb00000)
 ParOldGen       total 151040K, used 128982K [0x0000000081e00000, 0x000000008b180000, 0x00000000d5f80000)
  object space 151040K, 85% used [0x0000000081e00000,0x0000000089bf5b18,0x000000008b180000)
 Metaspace       used 12367K, capacity 12787K, committed 12928K, reserved 1060864K
  class space    used 1286K, capacity 1398K, committed 1408K, reserved 1048576K
}
Event: 35.100 GC heap before
{Heap before GC invocations=51 (full 2):
 PSYoungGen      total 666112K, used 660220K [0x00000000d5f80000, 0x0000000100000000, 0x0000000100000000)
  eden space 645632K, 100% used [0x00000000d5f80000,0x00000000fd600000,0x00000000fd600000)
  from space 20480K, 71% used [0x00000000fec00000,0x00000000ffa3f2c0,0x0000000100000000)
  to   space 21504K, 0% used [0x00000000fd600000,0x00000000fd600000,0x00000000feb00000)
 ParOldGen       total 151040K, used 128982K [0x0000000081e00000, 0x000000008b180000, 0x00000000d5f80000)
  object space 151040K, 85% used [0x0000000081e00000,0x0000000089bf5b18,0x000000008b180000)
 Metaspace       used 12367K, capacity 12787K, committed 12928K, reserved 1060864K
  class space    used 1286K, capacity 1398K, committed 1408K, reserved 1048576K
Event: 35.109 GC heap after
Heap after GC invocations=51 (full 2):
 PSYoungGen      total 658944K, used 13052K [0x00000000d5f80000, 0x0000000100000000, 0x0000000100000000)
  eden space 645632K, 0% used [0x00000000d5f80000,0x00000000d5f80000,0x00000000fd600000)
  from space 13312K, 98% used [0x00000000fd600000,0x00000000fe2bf2a0,0x00000000fe300000)
  to   space 22016K, 0% used [0x00000000fea80000,0x00000000fea80000,0x0000000100000000)
 ParOldGen       total 151040K, used 128990K [0x0000000081e00000, 0x000000008b180000, 0x00000000d5f80000)
  object space 151040K, 85% used [0x0000000081e00000,0x0000000089bf7b18,0x000000008b180000)
 Metaspace       used 12367K, capacity 12787K, committed 12928K, reserved 1060864K
  class space    used 1286K, capacity 1398K, committed 1408K, reserved 1048576K
}
Event: 37.626 GC heap before
{Heap before GC invocations=52 (full 2):
 PSYoungGen      total 658944K, used 658684K [0x00000000d5f80000, 0x0000000100000000, 0x0000000100000000)
  eden space 645632K, 100% used [0x00000000d5f80000,0x00000000fd600000,0x00000000fd600000)
  from space 13312K, 98% used [0x00000000fd600000,0x00000000fe2bf2a0,0x00000000fe300000)
  to   space 22016K, 0% used [0x00000000fea80000,0x00000000fea80000,0x0000000100000000)
 ParOldGen       total 151040K, used 128990K [0x0000000081e00000, 0x000000008b180000, 0x00000000d5f80000)
  object space 151040K, 85% used [0x0000000081e00000,0x0000000089bf7b18,0x000000008b180000)
 Metaspace       used 12367K, capacity 12787K, committed 12928K, reserved 1060864K
  class space    used 1286K, capacity 1398K, committed 1408K, reserved 1048576K
Event: 37.635 GC heap after
Heap after GC invocations=52 (full 2):
 PSYoungGen      total 666624K, used 13532K [0x00000000d5f80000, 0x0000000100000000, 0x0000000100000000)
  eden space 644608K, 0% used [0x00000000d5f80000,0x00000000d5f80000,0x00000000fd500000)
  from space 22016K, 61% used [0x00000000fea80000,0x00000000ff7b72a0,0x0000000100000000)
  to   space 22016K, 0% used [0x00000000fd500000,0x00000000fd500000,0x00000000fea80000)
 ParOldGen       total 151040K, used 128990K [0x0000000081e00000, 0x000000008b180000, 0x00000000d5f80000)
  object space 151040K, 85% used [0x0000000081e00000,0x0000000089bf7b18,0x000000008b180000)
 Metaspace       used 12367K, capacity 12787K, committed 12928K, reserved 1060864K
  class space    used 1286K, capacity 1398K, committed 1408K, reserved 1048576K
}
Event: 40.409 GC heap before
{Heap before GC invocations=53 (full 2):
 PSYoungGen      total 666624K, used 658140K [0x00000000d5f80000, 0x0000000100000000, 0x0000000100000000)
  eden space 644608K, 100% used [0x00000000d5f80000,0x00000000fd500000,0x00000000fd500000)
  from space 22016K, 61% used [0x00000000fea80000,0x00000000ff7b72a0,0x0000000100000000)
  to   space 22016K, 0% used [0x00000000fd500000,0x00000000fd500000,0x00000000fea80000)
 ParOldGen       total 151040K, used 128990K [0x0000000081e00000, 0x000000008b180000, 0x00000000d5f80000)
  object space 151040K, 85% used [0x0000000081e00000,0x0000000089bf7b18,0x000000008b180000)
 Metaspace       used 12367K, capacity 12787K, committed 12928K, reserved 1060864K
  class space    used 1286K, capacity 1398K, committed 1408K, reserved 1048576K
Event: 40.417 GC heap after
Heap after GC invocations=53 (full 2):
 PSYoungGen      total 658944K, used 13980K [0x00000000d5f80000, 0x0000000100000000, 0x0000000100000000)
  eden space 644608K, 0% used [0x00000000d5f80000,0x00000000d5f80000,0x00000000fd500000)
  from space 14336K, 97% used [0x00000000fd500000,0x00000000fe2a72a0,0x00000000fe300000)
  to   space 22528K, 0% used [0x00000000fea00000,0x00000000fea00000,0x0000000100000000)
 ParOldGen       total 151040K, used 128990K [0x0000000081e00000, 0x000000008b180000, 0x00000000d5f80000)
  object space 151040K, 85% used [0x0000000081e00000,0x0000000089bf7b18,0x000000008b180000)
 Metaspace       used 12367K, capacity 12787K, committed 12928K, reserved 1060864K
  class space    used 1286K, capacity 1398K, committed 1408K, reserved 1048576K
}
Event: 42.944 GC heap before
{Heap before GC invocations=54 (full 2):
 PSYoungGen      total 658944K, used 658588K [0x00000000d5f80000, 0x0000000100000000, 0x0000000100000000)
  eden space 644608K, 100% used [0x00000000d5f80000,0x00000000fd500000,0x00000000fd500000)
  from space 14336K, 97% used [0x00000000fd500000,0x00000000fe2a72a0,0x00000000fe300000)
  to   space 22528K, 0% used [0x00000000fea00000,0x00000000fea00000,0x0000000100000000)
 ParOldGen       total 151040K, used 128990K [0x0000000081e00000, 0x000000008b180000, 0x00000000d5f80000)
  object space 151040K, 85% used [0x0000000081e00000,0x0000000089bf7b18,0x000000008b180000)
 Metaspace       used 12367K, capacity 12787K, committed 12928K, reserved 1060864K
  class space    used 1286K, capacity 1398K, committed 1408K, reserved 1048576K
Event: 42.955 GC heap after
Heap after GC invocations=54 (full 2):
 PSYoungGen      total 665088K, used 15388K [0x00000000d5f80000, 0x0000000100000000, 0x0000000100000000)
  eden space 642560K, 0% used [0x00000000d5f80000,0x00000000d5f80000,0x00000000fd300000)
  from space 22528K, 68% used [0x00000000fea00000,0x00000000ff9072b0,0x0000000100000000)
  to   space 23040K, 0% used [0x00000000fd300000,0x00000000fd300000,0x00000000fe980000)
 ParOldGen       total 151040K, used 128990K [0x0000000081e00000, 0x000000008b180000, 0x00000000d5f80000)
  object space 151040K, 85% used [0x0000000081e00000,0x0000000089bf7b18,0x000000008b180000)
 Metaspace       used 12367K, capacity 12787K, committed 12928K, reserved 1060864K
  class space    used 1286K, capacity 1398K, committed 1408K, reserved 1048576K
}

Deoptimization events (10 events):
Event: 1.418 Thread 0x00000000021fe000 Uncommon trap: reason=null_assert action=make_not_entrant pc=0x0000000002c1ad84 method=java.util.concurrent.ConcurrentHashMap.putVal(Ljava/lang/Object;Ljava/lang/Object;Z)Ljava/lang/Object; @ 264
Event: 1.438 Thread 0x00000000021fe000 Uncommon trap: reason=unloaded action=reinterpret pc=0x0000000002c016ac method=voxels.Voxels.gameLoop()V @ 130
Event: 11.930 Thread 0x00000000021fe000 Uncommon trap: reason=class_check action=maybe_recompile pc=0x0000000002f0f3b8 method=java.util.concurrent.ConcurrentHashMap$Traverser.advance()Ljava/util/concurrent/ConcurrentHashMap$Node; @ 88
Event: 11.946 Thread 0x00000000021fe000 Uncommon trap: reason=class_check action=maybe_recompile pc=0x0000000002f0f3b8 method=java.util.concurrent.ConcurrentHashMap$Traverser.advance()Ljava/util/concurrent/ConcurrentHashMap$Node; @ 88
Event: 11.964 Thread 0x00000000021fe000 Uncommon trap: reason=class_check action=maybe_recompile pc=0x0000000002f0f3b8 method=java.util.concurrent.ConcurrentHashMap$Traverser.advance()Ljava/util/concurrent/ConcurrentHashMap$Node; @ 88
Event: 11.980 Thread 0x00000000021fe000 Uncommon trap: reason=class_check action=maybe_recompile pc=0x0000000002f0f3b8 method=java.util.concurrent.ConcurrentHashMap$Traverser.advance()Ljava/util/concurrent/ConcurrentHashMap$Node; @ 88
Event: 11.998 Thread 0x00000000021fe000 Uncommon trap: reason=class_check action=maybe_recompile pc=0x0000000002f08114 method=java.util.concurrent.ConcurrentHashMap$Traverser.advance()Ljava/util/concurrent/ConcurrentHashMap$Node; @ 88
Event: 12.032 Thread 0x00000000021fe000 Uncommon trap: reason=class_check action=maybe_recompile pc=0x0000000002e6d830 method=java.util.concurrent.ConcurrentHashMap$Traverser.advance()Ljava/util/concurrent/ConcurrentHashMap$Node; @ 88
Event: 33.430 Thread 0x00000000021fe000 Uncommon trap: reason=unreached action=reinterpret pc=0x0000000002f1412c method=voxels.ChunkManager.ChunkManager.getActiveBlock(Lorg/lwjgl/util/vector/Vector3f;)B @ 27
Event: 33.567 Thread 0x00000000021fe000 Uncommon trap: reason=unreached action=reinterpret pc=0x0000000002efc040 method=voxels.ChunkManager.ChunkManager.getActiveBlock(Lorg/lwjgl/util/vector/Vector3f;)B @ 27

Internal exceptions (10 events):
Event: 1.439 Thread 0x00000000021fe000 Exception <a 'java/security/PrivilegedActionException'> (0x00000000d6062908) thrown at [C:\re\workspace\8-2-build-windows-amd64-cygwin\jdk8u11\648\hotspot\src\share\vm\prims\jvm.cpp, line 1248]
Event: 1.444 Thread 0x00000000021fe000 Exception <a 'java/security/PrivilegedActionException'> (0x00000000d6320000) thrown at [C:\re\workspace\8-2-build-windows-amd64-cygwin\jdk8u11\648\hotspot\src\share\vm\prims\jvm.cpp, line 1248]
Event: 1.444 Thread 0x000000001e4b9000 Exception <a 'java/security/PrivilegedActionException'> (0x00000000d6118860) thrown at [C:\re\workspace\8-2-build-windows-amd64-cygwin\jdk8u11\648\hotspot\src\share\vm\prims\jvm.cpp, line 1248]
Event: 1.445 Thread 0x000000001e4b9000 Exception <a 'java/security/PrivilegedActionException'> (0x00000000d611ad40) thrown at [C:\re\workspace\8-2-build-windows-amd64-cygwin\jdk8u11\648\hotspot\src\share\vm\prims\jvm.cpp, line 1248]
Event: 1.454 Thread 0x000000001e4b9000 Exception <a 'java/security/PrivilegedActionException'> (0x00000000d612d020) thrown at [C:\re\workspace\8-2-build-windows-amd64-cygwin\jdk8u11\648\hotspot\src\share\vm\prims\jvm.cpp, line 1248]
Event: 1.457 Thread 0x00000000021fe000 Exception <a 'java/security/PrivilegedActionException'> (0x00000000d63220b8) thrown at [C:\re\workspace\8-2-build-windows-amd64-cygwin\jdk8u11\648\hotspot\src\share\vm\prims\jvm.cpp, line 1248]
Event: 1.458 Thread 0x00000000021fe000 Exception <a 'java/security/PrivilegedActionException'> (0x00000000d6324ed8) thrown at [C:\re\workspace\8-2-build-windows-amd64-cygwin\jdk8u11\648\hotspot\src\share\vm\prims\jvm.cpp, line 1248]
Event: 1.458 Thread 0x00000000021fe000 Exception <a 'java/security/PrivilegedActionException'> (0x00000000d6327990) thrown at [C:\re\workspace\8-2-build-windows-amd64-cygwin\jdk8u11\648\hotspot\src\share\vm\prims\jvm.cpp, line 1248]
Event: 1.736 Thread 0x00000000021fe000 Exception <a 'java/security/PrivilegedActionException'> (0x00000000d6045870) thrown at [C:\re\workspace\8-2-build-windows-amd64-cygwin\jdk8u11\648\hotspot\src\share\vm\prims\jvm.cpp, line 1248]
Event: 2.203 Thread 0x00000000021fe000 Exception <a 'java/security/PrivilegedActionException'> (0x00000000d8e2d7e8) thrown at [C:\re\workspace\8-2-build-windows-amd64-cygwin\jdk8u11\648\hotspot\src\share\vm\prims\jvm.cpp, line 1248]

Events (10 events):
Event: 33.567 Thread 0x00000000021fe000 DEOPT PACKING pc=0x0000000002efc040 sp=0x000000000250f1a0
Event: 33.567 Thread 0x00000000021fe000 DEOPT UNPACKING pc=0x00000000028255af sp=0x000000000250f150 mode 2
Event: 35.100 Executing VM operation: ParallelGCFailedAllocation
Event: 35.109 Executing VM operation: ParallelGCFailedAllocation done
Event: 37.626 Executing VM operation: ParallelGCFailedAllocation
Event: 37.635 Executing VM operation: ParallelGCFailedAllocation done
Event: 40.409 Executing VM operation: ParallelGCFailedAllocation
Event: 40.417 Executing VM operation: ParallelGCFailedAllocation done
Event: 42.935 Executing VM operation: ParallelGCFailedAllocation
Event: 42.955 Executing VM operation: ParallelGCFailedAllocation done


Dynamic libraries:
0x000000013f8f0000 - 0x000000013f924000 	C:\Program Files\Java\jdk1.8.0_11\bin\java.exe
0x0000000077680000 - 0x0000000077829000 	C:\Windows\SYSTEM32\ntdll.dll
0x0000000077560000 - 0x000000007767f000 	C:\Windows\system32\kernel32.dll
0x000007fefd5b0000 - 0x000007fefd61c000 	C:\Windows\system32\KERNELBASE.dll
0x000007fefd850000 - 0x000007fefd92b000 	C:\Windows\system32\ADVAPI32.dll
0x000007fefdbf0000 - 0x000007fefdc8f000 	C:\Windows\system32\msvcrt.dll
0x000007fefdf90000 - 0x000007fefdfaf000 	C:\Windows\SYSTEM32\sechost.dll
0x000007feff860000 - 0x000007feff98d000 	C:\Windows\system32\RPCRT4.dll
0x0000000077460000 - 0x000000007755a000 	C:\Windows\system32\USER32.dll
0x000007fefdfb0000 - 0x000007fefe017000 	C:\Windows\system32\GDI32.dll
0x000007fefe370000 - 0x000007fefe37e000 	C:\Windows\system32\LPK.dll
0x000007feff330000 - 0x000007feff3f9000 	C:\Windows\system32\USP10.dll
0x000007fefbae0000 - 0x000007fefbcd4000 	C:\Windows\WinSxS\amd64_microsoft.windows.common-controls_6595b64144ccf1df_6.0.7601.17514_none_fa396087175ac9ac\COMCTL32.dll
0x000007fefdc90000 - 0x000007fefdd01000 	C:\Windows\system32\SHLWAPI.dll
0x000007feff400000 - 0x000007feff42e000 	C:\Windows\system32\IMM32.DLL
0x000007fefdd10000 - 0x000007fefde19000 	C:\Windows\system32\MSCTF.dll
0x0000000055c90000 - 0x0000000055d62000 	C:\Program Files\Java\jdk1.8.0_11\jre\bin\msvcr100.dll
0x0000000050610000 - 0x0000000050e3a000 	C:\Program Files\Java\jdk1.8.0_11\jre\bin\server\jvm.dll
0x000007fefb490000 - 0x000007fefb499000 	C:\Windows\system32\WSOCK32.dll
0x000007feff6d0000 - 0x000007feff71d000 	C:\Windows\system32\WS2_32.dll
0x000007feff320000 - 0x000007feff328000 	C:\Windows\system32\NSI.dll
0x000007fef86a0000 - 0x000007fef86db000 	C:\Windows\system32\WINMM.dll
0x0000000077850000 - 0x0000000077857000 	C:\Windows\system32\PSAPI.DLL
0x00000000663e0000 - 0x00000000663ef000 	C:\Program Files\Java\jdk1.8.0_11\jre\bin\verify.dll
0x0000000055de0000 - 0x0000000055e08000 	C:\Program Files\Java\jdk1.8.0_11\jre\bin\java.dll
0x0000000055dc0000 - 0x0000000055dd6000 	C:\Program Files\Java\jdk1.8.0_11\jre\bin\zip.dll
0x000007fefe590000 - 0x000007feff318000 	C:\Windows\system32\SHELL32.dll
0x000007fefe380000 - 0x000007fefe583000 	C:\Windows\system32\ole32.dll
0x000007fefd4a0000 - 0x000007fefd4af000 	C:\Windows\system32\profapi.dll
0x0000000180000000 - 0x0000000180051000 	C:\Users\otso\Documents\LWJGL\lwjgl-2.9.1\native\windows\lwjgl64.dll
0x000007fee4af0000 - 0x000007fee4c0d000 	C:\Windows\system32\OPENGL32.dll
0x000007fef51f0000 - 0x000007fef521d000 	C:\Windows\system32\GLU32.dll
0x000007fee49f0000 - 0x000007fee4ae1000 	C:\Windows\system32\DDRAW.dll
0x000007fefbfe0000 - 0x000007fefbfe8000 	C:\Windows\system32\DCIMAN32.dll
0x000007fefd930000 - 0x000007fefdb07000 	C:\Windows\system32\SETUPAPI.dll
0x000007fefd570000 - 0x000007fefd5a6000 	C:\Windows\system32\CFGMGR32.dll
0x000007fefdb10000 - 0x000007fefdbe7000 	C:\Windows\system32\OLEAUT32.dll
0x000007fefd6b0000 - 0x000007fefd6ca000 	C:\Windows\system32\DEVOBJ.dll
0x000007fefb650000 - 0x000007fefb668000 	C:\Windows\system32\dwmapi.dll
0x000007fefc560000 - 0x000007fefc56c000 	C:\Windows\system32\VERSION.dll
0x000007fefba30000 - 0x000007fefba86000 	C:\Windows\system32\uxtheme.dll
0x000007fefb420000 - 0x000007fefb431000 	C:\Program Files (x86)\Dexpot\hooxpot64.dll
0x000007fef7550000 - 0x000007fef7568000 	C:\Windows\system32\atig6pxx.dll
0x00000000681f0000 - 0x0000000069d30000 	C:\Windows\system32\atio6axx.dll
0x000007fefabb0000 - 0x000007fefacdf000 	C:\Windows\system32\atiadlxx.dll
0x000007fefc000000 - 0x000007fefc12c000 	C:\Windows\system32\PROPSYS.dll
0x000007fefd680000 - 0x000007fefd69e000 	C:\Windows\system32\USERENV.dll
0x000007fefc570000 - 0x000007fefc581000 	C:\Windows\system32\WTSAPI32.dll
0x000007fefab80000 - 0x000007fefaba7000 	C:\Windows\system32\IPHLPAPI.DLL
0x000007fefab60000 - 0x000007fefab6b000 	C:\Windows\system32\WINNSI.DLL
0x000007fefd640000 - 0x000007fefd67a000 	C:\Windows\system32\WINTRUST.dll
0x000007fefd6d0000 - 0x000007fefd83c000 	C:\Windows\system32\CRYPT32.dll
0x000007fefd490000 - 0x000007fefd49f000 	C:\Windows\system32\MSASN1.dll
0x000007fef4f20000 - 0x000007fef4f49000 	C:\Windows\system32\atig6txx.dll
0x000007fefd2f0000 - 0x000007fefd2ff000 	C:\Windows\system32\CRYPTBASE.dll
0x000007feff7c0000 - 0x000007feff859000 	C:\Windows\system32\CLBCatQ.DLL
0x000007fee38e0000 - 0x000007fee397c000 	C:\Windows\system32\mscms.dll
0x000007fee3ca0000 - 0x000007fee3ce2000 	C:\Windows\system32\icm32.dll
0x0000000053c80000 - 0x0000000053e16000 	C:\Program Files\Java\jdk1.8.0_11\jre\bin\awt.dll
0x0000000055c40000 - 0x0000000055c87000 	C:\Program Files\Java\jdk1.8.0_11\jre\bin\fontmanager.dll
0x000007fef4a90000 - 0x000007fef4c8f000 	C:\Windows\system32\d3d9.dll
0x000007fefb440000 - 0x000007fefb447000 	C:\Windows\system32\d3d8thk.dll
0x000007fef6110000 - 0x000007fef625b000 	C:\Windows\system32\aticfx64.dll
0x000007fefb3e0000 - 0x000007fefb401000 	C:\Windows\system32\atiu9p64.dll
0x000007fef42e0000 - 0x000007fef4a81000 	C:\Windows\system32\atiumd64.dll
0x000000006a630000 - 0x000000006ad67000 	C:\Windows\system32\atiumd6a.dll
0x0000000055da0000 - 0x0000000055dba000 	C:\Program Files\Java\jdk1.8.0_11\jre\bin\net.dll
0x000007fefcc30000 - 0x000007fefcc85000 	C:\Windows\system32\mswsock.dll
0x000007fefcc20000 - 0x000007fefcc27000 	C:\Windows\System32\wship6.dll
0x0000000055d80000 - 0x0000000055d91000 	C:\Program Files\Java\jdk1.8.0_11\jre\bin\nio.dll
0x0000000055bf0000 - 0x0000000055c31000 	C:\Program Files\Java\jdk1.8.0_11\jre\bin\t2k.dll
0x0000000055bc0000 - 0x0000000055bea000 	C:\Program Files\Java\jdk1.8.0_11\jre\bin\dcpr.dll
0x0000000072f00000 - 0x0000000072f0c000 	C:\Program Files\Java\jdk1.8.0_11\jre\bin\jsound.dll
0x0000000072f10000 - 0x0000000072f1b000 	C:\Program Files\Java\jdk1.8.0_11\jre\bin\jsoundds.dll
0x000007fef4d90000 - 0x000007fef4e18000 	C:\Windows\system32\DSOUND.dll
0x000007fefc530000 - 0x000007fefc55c000 	C:\Windows\system32\POWRPROF.dll
0x000007fefc290000 - 0x000007fefc2db000 	C:\Windows\system32\MMDevAPI.DLL
0x000007fee5040000 - 0x000007fee507b000 	C:\Windows\system32\wdmaud.drv
0x0000000072ef0000 - 0x0000000072ef6000 	C:\Windows\system32\ksuser.dll
0x000007fefbfd0000 - 0x000007fefbfd9000 	C:\Windows\system32\AVRT.dll
0x000007fef4d10000 - 0x000007fef4d5f000 	C:\Windows\system32\AUDIOSES.DLL
0x000007fefa8e0000 - 0x000007fefa8ea000 	C:\Windows\system32\msacm32.drv
0x000007fef51d0000 - 0x000007fef51e8000 	C:\Windows\system32\MSACM32.dll
0x000007fef8a50000 - 0x000007fef8a59000 	C:\Windows\system32\midimap.dll
0x000007fefcc90000 - 0x000007fefcca7000 	C:\Windows\system32\CRYPTSP.dll
0x000007fefc990000 - 0x000007fefc9d7000 	C:\Windows\system32\rsaenh.dll
0x000007fefa8c0000 - 0x000007fefa8d1000 	C:\Windows\system32\dhcpcsvc6.DLL
0x000007fefa8a0000 - 0x000007fefa8b8000 	C:\Windows\system32\dhcpcsvc.DLL
0x0000000066f40000 - 0x0000000066f68000 	C:\Users\otso\AppData\Local\Temp\liblz4-java7459897772615156944.so
0x000007fef5600000 - 0x000007fef5725000 	C:\Windows\system32\dbghelp.dll

VM Arguments:
jvm_args: -Dfile.encoding=UTF-8 -Djava.library.path=C:\Users\otso\Documents\LWJGL\lwjgl-2.9.1\native\windows 
java_command: voxels.Voxels
java_class_path (initial): C:\Users\otso\Documents\LWJGL\lwjgl-2.9.1\jar\jinput.jar;C:\Users\otso\Documents\LWJGL\lwjgl-2.9.1\jar\lwjgl.jar;C:\Users\otso\Documents\LWJGL\lwjgl-2.9.1\jar\lwjgl_util.jar;C:\Users\otso\Documents\Java libraries\slick-util.jar;C:\Users\otso\Documents\Java libraries\slick.jar;C:\Users\otso\Documents\NetBeansProjects\slick.jar;C:\Users\otso\Documents\NetBeansProjects\fst-1.55-onejar.jar;C:\Users\otso\Documents\Java libraries\compress-lzf-1.0.1-javadoc.jar;C:\Users\otso\Documents\Java libraries\compress-lzf-1.0.1.jar;C:\Users\otso\Documents\Java libraries\jorbis-0.0.17.jar;C:\Users\otso\Documents\Java libraries\tritonus_share.jar;C:\Users\otso\Documents\Java libraries\vorbisspi1.0.3.jar;D:\libraries\lz4-1.2.0.jar;C:\Users\otso\Documents\NetBeansProjects\Voxels\build\classes
Launcher Type: SUN_STANDARD

Environment Variables:
PATH=C:\ProgramData\Oracle\Java\javapath;C:\Program Files (x86)\NVIDIA Corporation\PhysX\Common;C:\Program Files (x86)\Intel\iCLS Client\;C:\Program Files\Intel\iCLS Client\;C:\Windows\system32;C:\Windows;C:\Windows\System32\Wbem;C:\Windows\System32\WindowsPowerShell\v1.0\;C:\Program Files\Intel\Intel(R) Management Engine Components\DAL;C:\Program Files (x86)\Intel\Intel(R) Management Engine Components\DAL;C:\Program Files\Intel\Intel(R) Management Engine Components\IPT;C:\Program Files (x86)\Intel\Intel(R) Management Engine Components\IPT;C:\Program Files (x86)\ATI Technologies\ATI.ACE\Core-Static;C:\cygwin\bin;C:\Program Files (x86)\Windows Kits\8.1\Windows Performance Toolkit\;C:\Program Files\Microsoft SQL Server\110\Tools\Binn\
USERNAME=otso
OS=Windows_NT
PROCESSOR_IDENTIFIER=Intel64 Family 6 Model 60 Stepping 3, GenuineIntel



---------------  S Y S T E M  ---------------

OS: Windows 7 , 64 bit Build 7601 Service Pack 1

CPU:total 8 (4 cores per cpu, 2 threads per core) family 6 model 60 stepping 3, cmov, cx8, fxsr, mmx, sse, sse2, sse3, ssse3, sse4.1, sse4.2, popcnt, avx, avx2, aes, clmul, erms, ht, tsc, tscinvbit

Memory: 4k page, physical 8263612k(2435820k free), swap 16525360k(9432872k free)

vm_info: Java HotSpot(TM) 64-Bit Server VM (25.11-b03) for windows-amd64 JRE (1.8.0_11-b12), built on Jun 16 2014 20:57:32 by "java_re" with MS VC++ 10.0 (VS2010)

time: Mon Oct 13 16:33:16 2014
elapsed time: 43 seconds

