#
# A fatal error has been detected by the Java Runtime Environment:
#
#  EXCEPTION_ACCESS_VIOLATION (0xc0000005) at pc=0x0000000068d9d0a7, pid=6476, tid=5412
#
# JRE version: Java(TM) SE Runtime Environment (8.0_11-b12) (build 1.8.0_11-b12)
# Java VM: Java HotSpot(TM) 64-Bit Server VM (25.11-b03 mixed mode windows-amd64 compressed oops)
# Problematic frame:
# C  [atio6axx.dll+0xbad0a7]
#
# Failed to write core dump. Minidumps are not enabled by default on client versions of Windows
#
# If you would like to submit a bug report, please visit:
#   http://bugreport.sun.com/bugreport/crash.jsp
# The crash happened outside the Java Virtual Machine in native code.
# See problematic frame for where to report the bug.
#

---------------  T H R E A D  ---------------

Current thread (0x000000000220e000):  JavaThread "main" [_thread_in_native, id=5412, stack(0x0000000002530000,0x0000000002630000)]

siginfo: ExceptionCode=0xc0000005, reading address 0x000000011a869000

Registers:
RAX=0xfffffffffff82180, RBX=0x000000011a869060, RCX=0x0000000000000fa5, RDX=0x000000011a8683d0
RSP=0x000000000262f0f0, RBP=0x0000000000000050, RSI=0x0000000022424c50, RDI=0x000000000007dee0
R8 =0x0000000000000010, R9 =0x00000000681f0000, R10=0x0000000022423fc0, R11=0x0000000022423fc0
R12=0x000000000000000f, R13=0x0000000000000000, R14=0x000000000000000d, R15=0x000000000262f2c8
RIP=0x0000000068d9d0a7, EFLAGS=0x0000000000010207

Top of Stack: (sp=0x000000000262f0f0)
0x000000000262f0f0:   0000000000000000 0000000000000000
0x000000000262f100:   000000000262f2c8 000000000000000d
0x000000000262f110:   000000001c98e308 0000000068c4038e
0x000000000262f120:   000000000007dee0 000000000007dee0
0x000000000262f130:   000000000262f220 0000000100000001
0x000000000262f140:   0000000000000001 ffffffffffffffff
0x000000000262f150:   0000000000000000 0000000000000000
0x000000000262f160:   0000000200000015 0000000000000001
0x000000000262f170:   0000000100000001 0000000200000000
0x000000000262f180:   0000000000000001 0000000000000000
0x000000000262f190:   0000000000000000 0000000000000000
0x000000000262f1a0:   0000000000000000 0000000000000000
0x000000000262f1b0:   0000000000000000 0000000000000000
0x000000000262f1c0:   0000000000000000 0000000000000000
0x000000000262f1d0:   000000000262f200 0000000000000000
0x000000000262f1e0:   000000000262f291 0000000068c46839 

Instructions: (pc=0x0000000068d9d0a7)
0x0000000068d9d087:   c1 48 6b c0 80 48 03 e8 90 0f 28 03 48 83 ee 80
0x0000000068d9d097:   48 83 eb 80 0f 2b 46 80 0f 28 43 90 0f 2b 46 90
0x0000000068d9d0a7:   0f 28 43 a0 0f 2b 46 a0 0f 28 43 b0 0f 2b 46 b0
0x0000000068d9d0b7:   0f 28 43 c0 0f 2b 46 c0 0f 28 43 d0 0f 2b 46 d0 


Register to memory mapping:

RAX=0xfffffffffff82180 is an unknown value
RBX=0x000000011a869060 is an unknown value
RCX=0x0000000000000fa5 is an unknown value
RDX=0x000000011a8683d0 is an unknown value
RSP=0x000000000262f0f0 is pointing into the stack for thread: 0x000000000220e000
RBP=0x0000000000000050 is an unknown value
RSI=0x0000000022424c50 is an unknown value
RDI=0x000000000007dee0 is an unknown value
R8 =0x0000000000000010 is an unknown value
R9 =0x00000000681f0000 is an unknown value
R10=0x0000000022423fc0 is an unknown value
R11=0x0000000022423fc0 is an unknown value
R12=0x000000000000000f is an unknown value
R13=0x0000000000000000 is an unknown value
R14=0x000000000000000d is an unknown value
R15=0x000000000262f2c8 is pointing into the stack for thread: 0x000000000220e000


Stack: [0x0000000002530000,0x0000000002630000],  sp=0x000000000262f0f0,  free space=1020k
Native frames: (J=compiled Java code, j=interpreted, Vv=VM code, C=native code)
C  [atio6axx.dll+0xbad0a7]
C  [atio6axx.dll+0xa5038e]
C  [atio6axx.dll+0xa0b3c6]
C  [atio6axx.dll+0xa0ad48]
C  [atio6axx.dll+0x9efaae]
C  [atio6axx.dll+0x133129]
C  [atio6axx.dll+0x62271b]
C  0x0000000002e5229c

Java frames: (J=compiled Java code, j=interpreted, Vv=VM code)
J 1702  org.lwjgl.opengl.GL15.nglBufferData(IJJIJ)V (0 bytes) @ 0x0000000002e52216 [0x0000000002e521c0+0x56]
J 2117 C2 voxels.ChunkManager.WaterHandler.createVBO()V (1216 bytes) @ 0x000000000307890c [0x00000000030770a0+0x186c]
J 2107 C2 voxels.ChunkManager.WaterHandler.simulateWaters()V (1438 bytes) @ 0x000000000305ebb4 [0x000000000305bf40+0x2c74]
J 2144% C1 voxels.Voxels.gameLoop()V (234 bytes) @ 0x000000000308c9ec [0x000000000308ad20+0x1ccc]
j  voxels.Voxels.main([Ljava/lang/String;)V+24
v  ~StubRoutines::call_stub

---------------  P R O C E S S  ---------------

Java Threads: ( => current thread )
  0x0000000018e5b800 JavaThread "LWJGL Timer" daemon [_thread_blocked, id=5368, stack(0x000000001ff90000,0x0000000020090000)]
  0x0000000018e5a800 JavaThread "Thread-208" [_thread_blocked, id=3020, stack(0x000000001c470000,0x000000001c570000)]
  0x0000000018e59000 JavaThread "Thread-7" [_thread_blocked, id=5576, stack(0x000000001c200000,0x000000001c300000)]
  0x0000000018e5a000 JavaThread "Thread-4" [_thread_in_Java, id=6028, stack(0x000000001c0c0000,0x000000001c1c0000)]
  0x000000001df34800 JavaThread "Thread-3" daemon [_thread_blocked, id=6120, stack(0x00000000216c0000,0x00000000217c0000)]
  0x000000001e0a1800 JavaThread "Java Sound Event Dispatcher" daemon [_thread_blocked, id=1576, stack(0x00000000215b0000,0x00000000216b0000)]
  0x000000001dd6b000 JavaThread "AWT-Windows" daemon [_thread_in_native, id=6504, stack(0x000000001eb60000,0x000000001ec60000)]
  0x000000001dd61000 JavaThread "Java2D Disposer" daemon [_thread_blocked, id=3900, stack(0x000000001e990000,0x000000001ea90000)]
  0x0000000018d4b800 JavaThread "Service Thread" daemon [_thread_blocked, id=4592, stack(0x000000001ab60000,0x000000001ac60000)]
  0x0000000018cd2000 JavaThread "C1 CompilerThread3" daemon [_thread_blocked, id=6984, stack(0x000000001a920000,0x000000001aa20000)]
  0x0000000018cd0800 JavaThread "C2 CompilerThread2" daemon [_thread_blocked, id=6904, stack(0x000000001a6e0000,0x000000001a7e0000)]
  0x0000000018ccf000 JavaThread "C2 CompilerThread1" daemon [_thread_blocked, id=6000, stack(0x0000000019d70000,0x0000000019e70000)]
  0x0000000018cc8000 JavaThread "C2 CompilerThread0" daemon [_thread_blocked, id=4188, stack(0x000000001a4f0000,0x000000001a5f0000)]
  0x0000000018cc6000 JavaThread "Attach Listener" daemon [_thread_blocked, id=3176, stack(0x000000001a1a0000,0x000000001a2a0000)]
  0x0000000018cc4800 JavaThread "Signal Dispatcher" daemon [_thread_blocked, id=4260, stack(0x000000001a2b0000,0x000000001a3b0000)]
  0x0000000017afe800 JavaThread "Finalizer" daemon [_thread_blocked, id=7128, stack(0x000000001a080000,0x000000001a180000)]
  0x0000000017af1800 JavaThread "Reference Handler" daemon [_thread_blocked, id=2672, stack(0x0000000019ef0000,0x0000000019ff0000)]
=>0x000000000220e000 JavaThread "main" [_thread_in_native, id=5412, stack(0x0000000002530000,0x0000000002630000)]

Other Threads:
  0x0000000018c71800 VMThread [stack: 0x0000000019c60000,0x0000000019d60000] [id=5452]
  0x0000000018d50800 WatcherThread [stack: 0x000000001aa60000,0x000000001ab60000] [id=6044]

VM state:not at safepoint (normal execution)

VM Mutex/Monitor currently owned by a thread: None

Heap:
 PSYoungGen      total 674304K, used 8355K [0x00000000d5f80000, 0x00000000fff80000, 0x0000000100000000)
  eden space 661504K, 0% used [0x00000000d5f80000,0x00000000d5fab880,0x00000000fe580000)
  from space 12800K, 63% used [0x00000000fe580000,0x00000000fed7d3c0,0x00000000ff200000)
  to   space 12288K, 0% used [0x00000000ff380000,0x00000000ff380000,0x00000000fff80000)
 ParOldGen       total 149504K, used 129632K [0x0000000081e00000, 0x000000008b000000, 0x00000000d5f80000)
  object space 149504K, 86% used [0x0000000081e00000,0x0000000089c98378,0x000000008b000000)
 Metaspace       used 12381K, capacity 12787K, committed 12928K, reserved 1060864K
  class space    used 1288K, capacity 1398K, committed 1408K, reserved 1048576K

Card table byte_map: [0x0000000011cc0000,0x00000000120c0000] byte_map_base: 0x00000000118b1000

Marking Bits: (ParMarkBitMap*) 0x0000000050e712b0
 Begin Bits: [0x0000000012e00000, 0x0000000014d88000)
 End Bits:   [0x0000000014d88000, 0x0000000016d10000)

Polling page: 0x0000000000430000

CodeCache: size=245760Kb used=8042Kb max_used=8056Kb free=237717Kb
 bounds [0x0000000002900000, 0x00000000030f0000, 0x0000000011900000]
 total_blobs=2790 nmethods=2193 adapters=511
 compilation: enabled

Compilation events (10 events):
Event: 102.640 Thread 0x0000000018cd2000 2191       3       com.sun.media.sound.DirectAudioDevice::access$2000 (6 bytes)
Event: 102.640 Thread 0x0000000018cd2000 nmethod 2191 0x00000000030b1810 code [0x00000000030b1980, 0x00000000030b1ae8]
Event: 106.408 Thread 0x0000000018cd0800 2192       4       java.util.HashMap$HashIterator::<init> (79 bytes)
Event: 106.409 Thread 0x0000000018cd0800 nmethod 2192 0x00000000030be0d0 code [0x00000000030be200, 0x00000000030be2b8]
Event: 107.183 Thread 0x0000000018cc8000 2193       4       java.util.HashMap::values (27 bytes)
Event: 107.183 Thread 0x0000000018cc8000 nmethod 2193 0x00000000030b15d0 code [0x00000000030b1700, 0x00000000030b1778]
Event: 108.347 Thread 0x0000000018ccf000 2194   !   4       org.lwjgl.opengl.Sync::sync (125 bytes)
Event: 108.357 Thread 0x0000000018ccf000 nmethod 2194 0x00000000030cae90 code [0x00000000030cb120, 0x00000000030cbcd0]
Event: 111.699 Thread 0x0000000018cd0800 2195       4       voxels.Camera.EulerCamera::processKeyboard (996 bytes)
Event: 111.721 Thread 0x0000000018cd0800 nmethod 2195 0x00000000030e3290 code [0x00000000030e3680, 0x00000000030e6200]

GC Heap History (10 events):
Event: 73.031 GC heap before
{Heap before GC invocations=52 (full 1):
 PSYoungGen      total 671744K, used 665636K [0x00000000d5f80000, 0x00000000ffe80000, 0x0000000100000000)
  eden space 657408K, 100% used [0x00000000d5f80000,0x00000000fe180000,0x00000000fe180000)
  from space 14336K, 57% used [0x00000000ff080000,0x00000000ff8893b0,0x00000000ffe80000)
  to   space 14848K, 0% used [0x00000000fe180000,0x00000000fe180000,0x00000000ff000000)
 ParOldGen       total 149504K, used 129632K [0x0000000081e00000, 0x000000008b000000, 0x00000000d5f80000)
  object space 149504K, 86% used [0x0000000081e00000,0x0000000089c98378,0x000000008b000000)
 Metaspace       used 12381K, capacity 12787K, committed 12928K, reserved 1060864K
  class space    used 1288K, capacity 1398K, committed 1408K, reserved 1048576K
Event: 73.036 GC heap after
Heap after GC invocations=52 (full 1):
 PSYoungGen      total 672256K, used 8139K [0x00000000d5f80000, 0x00000000fff80000, 0x0000000100000000)
  eden space 657408K, 0% used [0x00000000d5f80000,0x00000000d5f80000,0x00000000fe180000)
  from space 14848K, 54% used [0x00000000fe180000,0x00000000fe972ec0,0x00000000ff000000)
  to   space 14336K, 0% used [0x00000000ff180000,0x00000000ff180000,0x00000000fff80000)
 ParOldGen       total 149504K, used 129632K [0x0000000081e00000, 0x000000008b000000, 0x00000000d5f80000)
  object space 149504K, 86% used [0x0000000081e00000,0x0000000089c98378,0x000000008b000000)
 Metaspace       used 12381K, capacity 12787K, committed 12928K, reserved 1060864K
  class space    used 1288K, capacity 1398K, committed 1408K, reserved 1048576K
}
Event: 81.624 GC heap before
{Heap before GC invocations=53 (full 1):
 PSYoungGen      total 672256K, used 665547K [0x00000000d5f80000, 0x00000000fff80000, 0x0000000100000000)
  eden space 657408K, 100% used [0x00000000d5f80000,0x00000000fe180000,0x00000000fe180000)
  from space 14848K, 54% used [0x00000000fe180000,0x00000000fe972ec0,0x00000000ff000000)
  to   space 14336K, 0% used [0x00000000ff180000,0x00000000ff180000,0x00000000fff80000)
 ParOldGen       total 149504K, used 129632K [0x0000000081e00000, 0x000000008b000000, 0x00000000d5f80000)
  object space 149504K, 86% used [0x0000000081e00000,0x0000000089c98378,0x000000008b000000)
 Metaspace       used 12381K, capacity 12787K, committed 12928K, reserved 1060864K
  class space    used 1288K, capacity 1398K, committed 1408K, reserved 1048576K
Event: 81.635 GC heap after
Heap after GC invocations=53 (full 1):
 PSYoungGen      total 672768K, used 8292K [0x00000000d5f80000, 0x00000000ffe80000, 0x0000000100000000)
  eden space 659456K, 0% used [0x00000000d5f80000,0x00000000d5f80000,0x00000000fe380000)
  from space 13312K, 62% used [0x00000000ff180000,0x00000000ff9993b0,0x00000000ffe80000)
  to   space 13824K, 0% used [0x00000000fe380000,0x00000000fe380000,0x00000000ff100000)
 ParOldGen       total 149504K, used 129632K [0x0000000081e00000, 0x000000008b000000, 0x00000000d5f80000)
  object space 149504K, 86% used [0x0000000081e00000,0x0000000089c98378,0x000000008b000000)
 Metaspace       used 12381K, capacity 12787K, committed 12928K, reserved 1060864K
  class space    used 1288K, capacity 1398K, committed 1408K, reserved 1048576K
}
Event: 94.142 GC heap before
{Heap before GC invocations=54 (full 1):
 PSYoungGen      total 672768K, used 667748K [0x00000000d5f80000, 0x00000000ffe80000, 0x0000000100000000)
  eden space 659456K, 100% used [0x00000000d5f80000,0x00000000fe380000,0x00000000fe380000)
  from space 13312K, 62% used [0x00000000ff180000,0x00000000ff9993b0,0x00000000ffe80000)
  to   space 13824K, 0% used [0x00000000fe380000,0x00000000fe380000,0x00000000ff100000)
 ParOldGen       total 149504K, used 129632K [0x0000000081e00000, 0x000000008b000000, 0x00000000d5f80000)
  object space 149504K, 86% used [0x0000000081e00000,0x0000000089c98378,0x000000008b000000)
 Metaspace       used 12381K, capacity 12787K, committed 12928K, reserved 1060864K
  class space    used 1288K, capacity 1398K, committed 1408K, reserved 1048576K
Event: 94.146 GC heap after
Heap after GC invocations=54 (full 1):
 PSYoungGen      total 673280K, used 8164K [0x00000000d5f80000, 0x00000000fff80000, 0x0000000100000000)
  eden space 659456K, 0% used [0x00000000d5f80000,0x00000000d5f80000,0x00000000fe380000)
  from space 13824K, 59% used [0x00000000fe380000,0x00000000feb793b0,0x00000000ff100000)
  to   space 13312K, 0% used [0x00000000ff280000,0x00000000ff280000,0x00000000fff80000)
 ParOldGen       total 149504K, used 129632K [0x0000000081e00000, 0x000000008b000000, 0x00000000d5f80000)
  object space 149504K, 86% used [0x0000000081e00000,0x0000000089c98378,0x000000008b000000)
 Metaspace       used 12381K, capacity 12787K, committed 12928K, reserved 1060864K
  class space    used 1288K, capacity 1398K, committed 1408K, reserved 1048576K
}
Event: 106.748 GC heap before
{Heap before GC invocations=55 (full 1):
 PSYoungGen      total 673280K, used 667620K [0x00000000d5f80000, 0x00000000fff80000, 0x0000000100000000)
  eden space 659456K, 100% used [0x00000000d5f80000,0x00000000fe380000,0x00000000fe380000)
  from space 13824K, 59% used [0x00000000fe380000,0x00000000feb793b0,0x00000000ff100000)
  to   space 13312K, 0% used [0x00000000ff280000,0x00000000ff280000,0x00000000fff80000)
 ParOldGen       total 149504K, used 129632K [0x0000000081e00000, 0x000000008b000000, 0x00000000d5f80000)
  object space 149504K, 86% used [0x0000000081e00000,0x0000000089c98378,0x000000008b000000)
 Metaspace       used 12381K, capacity 12787K, committed 12928K, reserved 1060864K
  class space    used 1288K, capacity 1398K, committed 1408K, reserved 1048576K
Event: 106.758 GC heap after
Heap after GC invocations=55 (full 1):
 PSYoungGen      total 673792K, used 8260K [0x00000000d5f80000, 0x00000000ffe80000, 0x0000000100000000)
  eden space 661504K, 0% used [0x00000000d5f80000,0x00000000d5f80000,0x00000000fe580000)
  from space 12288K, 67% used [0x00000000ff280000,0x00000000ffa913b0,0x00000000ffe80000)
  to   space 12800K, 0% used [0x00000000fe580000,0x00000000fe580000,0x00000000ff200000)
 ParOldGen       total 149504K, used 129632K [0x0000000081e00000, 0x000000008b000000, 0x00000000d5f80000)
  object space 149504K, 86% used [0x0000000081e00000,0x0000000089c98378,0x000000008b000000)
 Metaspace       used 12381K, capacity 12787K, committed 12928K, reserved 1060864K
  class space    used 1288K, capacity 1398K, committed 1408K, reserved 1048576K
}
Event: 119.460 GC heap before
{Heap before GC invocations=56 (full 1):
 PSYoungGen      total 673792K, used 669764K [0x00000000d5f80000, 0x00000000ffe80000, 0x0000000100000000)
  eden space 661504K, 100% used [0x00000000d5f80000,0x00000000fe580000,0x00000000fe580000)
  from space 12288K, 67% used [0x00000000ff280000,0x00000000ffa913b0,0x00000000ffe80000)
  to   space 12800K, 0% used [0x00000000fe580000,0x00000000fe580000,0x00000000ff200000)
 ParOldGen       total 149504K, used 129632K [0x0000000081e00000, 0x000000008b000000, 0x00000000d5f80000)
  object space 149504K, 86% used [0x0000000081e00000,0x0000000089c98378,0x000000008b000000)
 Metaspace       used 12381K, capacity 12787K, committed 12928K, reserved 1060864K
  class space    used 1288K, capacity 1398K, committed 1408K, reserved 1048576K
Event: 119.464 GC heap after
Heap after GC invocations=56 (full 1):
 PSYoungGen      total 674304K, used 8180K [0x00000000d5f80000, 0x00000000fff80000, 0x0000000100000000)
  eden space 661504K, 0% used [0x00000000d5f80000,0x00000000d5f80000,0x00000000fe580000)
  from space 12800K, 63% used [0x00000000fe580000,0x00000000fed7d3c0,0x00000000ff200000)
  to   space 12288K, 0% used [0x00000000ff380000,0x00000000ff380000,0x00000000fff80000)
 ParOldGen       total 149504K, used 129632K [0x0000000081e00000, 0x000000008b000000, 0x00000000d5f80000)
  object space 149504K, 86% used [0x0000000081e00000,0x0000000089c98378,0x000000008b000000)
 Metaspace       used 12381K, capacity 12787K, committed 12928K, reserved 1060864K
  class space    used 1288K, capacity 1398K, committed 1408K, reserved 1048576K
}

Deoptimization events (10 events):
Event: 1.446 Thread 0x000000000220e000 Uncommon trap: reason=array_check action=maybe_recompile pc=0x0000000002d9e7d8 method=de.ruedigermoeller.serialization.FSTObjectInput.readArray(Lde/ruedigermoeller/serialization/FSTClazzInfo$FSTFieldInfo;)Ljava/lang/Object; @ 711
Event: 1.446 Thread 0x000000000220e000 Uncommon trap: reason=array_check action=maybe_recompile pc=0x0000000002d9e7d8 method=de.ruedigermoeller.serialization.FSTObjectInput.readArray(Lde/ruedigermoeller/serialization/FSTClazzInfo$FSTFieldInfo;)Ljava/lang/Object; @ 711
Event: 1.446 Thread 0x000000000220e000 Uncommon trap: reason=array_check action=maybe_recompile pc=0x0000000002d9e7d8 method=de.ruedigermoeller.serialization.FSTObjectInput.readArray(Lde/ruedigermoeller/serialization/FSTClazzInfo$FSTFieldInfo;)Ljava/lang/Object; @ 711
Event: 1.446 Thread 0x000000000220e000 Uncommon trap: reason=array_check action=maybe_recompile pc=0x0000000002d9e7d8 method=de.ruedigermoeller.serialization.FSTObjectInput.readArray(Lde/ruedigermoeller/serialization/FSTClazzInfo$FSTFieldInfo;)Ljava/lang/Object; @ 711
Event: 1.482 Thread 0x000000000220e000 Uncommon trap: reason=null_assert action=make_not_entrant pc=0x0000000002d3cc44 method=java.util.concurrent.ConcurrentHashMap.putVal(Ljava/lang/Object;Ljava/lang/Object;Z)Ljava/lang/Object; @ 264
Event: 1.493 Thread 0x000000000220e000 Uncommon trap: reason=unloaded action=reinterpret pc=0x0000000002d3b6ac method=voxels.Voxels.gameLoop()V @ 130
Event: 1.938 Thread 0x0000000018e5c000 Uncommon trap: reason=unreached action=reinterpret pc=0x0000000002df3c6c method=java.util.concurrent.ConcurrentHashMap.addCount(JI)V @ 7
Event: 1.939 Thread 0x0000000018e5d800 Uncommon trap: reason=unreached action=reinterpret pc=0x0000000002cea4d8 method=java.util.concurrent.ConcurrentHashMap.sumCount()J @ 11
Event: 8.647 Thread 0x000000000220e000 Uncommon trap: reason=null_assert action=make_not_entrant pc=0x0000000002f47d38 method=java.util.concurrent.ConcurrentHashMap$Traverser.advance()Ljava/util/concurrent/ConcurrentHashMap$Node; @ 142
Event: 8.647 Thread 0x000000000220e000 Uncommon trap: reason=null_assert action=make_not_entrant pc=0x0000000002f230cc method=java.util.concurrent.ConcurrentHashMap$Traverser.advance()Ljava/util/concurrent/ConcurrentHashMap$Node; @ 142

Internal exceptions (10 events):
Event: 1.493 Thread 0x000000000220e000 Exception <a 'java/security/PrivilegedActionException'> (0x00000000d6db60c8) thrown at [C:\re\workspace\8-2-build-windows-amd64-cygwin\jdk8u11\648\hotspot\src\share\vm\prims\jvm.cpp, line 1248]
Event: 1.498 Thread 0x000000000220e000 Exception <a 'java/security/PrivilegedActionException'> (0x00000000d6dcfc50) thrown at [C:\re\workspace\8-2-build-windows-amd64-cygwin\jdk8u11\648\hotspot\src\share\vm\prims\jvm.cpp, line 1248]
Event: 1.499 Thread 0x0000000018e59000 Exception <a 'java/security/PrivilegedActionException'> (0x00000000d6e8c998) thrown at [C:\re\workspace\8-2-build-windows-amd64-cygwin\jdk8u11\648\hotspot\src\share\vm\prims\jvm.cpp, line 1248]
Event: 1.499 Thread 0x0000000018e59000 Exception <a 'java/security/PrivilegedActionException'> (0x00000000d6e8ee78) thrown at [C:\re\workspace\8-2-build-windows-amd64-cygwin\jdk8u11\648\hotspot\src\share\vm\prims\jvm.cpp, line 1248]
Event: 1.504 Thread 0x000000000220e000 Exception <a 'java/security/PrivilegedActionException'> (0x00000000d6dd1ce8) thrown at [C:\re\workspace\8-2-build-windows-amd64-cygwin\jdk8u11\648\hotspot\src\share\vm\prims\jvm.cpp, line 1248]
Event: 1.504 Thread 0x000000000220e000 Exception <a 'java/security/PrivilegedActionException'> (0x00000000d6dd4b08) thrown at [C:\re\workspace\8-2-build-windows-amd64-cygwin\jdk8u11\648\hotspot\src\share\vm\prims\jvm.cpp, line 1248]
Event: 1.505 Thread 0x000000000220e000 Exception <a 'java/security/PrivilegedActionException'> (0x00000000d6dd75c0) thrown at [C:\re\workspace\8-2-build-windows-amd64-cygwin\jdk8u11\648\hotspot\src\share\vm\prims\jvm.cpp, line 1248]
Event: 1.506 Thread 0x0000000018e59000 Exception <a 'java/security/PrivilegedActionException'> (0x00000000d7168f00) thrown at [C:\re\workspace\8-2-build-windows-amd64-cygwin\jdk8u11\648\hotspot\src\share\vm\prims\jvm.cpp, line 1248]
Event: 1.986 Thread 0x000000000220e000 Exception <a 'java/security/PrivilegedActionException'> (0x00000000d67716f0) thrown at [C:\re\workspace\8-2-build-windows-amd64-cygwin\jdk8u11\648\hotspot\src\share\vm\prims\jvm.cpp, line 1248]
Event: 8.506 Thread 0x000000000220e000 Exception <a 'java/security/PrivilegedActionException'> (0x00000000e157a700) thrown at [C:\re\workspace\8-2-build-windows-amd64-cygwin\jdk8u11\648\hotspot\src\share\vm\prims\jvm.cpp, line 1248]

Events (10 events):
Event: 73.021 Executing VM operation: ParallelGCFailedAllocation
Event: 73.036 Executing VM operation: ParallelGCFailedAllocation done
Event: 81.624 Executing VM operation: ParallelGCFailedAllocation
Event: 81.635 Executing VM operation: ParallelGCFailedAllocation done
Event: 94.142 Executing VM operation: ParallelGCFailedAllocation
Event: 94.146 Executing VM operation: ParallelGCFailedAllocation done
Event: 106.748 Executing VM operation: ParallelGCFailedAllocation
Event: 106.758 Executing VM operation: ParallelGCFailedAllocation done
Event: 119.460 Executing VM operation: ParallelGCFailedAllocation
Event: 119.464 Executing VM operation: ParallelGCFailedAllocation done


Dynamic libraries:
0x000000013f1e0000 - 0x000000013f214000 	C:\Program Files\Java\jdk1.8.0_11\bin\java.exe
0x0000000077140000 - 0x00000000772e9000 	C:\Windows\SYSTEM32\ntdll.dll
0x0000000076f20000 - 0x000000007703f000 	C:\Windows\system32\kernel32.dll
0x000007fefd280000 - 0x000007fefd2ec000 	C:\Windows\system32\KERNELBASE.dll
0x000007fefe530000 - 0x000007fefe60b000 	C:\Windows\system32\ADVAPI32.dll
0x000007fefe610000 - 0x000007fefe6af000 	C:\Windows\system32\msvcrt.dll
0x000007fefe500000 - 0x000007fefe51f000 	C:\Windows\SYSTEM32\sechost.dll
0x000007fefe730000 - 0x000007fefe85d000 	C:\Windows\system32\RPCRT4.dll
0x0000000077040000 - 0x000000007713a000 	C:\Windows\system32\USER32.dll
0x000007fefefc0000 - 0x000007feff027000 	C:\Windows\system32\GDI32.dll
0x000007fefe520000 - 0x000007fefe52e000 	C:\Windows\system32\LPK.dll
0x000007fefed10000 - 0x000007fefedd9000 	C:\Windows\system32\USP10.dll
0x000007fefb5a0000 - 0x000007fefb794000 	C:\Windows\WinSxS\amd64_microsoft.windows.common-controls_6595b64144ccf1df_6.0.7601.17514_none_fa396087175ac9ac\COMCTL32.dll
0x000007fefe0a0000 - 0x000007fefe111000 	C:\Windows\system32\SHLWAPI.dll
0x000007fefe8b0000 - 0x000007fefe8de000 	C:\Windows\system32\IMM32.DLL
0x000007fefe3f0000 - 0x000007fefe4f9000 	C:\Windows\system32\MSCTF.dll
0x000000006e5c0000 - 0x000000006e692000 	C:\Program Files\Java\jdk1.8.0_11\jre\bin\msvcr100.dll
0x00000000506c0000 - 0x0000000050eea000 	C:\Program Files\Java\jdk1.8.0_11\jre\bin\server\jvm.dll
0x000007fefaf30000 - 0x000007fefaf39000 	C:\Windows\system32\WSOCK32.dll
0x000007fefe860000 - 0x000007fefe8ad000 	C:\Windows\system32\WS2_32.dll
0x000007fefe8e0000 - 0x000007fefe8e8000 	C:\Windows\system32\NSI.dll
0x000007fef5320000 - 0x000007fef535b000 	C:\Windows\system32\WINMM.dll
0x0000000077300000 - 0x0000000077307000 	C:\Windows\system32\PSAPI.DLL
0x000000006e730000 - 0x000000006e73f000 	C:\Program Files\Java\jdk1.8.0_11\jre\bin\verify.dll
0x000000006e700000 - 0x000000006e728000 	C:\Program Files\Java\jdk1.8.0_11\jre\bin\java.dll
0x000000006e6e0000 - 0x000000006e6f6000 	C:\Program Files\Java\jdk1.8.0_11\jre\bin\zip.dll
0x000007fefd310000 - 0x000007fefe098000 	C:\Windows\system32\SHELL32.dll
0x000007fefe990000 - 0x000007fefeb93000 	C:\Windows\system32\ole32.dll
0x000007fefcf60000 - 0x000007fefcf6f000 	C:\Windows\system32\profapi.dll
0x0000000180000000 - 0x0000000180051000 	C:\Users\otso\Documents\LWJGL\lwjgl-2.9.1\native\windows\lwjgl64.dll
0x000007fee4220000 - 0x000007fee433d000 	C:\Windows\system32\OPENGL32.dll
0x000007fef8c10000 - 0x000007fef8c3d000 	C:\Windows\system32\GLU32.dll
0x000007fee5610000 - 0x000007fee5701000 	C:\Windows\system32\DDRAW.dll
0x000007fefaf40000 - 0x000007fefaf48000 	C:\Windows\system32\DCIMAN32.dll
0x000007fefede0000 - 0x000007fefefb7000 	C:\Windows\system32\SETUPAPI.dll
0x000007fefd0e0000 - 0x000007fefd116000 	C:\Windows\system32\CFGMGR32.dll
0x000007feff130000 - 0x000007feff207000 	C:\Windows\system32\OLEAUT32.dll
0x000007fefd180000 - 0x000007fefd19a000 	C:\Windows\system32\DEVOBJ.dll
0x000007fefb110000 - 0x000007fefb128000 	C:\Windows\system32\dwmapi.dll
0x000007fefc020000 - 0x000007fefc02c000 	C:\Windows\system32\VERSION.dll
0x000007fefb4f0000 - 0x000007fefb546000 	C:\Windows\system32\uxtheme.dll
0x000007fefad10000 - 0x000007fefad21000 	C:\Program Files (x86)\Dexpot\hooxpot64.dll
0x000007fef8bf0000 - 0x000007fef8c08000 	C:\Windows\system32\atig6pxx.dll
0x00000000681f0000 - 0x0000000069d30000 	C:\Windows\system32\atio6axx.dll
0x000007fefa650000 - 0x000007fefa77f000 	C:\Windows\system32\atiadlxx.dll
0x000007fefbac0000 - 0x000007fefbbec000 	C:\Windows\system32\PROPSYS.dll
0x000007fefd1a0000 - 0x000007fefd1be000 	C:\Windows\system32\USERENV.dll
0x000007fefc030000 - 0x000007fefc041000 	C:\Windows\system32\WTSAPI32.dll
0x000007fefa620000 - 0x000007fefa647000 	C:\Windows\system32\IPHLPAPI.DLL
0x000007fefa610000 - 0x000007fefa61b000 	C:\Windows\system32\WINNSI.DLL
0x000007fefd140000 - 0x000007fefd17a000 	C:\Windows\system32\WINTRUST.dll
0x000007fefcf70000 - 0x000007fefd0dc000 	C:\Windows\system32\CRYPT32.dll
0x000007fefcf50000 - 0x000007fefcf5f000 	C:\Windows\system32\MSASN1.dll
0x000007fef8570000 - 0x000007fef8599000 	C:\Windows\system32\atig6txx.dll
0x000007fefcdf0000 - 0x000007fefcdff000 	C:\Windows\system32\CRYPTBASE.dll
0x000007feff030000 - 0x000007feff0c9000 	C:\Windows\system32\CLBCatQ.DLL
0x000007fee4410000 - 0x000007fee44ac000 	C:\Windows\system32\mscms.dll
0x000007fef84b0000 - 0x000007fef84f2000 	C:\Windows\system32\icm32.dll
0x00000000532e0000 - 0x0000000053476000 	C:\Program Files\Java\jdk1.8.0_11\jre\bin\awt.dll
0x0000000065f40000 - 0x0000000065f87000 	C:\Program Files\Java\jdk1.8.0_11\jre\bin\fontmanager.dll
0x000007fef4540000 - 0x000007fef473f000 	C:\Windows\system32\d3d9.dll
0x000007fefaec0000 - 0x000007fefaec7000 	C:\Windows\system32\d3d8thk.dll
0x000007fef70c0000 - 0x000007fef720b000 	C:\Windows\system32\aticfx64.dll
0x000007fefa960000 - 0x000007fefa981000 	C:\Windows\system32\atiu9p64.dll
0x000007fef3d90000 - 0x000007fef4531000 	C:\Windows\system32\atiumd64.dll
0x000000006a070000 - 0x000000006a7a7000 	C:\Windows\system32\atiumd6a.dll
0x000000006e6c0000 - 0x000000006e6da000 	C:\Program Files\Java\jdk1.8.0_11\jre\bin\net.dll
0x000007fefc6f0000 - 0x000007fefc745000 	C:\Windows\system32\mswsock.dll
0x000007fefc6e0000 - 0x000007fefc6e7000 	C:\Windows\System32\wship6.dll
0x000000006e6a0000 - 0x000000006e6b1000 	C:\Program Files\Java\jdk1.8.0_11\jre\bin\nio.dll
0x0000000065ef0000 - 0x0000000065f31000 	C:\Program Files\Java\jdk1.8.0_11\jre\bin\t2k.dll
0x0000000065ec0000 - 0x0000000065eea000 	C:\Program Files\Java\jdk1.8.0_11\jre\bin\dcpr.dll
0x0000000055a70000 - 0x0000000055a7c000 	C:\Program Files\Java\jdk1.8.0_11\jre\bin\jsound.dll
0x0000000055a80000 - 0x0000000055a8b000 	C:\Program Files\Java\jdk1.8.0_11\jre\bin\jsoundds.dll
0x000007fef5290000 - 0x000007fef5318000 	C:\Windows\system32\DSOUND.dll
0x000007fefbff0000 - 0x000007fefc01c000 	C:\Windows\system32\POWRPROF.dll
0x000007fefbc20000 - 0x000007fefbc6b000 	C:\Windows\system32\MMDevAPI.DLL
0x000007fef86f0000 - 0x000007fef872b000 	C:\Windows\system32\wdmaud.drv
0x0000000052130000 - 0x0000000052136000 	C:\Windows\system32\ksuser.dll
0x000007fefba90000 - 0x000007fefba99000 	C:\Windows\system32\AVRT.dll
0x000007fef5210000 - 0x000007fef525f000 	C:\Windows\system32\AUDIOSES.DLL
0x000007fef8c50000 - 0x000007fef8c5a000 	C:\Windows\system32\msacm32.drv
0x000007fef85b0000 - 0x000007fef85c8000 	C:\Windows\system32\MSACM32.dll
0x000007fef8c40000 - 0x000007fef8c49000 	C:\Windows\system32\midimap.dll
0x000007fefc750000 - 0x000007fefc767000 	C:\Windows\system32\CRYPTSP.dll
0x000007fefc450000 - 0x000007fefc497000 	C:\Windows\system32\rsaenh.dll
0x000007fefa380000 - 0x000007fefa391000 	C:\Windows\system32\dhcpcsvc6.DLL
0x000007fefa360000 - 0x000007fefa378000 	C:\Windows\system32\dhcpcsvc.DLL
0x0000000066f40000 - 0x0000000066f68000 	C:\Users\otso\AppData\Local\Temp\liblz4-java1663610993447409152.so
0x000007fef6f30000 - 0x000007fef7055000 	C:\Windows\system32\dbghelp.dll

VM Arguments:
jvm_args: -Dfile.encoding=UTF-8 -Djava.library.path=C:\Users\otso\Documents\LWJGL\lwjgl-2.9.1\native\windows 
java_command: voxels.Voxels
java_class_path (initial): C:\Users\otso\Documents\LWJGL\lwjgl-2.9.1\jar\jinput.jar;C:\Users\otso\Documents\LWJGL\lwjgl-2.9.1\jar\lwjgl.jar;C:\Users\otso\Documents\LWJGL\lwjgl-2.9.1\jar\lwjgl_util.jar;C:\Users\otso\Documents\Java libraries\slick-util.jar;C:\Users\otso\Documents\Java libraries\slick.jar;C:\Users\otso\Documents\NetBeansProjects\slick.jar;C:\Users\otso\Documents\NetBeansProjects\fst-1.55-onejar.jar;C:\Users\otso\Documents\Java libraries\compress-lzf-1.0.1-javadoc.jar;C:\Users\otso\Documents\Java libraries\compress-lzf-1.0.1.jar;C:\Users\otso\Documents\Java libraries\jorbis-0.0.17.jar;C:\Users\otso\Documents\Java libraries\tritonus_share.jar;C:\Users\otso\Documents\Java libraries\vorbisspi1.0.3.jar;D:\libraries\lz4-1.2.0.jar;C:\Users\otso\Documents\NetBeansProjects\Voxels\build\classes
Launcher Type: SUN_STANDARD

Environment Variables:
PATH=C:\ProgramData\Oracle\Java\javapath;C:\Program Files (x86)\NVIDIA Corporation\PhysX\Common;C:\Program Files (x86)\Intel\iCLS Client\;C:\Program Files\Intel\iCLS Client\;C:\Windows\system32;C:\Windows;C:\Windows\System32\Wbem;C:\Windows\System32\WindowsPowerShell\v1.0\;C:\Program Files\Intel\Intel(R) Management Engine Components\DAL;C:\Program Files (x86)\Intel\Intel(R) Management Engine Components\DAL;C:\Program Files\Intel\Intel(R) Management Engine Components\IPT;C:\Program Files (x86)\Intel\Intel(R) Management Engine Components\IPT;C:\Program Files (x86)\ATI Technologies\ATI.ACE\Core-Static;C:\cygwin\bin;C:\Program Files (x86)\Windows Kits\8.1\Windows Performance Toolkit\;C:\Program Files\Microsoft SQL Server\110\Tools\Binn\
USERNAME=otso
OS=Windows_NT
PROCESSOR_IDENTIFIER=Intel64 Family 6 Model 60 Stepping 3, GenuineIntel



---------------  S Y S T E M  ---------------

OS: Windows 7 , 64 bit Build 7601 Service Pack 1

CPU:total 8 (4 cores per cpu, 2 threads per core) family 6 model 60 stepping 3, cmov, cx8, fxsr, mmx, sse, sse2, sse3, ssse3, sse4.1, sse4.2, popcnt, avx, avx2, aes, clmul, erms, ht, tsc, tscinvbit

Memory: 4k page, physical 8263612k(1202308k free), swap 16525360k(3454752k free)

vm_info: Java HotSpot(TM) 64-Bit Server VM (25.11-b03) for windows-amd64 JRE (1.8.0_11-b12), built on Jun 16 2014 20:57:32 by "java_re" with MS VC++ 10.0 (VS2010)

time: Sun Oct 12 21:29:42 2014
elapsed time: 119 seconds

