#
# A fatal error has been detected by the Java Runtime Environment:
#
#  EXCEPTION_ACCESS_VIOLATION (0xc0000005) at pc=0x0000000068d9d0cf, pid=2928, tid=2668
#
# JRE version: Java(TM) SE Runtime Environment (8.0_11-b12) (build 1.8.0_11-b12)
# Java VM: Java HotSpot(TM) 64-Bit Server VM (25.11-b03 mixed mode windows-amd64 compressed oops)
# Problematic frame:
# C  [atio6axx.dll+0xbad0cf]
#
# Failed to write core dump. Minidumps are not enabled by default on client versions of Windows
#
# If you would like to submit a bug report, please visit:
#   http://bugreport.sun.com/bugreport/crash.jsp
# The crash happened outside the Java Virtual Machine in native code.
# See problematic frame for where to report the bug.
#

---------------  T H R E A D  ---------------

Current thread (0x00000000003be000):  JavaThread "main" [_thread_in_native, id=2668, stack(0x00000000021c0000,0x00000000022c0000)]

siginfo: ExceptionCode=0xc0000005, reading address 0x00000000315f1000

Registers:
RAX=0xfffffffffff33480, RBX=0x00000000315f1010, RCX=0x0000000000001979, RDX=0x00000000315f0080
RSP=0x00000000022beb70, RBP=0x0000000000000070, RSI=0x0000000021cc5d90, RDI=0x00000000000ccc00
R8 =0x0000000000000010, R9 =0x00000000681f0000, R10=0x0000000021cc4e00, R11=0x0000000021cc4e00
R12=0x000000000000000f, R13=0x0000000000000000, R14=0x000000000000000d, R15=0x00000000022bed48
RIP=0x0000000068d9d0cf, EFLAGS=0x0000000000010203

Top of Stack: (sp=0x00000000022beb70)
0x00000000022beb70:   0000000000000000 0000000000000000
0x00000000022beb80:   00000000022bed48 000000000000000d
0x00000000022beb90:   000000001c76e308 0000000068c4038e
0x00000000022beba0:   00000000000ccc00 00000000000ccc00
0x00000000022bebb0:   00000000022beca0 0000000100000001
0x00000000022bebc0:   0000000000000001 ffffffffffffffff
0x00000000022bebd0:   0000000000000000 0000000000000000
0x00000000022bebe0:   0000000200000015 0000000000000001
0x00000000022bebf0:   0000000100000001 0000000200000000
0x00000000022bec00:   0000000000000001 0000000000000000
0x00000000022bec10:   0000000000000000 0000000000000000
0x00000000022bec20:   0000000000000000 0000000000000000
0x00000000022bec30:   0000000000000000 0000000000000000
0x00000000022bec40:   0000000000000000 0000000000000000
0x00000000022bec50:   0000000000000000 0000000068e0303c
0x00000000022bec60:   00000000022bed11 0000000068c46839 

Instructions: (pc=0x0000000068d9d0cf)
0x0000000068d9d0af:   0f 28 43 b0 0f 2b 46 b0 0f 28 43 c0 0f 2b 46 c0
0x0000000068d9d0bf:   0f 28 43 d0 0f 2b 46 d0 0f 28 43 e0 0f 2b 46 e0
0x0000000068d9d0cf:   0f 28 43 f0 0f 2b 46 f0 48 ff c9 75 b4 0f ae f8
0x0000000068d9d0df:   48 85 ed 74 0e 4c 8b c5 48 8b d3 48 8b ce e8 ee 


Register to memory mapping:

RAX=0xfffffffffff33480 is an unknown value
RBX=0x00000000315f1010 is an unknown value
RCX=0x0000000000001979 is an unknown value
RDX=0x00000000315f0080 is an unknown value
RSP=0x00000000022beb70 is pointing into the stack for thread: 0x00000000003be000
RBP=0x0000000000000070 is an unknown value
RSI=0x0000000021cc5d90 is an unknown value
RDI=0x00000000000ccc00 is an unknown value
R8 =0x0000000000000010 is an unknown value
R9 =0x00000000681f0000 is an unknown value
R10=0x0000000021cc4e00 is an unknown value
R11=0x0000000021cc4e00 is an unknown value
R12=0x000000000000000f is an unknown value
R13=0x0000000000000000 is an unknown value
R14=0x000000000000000d is an unknown value
R15=0x00000000022bed48 is pointing into the stack for thread: 0x00000000003be000


Stack: [0x00000000021c0000,0x00000000022c0000],  sp=0x00000000022beb70,  free space=1018k
Native frames: (J=compiled Java code, j=interpreted, Vv=VM code, C=native code)
C  [atio6axx.dll+0xbad0cf]
C  [atio6axx.dll+0xa5038e]
C  [atio6axx.dll+0xa0b3c6]
C  [atio6axx.dll+0xa0ad48]
C  [atio6axx.dll+0x9efaae]
C  [atio6axx.dll+0x133129]
C  [atio6axx.dll+0x62271b]
C  0x0000000002c0b29c

Java frames: (J=compiled Java code, j=interpreted, Vv=VM code)
J 1694  org.lwjgl.opengl.GL15.nglBufferData(IJJIJ)V (0 bytes) @ 0x0000000002c0b216 [0x0000000002c0b1c0+0x56]
J 2072 C2 voxels.ChunkManager.WaterHandler.createVBO()V (1216 bytes) @ 0x0000000002df58a8 [0x0000000002df4280+0x1628]
J 2183 C2 voxels.ChunkManager.WaterHandler.simulateWaters()V (1242 bytes) @ 0x0000000002e989ec [0x0000000002e95fc0+0x2a2c]
J 2141% C1 voxels.Voxels.gameLoop()V (234 bytes) @ 0x0000000002e566ec [0x0000000002e54a20+0x1ccc]
j  voxels.Voxels.main([Ljava/lang/String;)V+24
v  ~StubRoutines::call_stub

---------------  P R O C E S S  ---------------

Java Threads: ( => current thread )
  0x0000000023a00800 JavaThread "LWJGL Timer" daemon [_thread_blocked, id=6996, stack(0x0000000022f60000,0x0000000023060000)]
  0x00000000239fd800 JavaThread "Thread-209" [_thread_blocked, id=2924, stack(0x000000001c470000,0x000000001c570000)]
  0x00000000239fe000 JavaThread "Thread-7" [_thread_in_vm, id=5888, stack(0x0000000021480000,0x0000000021580000)]
  0x00000000239ff000 JavaThread "Thread-4" [_thread_in_Java, id=6580, stack(0x000000001e410000,0x000000001e510000)]
  0x000000001dd0e000 JavaThread "Thread-3" daemon [_thread_blocked, id=5288, stack(0x00000000215f0000,0x00000000216f0000)]
  0x000000001dd0b800 JavaThread "Java Sound Event Dispatcher" daemon [_thread_blocked, id=6528, stack(0x0000000020d50000,0x0000000020e50000)]
  0x000000001db51000 JavaThread "AWT-Windows" daemon [_thread_in_native, id=6888, stack(0x000000001e2e0000,0x000000001e3e0000)]
  0x0000000018e22800 JavaThread "Java2D Disposer" daemon [_thread_blocked, id=6748, stack(0x000000001c1f0000,0x000000001c2f0000)]
  0x0000000018bad800 JavaThread "Service Thread" daemon [_thread_blocked, id=6012, stack(0x000000001a750000,0x000000001a850000)]
  0x0000000018b32000 JavaThread "C1 CompilerThread3" daemon [_thread_blocked, id=6488, stack(0x0000000019c80000,0x0000000019d80000)]
  0x0000000018b30000 JavaThread "C2 CompilerThread2" daemon [_thread_blocked, id=5808, stack(0x000000001a570000,0x000000001a670000)]
  0x0000000018b28800 JavaThread "C2 CompilerThread1" daemon [_thread_blocked, id=6440, stack(0x000000001a370000,0x000000001a470000)]
  0x0000000018b12000 JavaThread "C2 CompilerThread0" daemon [_thread_blocked, id=6044, stack(0x000000001a1b0000,0x000000001a2b0000)]
  0x0000000018b0e000 JavaThread "Attach Listener" daemon [_thread_blocked, id=4832, stack(0x0000000019eb0000,0x0000000019fb0000)]
  0x0000000018b0d000 JavaThread "Signal Dispatcher" daemon [_thread_blocked, id=4576, stack(0x0000000019fc0000,0x000000001a0c0000)]
  0x0000000017b6b000 JavaThread "Finalizer" daemon [_thread_blocked, id=7084, stack(0x0000000019a30000,0x0000000019b30000)]
  0x000000000218f000 JavaThread "Reference Handler" daemon [_thread_blocked, id=6412, stack(0x0000000019db0000,0x0000000019eb0000)]
=>0x00000000003be000 JavaThread "main" [_thread_in_native, id=2668, stack(0x00000000021c0000,0x00000000022c0000)]

Other Threads:
  0x000000000218c000 VMThread [stack: 0x0000000019b60000,0x0000000019c60000] [id=4276]
  0x0000000018bae800 WatcherThread [stack: 0x000000001a990000,0x000000001aa90000] [id=7040]

VM state:not at safepoint (normal execution)

VM Mutex/Monitor currently owned by a thread: None

Heap:
 PSYoungGen      total 623104K, used 105672K [0x00000000d5f80000, 0x00000000ffd80000, 0x0000000100000000)
  eden space 564224K, 12% used [0x00000000d5f80000,0x00000000da372228,0x00000000f8680000)
  from space 58880K, 61% used [0x00000000fc400000,0x00000000fe740000,0x00000000ffd80000)
  to   space 60928K, 0% used [0x00000000f8680000,0x00000000f8680000,0x00000000fc200000)
 ParOldGen       total 163840K, used 145613K [0x0000000081e00000, 0x000000008be00000, 0x00000000d5f80000)
  object space 163840K, 88% used [0x0000000081e00000,0x000000008ac334e0,0x000000008be00000)
 Metaspace       used 12386K, capacity 12787K, committed 12928K, reserved 1060864K
  class space    used 1289K, capacity 1398K, committed 1408K, reserved 1048576K

Card table byte_map: [0x0000000011a60000,0x0000000011e60000] byte_map_base: 0x0000000011651000

Marking Bits: (ParMarkBitMap*) 0x0000000050e712b0
 Begin Bits: [0x0000000012e70000, 0x0000000014df8000)
 End Bits:   [0x0000000014df8000, 0x0000000016d80000)

Polling page: 0x0000000000230000

CodeCache: size=245760Kb used=8207Kb max_used=8225Kb free=237552Kb
 bounds [0x00000000026a0000, 0x0000000002ec0000, 0x00000000116a0000]
 total_blobs=2804 nmethods=2207 adapters=511
 compilation: enabled

Compilation events (10 events):
Event: 59.937 Thread 0x0000000018b30000 2206       4       de.ruedigermoeller.serialization.FSTObjectOutput::<init> (219 bytes)
Event: 59.951 Thread 0x0000000018b12000 nmethod 2204 0x0000000002ea3f50 code [0x0000000002ea41a0, 0x0000000002ea5170]
Event: 59.951 Thread 0x0000000018b12000 2207   !   4       de.ruedigermoeller.serialization.FSTObjectOutput::writeObject (97 bytes)
Event: 59.960 Thread 0x0000000018b30000 nmethod 2206 0x0000000002ea9850 code [0x0000000002ea9aa0, 0x0000000002eab220]
Event: 59.964 Thread 0x0000000018b12000 nmethod 2207 0x0000000002e8fd90 code [0x0000000002e8ff40, 0x0000000002e90a88]
Event: 59.987 Thread 0x0000000018b28800 nmethod 2203 0x0000000002eb06d0 code [0x0000000002eb0a00, 0x0000000002eb3740]
Event: 60.002 Thread 0x0000000018b30000 2208  s!   4       java.lang.Thread::start (71 bytes)
Event: 60.007 Thread 0x0000000018b30000 nmethod 2208 0x0000000002ea89d0 code [0x0000000002ea8b60, 0x0000000002ea93a8]
Event: 60.012 Thread 0x0000000018b12000 2209       4       voxels.ChunkManager.ChunkManager::getFreeThread (38 bytes)
Event: 60.014 Thread 0x0000000018b12000 nmethod 2209 0x0000000002ea6e50 code [0x0000000002ea6fa0, 0x0000000002ea70a8]

GC Heap History (10 events):
Event: 56.582 GC heap before
{Heap before GC invocations=68 (full 4):
 PSYoungGen      total 604672K, used 52192K [0x00000000d5f80000, 0x0000000100000000, 0x0000000100000000)
  eden space 552448K, 0% used [0x00000000d5f80000,0x00000000d5f80000,0x00000000f7b00000)
  from space 52224K, 99% used [0x00000000fcd00000,0x00000000ffff8010,0x0000000100000000)
  to   space 68096K, 0% used [0x00000000f7b00000,0x00000000f7b00000,0x00000000fbd80000)
 ParOldGen       total 157696K, used 157517K [0x0000000081e00000, 0x000000008b800000, 0x00000000d5f80000)
  object space 157696K, 99% used [0x0000000081e00000,0x000000008b7d3520,0x000000008b800000)
 Metaspace       used 12386K, capacity 12787K, committed 12928K, reserved 1060864K
  class space    used 1289K, capacity 1398K, committed 1408K, reserved 1048576K
Event: 56.732 GC heap after
Heap after GC invocations=68 (full 4):
 PSYoungGen      total 604672K, used 0K [0x00000000d5f80000, 0x0000000100000000, 0x0000000100000000)
  eden space 552448K, 0% used [0x00000000d5f80000,0x00000000d5f80000,0x00000000f7b00000)
  from space 52224K, 0% used [0x00000000fcd00000,0x00000000fcd00000,0x0000000100000000)
  to   space 68096K, 0% used [0x00000000f7b00000,0x00000000f7b00000,0x00000000fbd80000)
 ParOldGen       total 163840K, used 145613K [0x0000000081e00000, 0x000000008be00000, 0x00000000d5f80000)
  object space 163840K, 88% used [0x0000000081e00000,0x000000008ac334e0,0x000000008be00000)
 Metaspace       used 12386K, capacity 12787K, committed 12928K, reserved 1060864K
  class space    used 1289K, capacity 1398K, committed 1408K, reserved 1048576K
}
Event: 58.690 GC heap before
{Heap before GC invocations=69 (full 4):
 PSYoungGen      total 604672K, used 552448K [0x00000000d5f80000, 0x0000000100000000, 0x0000000100000000)
  eden space 552448K, 100% used [0x00000000d5f80000,0x00000000f7b00000,0x00000000f7b00000)
  from space 52224K, 0% used [0x00000000fcd00000,0x00000000fcd00000,0x0000000100000000)
  to   space 68096K, 0% used [0x00000000f7b00000,0x00000000f7b00000,0x00000000fbd80000)
 ParOldGen       total 163840K, used 145613K [0x0000000081e00000, 0x000000008be00000, 0x00000000d5f80000)
  object space 163840K, 88% used [0x0000000081e00000,0x000000008ac334e0,0x000000008be00000)
 Metaspace       used 12386K, capacity 12787K, committed 12928K, reserved 1060864K
  class space    used 1289K, capacity 1398K, committed 1408K, reserved 1048576K
Event: 58.698 GC heap after
Heap after GC invocations=69 (full 4):
 PSYoungGen      total 620544K, used 15232K [0x00000000d5f80000, 0x0000000100000000, 0x0000000100000000)
  eden space 552448K, 0% used [0x00000000d5f80000,0x00000000d5f80000,0x00000000f7b00000)
  from space 68096K, 22% used [0x00000000f7b00000,0x00000000f89e0000,0x00000000fbd80000)
  to   space 66560K, 0% used [0x00000000fbf00000,0x00000000fbf00000,0x0000000100000000)
 ParOldGen       total 163840K, used 145613K [0x0000000081e00000, 0x000000008be00000, 0x00000000d5f80000)
  object space 163840K, 88% used [0x0000000081e00000,0x000000008ac334e0,0x000000008be00000)
 Metaspace       used 12386K, capacity 12787K, committed 12928K, reserved 1060864K
  class space    used 1289K, capacity 1398K, committed 1408K, reserved 1048576K
}
Event: 59.139 GC heap before
{Heap before GC invocations=70 (full 4):
 PSYoungGen      total 620544K, used 567680K [0x00000000d5f80000, 0x0000000100000000, 0x0000000100000000)
  eden space 552448K, 100% used [0x00000000d5f80000,0x00000000f7b00000,0x00000000f7b00000)
  from space 68096K, 22% used [0x00000000f7b00000,0x00000000f89e0000,0x00000000fbd80000)
  to   space 66560K, 0% used [0x00000000fbf00000,0x00000000fbf00000,0x0000000100000000)
 ParOldGen       total 163840K, used 145613K [0x0000000081e00000, 0x000000008be00000, 0x00000000d5f80000)
  object space 163840K, 88% used [0x0000000081e00000,0x000000008ac334e0,0x000000008be00000)
 Metaspace       used 12386K, capacity 12787K, committed 12928K, reserved 1060864K
  class space    used 1289K, capacity 1398K, committed 1408K, reserved 1048576K
Event: 59.151 GC heap after
Heap after GC invocations=70 (full 4):
 PSYoungGen      total 612864K, used 23103K [0x00000000d5f80000, 0x00000000ff880000, 0x0000000100000000)
  eden space 553984K, 0% used [0x00000000d5f80000,0x00000000d5f80000,0x00000000f7c80000)
  from space 58880K, 39% used [0x00000000fbf00000,0x00000000fd58fca0,0x00000000ff880000)
  to   space 63488K, 0% used [0x00000000f7c80000,0x00000000f7c80000,0x00000000fba80000)
 ParOldGen       total 163840K, used 145613K [0x0000000081e00000, 0x000000008be00000, 0x00000000d5f80000)
  object space 163840K, 88% used [0x0000000081e00000,0x000000008ac334e0,0x000000008be00000)
 Metaspace       used 12386K, capacity 12787K, committed 12928K, reserved 1060864K
  class space    used 1289K, capacity 1398K, committed 1408K, reserved 1048576K
}
Event: 59.646 GC heap before
{Heap before GC invocations=71 (full 4):
 PSYoungGen      total 612864K, used 577087K [0x00000000d5f80000, 0x00000000ff880000, 0x0000000100000000)
  eden space 553984K, 100% used [0x00000000d5f80000,0x00000000f7c80000,0x00000000f7c80000)
  from space 58880K, 39% used [0x00000000fbf00000,0x00000000fd58fca0,0x00000000ff880000)
  to   space 63488K, 0% used [0x00000000f7c80000,0x00000000f7c80000,0x00000000fba80000)
 ParOldGen       total 163840K, used 145613K [0x0000000081e00000, 0x000000008be00000, 0x00000000d5f80000)
  object space 163840K, 88% used [0x0000000081e00000,0x000000008ac334e0,0x000000008be00000)
 Metaspace       used 12386K, capacity 12787K, committed 12928K, reserved 1060864K
  class space    used 1289K, capacity 1398K, committed 1408K, reserved 1048576K
Event: 59.660 GC heap after
Heap after GC invocations=71 (full 4):
 PSYoungGen      total 617472K, used 29600K [0x00000000d5f80000, 0x00000000fff80000, 0x0000000100000000)
  eden space 553984K, 0% used [0x00000000d5f80000,0x00000000d5f80000,0x00000000f7c80000)
  from space 63488K, 46% used [0x00000000f7c80000,0x00000000f9968000,0x00000000fba80000)
  to   space 60928K, 0% used [0x00000000fc400000,0x00000000fc400000,0x00000000fff80000)
 ParOldGen       total 163840K, used 145613K [0x0000000081e00000, 0x000000008be00000, 0x00000000d5f80000)
  object space 163840K, 88% used [0x0000000081e00000,0x000000008ac334e0,0x000000008be00000)
 Metaspace       used 12386K, capacity 12787K, committed 12928K, reserved 1060864K
  class space    used 1289K, capacity 1398K, committed 1408K, reserved 1048576K
}
Event: 60.341 GC heap before
{Heap before GC invocations=72 (full 4):
 PSYoungGen      total 617472K, used 583584K [0x00000000d5f80000, 0x00000000fff80000, 0x0000000100000000)
  eden space 553984K, 100% used [0x00000000d5f80000,0x00000000f7c80000,0x00000000f7c80000)
  from space 63488K, 46% used [0x00000000f7c80000,0x00000000f9968000,0x00000000fba80000)
  to   space 60928K, 0% used [0x00000000fc400000,0x00000000fc400000,0x00000000fff80000)
 ParOldGen       total 163840K, used 145613K [0x0000000081e00000, 0x000000008be00000, 0x00000000d5f80000)
  object space 163840K, 88% used [0x0000000081e00000,0x000000008ac334e0,0x000000008be00000)
 Metaspace       used 12386K, capacity 12787K, committed 12928K, reserved 1060864K
  class space    used 1289K, capacity 1398K, committed 1408K, reserved 1048576K
Event: 60.362 GC heap after
Heap after GC invocations=72 (full 4):
 PSYoungGen      total 623104K, used 36096K [0x00000000d5f80000, 0x00000000ffd80000, 0x0000000100000000)
  eden space 564224K, 0% used [0x00000000d5f80000,0x00000000d5f80000,0x00000000f8680000)
  from space 58880K, 61% used [0x00000000fc400000,0x00000000fe740000,0x00000000ffd80000)
  to   space 60928K, 0% used [0x00000000f8680000,0x00000000f8680000,0x00000000fc200000)
 ParOldGen       total 163840K, used 145613K [0x0000000081e00000, 0x000000008be00000, 0x00000000d5f80000)
  object space 163840K, 88% used [0x0000000081e00000,0x000000008ac334e0,0x000000008be00000)
 Metaspace       used 12386K, capacity 12787K, committed 12928K, reserved 1060864K
  class space    used 1289K, capacity 1398K, committed 1408K, reserved 1048576K
}

Deoptimization events (10 events):
Event: 1.417 Thread 0x00000000003be000 Uncommon trap: reason=array_check action=maybe_recompile pc=0x0000000002b45798 method=de.ruedigermoeller.serialization.FSTObjectInput.readArray(Lde/ruedigermoeller/serialization/FSTClazzInfo$FSTFieldInfo;)Ljava/lang/Object; @ 711
Event: 1.460 Thread 0x00000000003be000 Uncommon trap: reason=null_assert action=make_not_entrant pc=0x0000000002ad0710 method=java.util.concurrent.ConcurrentHashMap.putVal(Ljava/lang/Object;Ljava/lang/Object;Z)Ljava/lang/Object; @ 264
Event: 1.473 Thread 0x00000000003be000 Uncommon trap: reason=unloaded action=reinterpret pc=0x0000000002ac5dac method=voxels.Voxels.gameLoop()V @ 130
Event: 3.571 Thread 0x0000000023a03800 Uncommon trap: reason=unreached action=reinterpret pc=0x0000000002b7017c method=java.util.concurrent.ConcurrentHashMap.addCount(JI)V @ 7
Event: 4.099 Thread 0x0000000023a02000 Uncommon trap: reason=unreached action=reinterpret pc=0x0000000002a87d18 method=java.util.concurrent.ConcurrentHashMap.sumCount()J @ 11
Event: 43.331 Thread 0x00000000003be000 Uncommon trap: reason=unreached action=reinterpret pc=0x0000000002ddd3f4 method=voxels.ChunkManager.ChunkManager.getActiveBlock(Lorg/lwjgl/util/vector/Vector3f;)B @ 27
Event: 43.332 Thread 0x00000000003be000 Uncommon trap: reason=unreached action=reinterpret pc=0x0000000002dd8e08 method=voxels.ChunkManager.ChunkManager.getActiveBlock(Lorg/lwjgl/util/vector/Vector3f;)B @ 27
Event: 43.332 Thread 0x00000000003be000 Uncommon trap: reason=unreached action=reinterpret pc=0x0000000002d5c774 method=voxels.ChunkManager.ChunkManager.getActiveBlock(Lorg/lwjgl/util/vector/Vector3f;)B @ 27
Event: 43.333 Thread 0x00000000003be000 Uncommon trap: reason=unreached action=reinterpret pc=0x0000000002dc19fc method=voxels.ChunkManager.ChunkManager.getActiveBlock(Lorg/lwjgl/util/vector/Vector3f;)B @ 27
Event: 43.336 Thread 0x00000000003be000 Uncommon trap: reason=unreached action=reinterpret pc=0x0000000002d6a120 method=voxels.ChunkManager.ChunkManager.setActiveBlock(Lorg/lwjgl/util/vector/Vector3f;B)V @ 27

Internal exceptions (10 events):
Event: 1.489 Thread 0x00000000239fe000 Exception <a 'java/security/PrivilegedActionException'> (0x00000000d71941d0) thrown at [C:\re\workspace\8-2-build-windows-amd64-cygwin\jdk8u11\648\hotspot\src\share\vm\prims\jvm.cpp, line 1248]
Event: 1.495 Thread 0x00000000003be000 Exception <a 'java/security/PrivilegedActionException'> (0x00000000d6dcb4d8) thrown at [C:\re\workspace\8-2-build-windows-amd64-cygwin\jdk8u11\648\hotspot\src\share\vm\prims\jvm.cpp, line 1248]
Event: 1.496 Thread 0x00000000003be000 Exception <a 'java/security/PrivilegedActionException'> (0x00000000d6dce2f8) thrown at [C:\re\workspace\8-2-build-windows-amd64-cygwin\jdk8u11\648\hotspot\src\share\vm\prims\jvm.cpp, line 1248]
Event: 1.496 Thread 0x00000000003be000 Exception <a 'java/security/PrivilegedActionException'> (0x00000000d6dd0db0) thrown at [C:\re\workspace\8-2-build-windows-amd64-cygwin\jdk8u11\648\hotspot\src\share\vm\prims\jvm.cpp, line 1248]
Event: 2.932 Thread 0x00000000003be000 Exception <a 'java/security/PrivilegedActionException'> (0x00000000d8619c58) thrown at [C:\re\workspace\8-2-build-windows-amd64-cygwin\jdk8u11\648\hotspot\src\share\vm\prims\jvm.cpp, line 1248]
Event: 3.697 Thread 0x00000000003be000 Exception <a 'java/security/PrivilegedActionException'> (0x00000000de70cd80) thrown at [C:\re\workspace\8-2-build-windows-amd64-cygwin\jdk8u11\648\hotspot\src\share\vm\prims\jvm.cpp, line 1248]
Event: 13.956 Thread 0x00000000003be000 Exception <a 'java/security/PrivilegedActionException'> (0x00000000ea052158) thrown at [C:\re\workspace\8-2-build-windows-amd64-cygwin\jdk8u11\648\hotspot\src\share\vm\prims\jvm.cpp, line 1248]
Event: 43.331 Thread 0x00000000003be000 Implicit null exception at 0x0000000002ddc822 to 0x0000000002ddd3cb
Event: 43.332 Thread 0x00000000003be000 Implicit null exception at 0x0000000002dd8c3a to 0x0000000002dd8deb
Event: 43.336 Thread 0x00000000003be000 Implicit null exception at 0x0000000002d69e59 to 0x0000000002d6a109

Events (10 events):
Event: 60.383 Thread 0x00000000239fc800 Thread added: 0x00000000239fc800
Event: 60.383 Thread 0x0000000023a03800 Thread added: 0x0000000023a03800
Event: 60.383 Thread 0x0000000023a02800 Thread added: 0x0000000023a02800
Event: 60.386 Thread 0x0000000023a02800 Thread exited: 0x0000000023a02800
Event: 60.387 Thread 0x0000000023a03800 Thread exited: 0x0000000023a03800
Event: 60.387 Thread 0x00000000239fc800 Thread exited: 0x00000000239fc800
Event: 60.387 Thread 0x0000000023a02000 Thread exited: 0x0000000023a02000
Event: 60.392 Thread 0x0000000023a02000 Thread added: 0x0000000023a02000
Event: 60.393 Thread 0x00000000239fc800 Thread added: 0x00000000239fc800
Event: 60.393 Thread 0x0000000023a03800 Thread added: 0x0000000023a03800


Dynamic libraries:
0x000000013f550000 - 0x000000013f584000 	C:\Program Files\Java\jdk1.8.0_11\bin\java.exe
0x0000000077140000 - 0x00000000772e9000 	C:\Windows\SYSTEM32\ntdll.dll
0x0000000076f20000 - 0x000000007703f000 	C:\Windows\system32\kernel32.dll
0x000007fefd280000 - 0x000007fefd2ec000 	C:\Windows\system32\KERNELBASE.dll
0x000007fefe530000 - 0x000007fefe60b000 	C:\Windows\system32\ADVAPI32.dll
0x000007fefe610000 - 0x000007fefe6af000 	C:\Windows\system32\msvcrt.dll
0x000007fefe500000 - 0x000007fefe51f000 	C:\Windows\SYSTEM32\sechost.dll
0x000007fefe730000 - 0x000007fefe85d000 	C:\Windows\system32\RPCRT4.dll
0x0000000077040000 - 0x000000007713a000 	C:\Windows\system32\USER32.dll
0x000007fefefc0000 - 0x000007feff027000 	C:\Windows\system32\GDI32.dll
0x000007fefe520000 - 0x000007fefe52e000 	C:\Windows\system32\LPK.dll
0x000007fefed10000 - 0x000007fefedd9000 	C:\Windows\system32\USP10.dll
0x000007fefb5a0000 - 0x000007fefb794000 	C:\Windows\WinSxS\amd64_microsoft.windows.common-controls_6595b64144ccf1df_6.0.7601.17514_none_fa396087175ac9ac\COMCTL32.dll
0x000007fefe0a0000 - 0x000007fefe111000 	C:\Windows\system32\SHLWAPI.dll
0x000007fefe8b0000 - 0x000007fefe8de000 	C:\Windows\system32\IMM32.DLL
0x000007fefe3f0000 - 0x000007fefe4f9000 	C:\Windows\system32\MSCTF.dll
0x000000006e5c0000 - 0x000000006e692000 	C:\Program Files\Java\jdk1.8.0_11\jre\bin\msvcr100.dll
0x00000000506c0000 - 0x0000000050eea000 	C:\Program Files\Java\jdk1.8.0_11\jre\bin\server\jvm.dll
0x000007fefaf30000 - 0x000007fefaf39000 	C:\Windows\system32\WSOCK32.dll
0x000007fefe860000 - 0x000007fefe8ad000 	C:\Windows\system32\WS2_32.dll
0x000007fefe8e0000 - 0x000007fefe8e8000 	C:\Windows\system32\NSI.dll
0x000007fef5320000 - 0x000007fef535b000 	C:\Windows\system32\WINMM.dll
0x0000000077300000 - 0x0000000077307000 	C:\Windows\system32\PSAPI.DLL
0x000000006e730000 - 0x000000006e73f000 	C:\Program Files\Java\jdk1.8.0_11\jre\bin\verify.dll
0x000000006e700000 - 0x000000006e728000 	C:\Program Files\Java\jdk1.8.0_11\jre\bin\java.dll
0x000000006e6e0000 - 0x000000006e6f6000 	C:\Program Files\Java\jdk1.8.0_11\jre\bin\zip.dll
0x000007fefd310000 - 0x000007fefe098000 	C:\Windows\system32\SHELL32.dll
0x000007fefe990000 - 0x000007fefeb93000 	C:\Windows\system32\ole32.dll
0x000007fefcf60000 - 0x000007fefcf6f000 	C:\Windows\system32\profapi.dll
0x0000000180000000 - 0x0000000180051000 	C:\Users\otso\Documents\LWJGL\lwjgl-2.9.1\native\windows\lwjgl64.dll
0x000007fee4220000 - 0x000007fee433d000 	C:\Windows\system32\OPENGL32.dll
0x000007fef8c10000 - 0x000007fef8c3d000 	C:\Windows\system32\GLU32.dll
0x000007fee5610000 - 0x000007fee5701000 	C:\Windows\system32\DDRAW.dll
0x000007fefaf40000 - 0x000007fefaf48000 	C:\Windows\system32\DCIMAN32.dll
0x000007fefede0000 - 0x000007fefefb7000 	C:\Windows\system32\SETUPAPI.dll
0x000007fefd0e0000 - 0x000007fefd116000 	C:\Windows\system32\CFGMGR32.dll
0x000007feff130000 - 0x000007feff207000 	C:\Windows\system32\OLEAUT32.dll
0x000007fefd180000 - 0x000007fefd19a000 	C:\Windows\system32\DEVOBJ.dll
0x000007fefb110000 - 0x000007fefb128000 	C:\Windows\system32\dwmapi.dll
0x000007fefc020000 - 0x000007fefc02c000 	C:\Windows\system32\VERSION.dll
0x000007fefb4f0000 - 0x000007fefb546000 	C:\Windows\system32\uxtheme.dll
0x000007fefad10000 - 0x000007fefad21000 	C:\Program Files (x86)\Dexpot\hooxpot64.dll
0x000007fef8bf0000 - 0x000007fef8c08000 	C:\Windows\system32\atig6pxx.dll
0x00000000681f0000 - 0x0000000069d30000 	C:\Windows\system32\atio6axx.dll
0x000007fefa650000 - 0x000007fefa77f000 	C:\Windows\system32\atiadlxx.dll
0x000007fefbac0000 - 0x000007fefbbec000 	C:\Windows\system32\PROPSYS.dll
0x000007fefd1a0000 - 0x000007fefd1be000 	C:\Windows\system32\USERENV.dll
0x000007fefc030000 - 0x000007fefc041000 	C:\Windows\system32\WTSAPI32.dll
0x000007fefa620000 - 0x000007fefa647000 	C:\Windows\system32\IPHLPAPI.DLL
0x000007fefa610000 - 0x000007fefa61b000 	C:\Windows\system32\WINNSI.DLL
0x000007fefd140000 - 0x000007fefd17a000 	C:\Windows\system32\WINTRUST.dll
0x000007fefcf70000 - 0x000007fefd0dc000 	C:\Windows\system32\CRYPT32.dll
0x000007fefcf50000 - 0x000007fefcf5f000 	C:\Windows\system32\MSASN1.dll
0x000007fef8570000 - 0x000007fef8599000 	C:\Windows\system32\atig6txx.dll
0x000007fefcdf0000 - 0x000007fefcdff000 	C:\Windows\system32\CRYPTBASE.dll
0x000007feff030000 - 0x000007feff0c9000 	C:\Windows\system32\CLBCatQ.DLL
0x000007fee4410000 - 0x000007fee44ac000 	C:\Windows\system32\mscms.dll
0x000007fef86e0000 - 0x000007fef8722000 	C:\Windows\system32\icm32.dll
0x00000000532e0000 - 0x0000000053476000 	C:\Program Files\Java\jdk1.8.0_11\jre\bin\awt.dll
0x0000000065f40000 - 0x0000000065f87000 	C:\Program Files\Java\jdk1.8.0_11\jre\bin\fontmanager.dll
0x000007fef4540000 - 0x000007fef473f000 	C:\Windows\system32\d3d9.dll
0x000007fefaec0000 - 0x000007fefaec7000 	C:\Windows\system32\d3d8thk.dll
0x000007fef70c0000 - 0x000007fef720b000 	C:\Windows\system32\aticfx64.dll
0x000007fefa960000 - 0x000007fefa981000 	C:\Windows\system32\atiu9p64.dll
0x000007fef3d90000 - 0x000007fef4531000 	C:\Windows\system32\atiumd64.dll
0x000000006a070000 - 0x000000006a7a7000 	C:\Windows\system32\atiumd6a.dll
0x000000006e6c0000 - 0x000000006e6da000 	C:\Program Files\Java\jdk1.8.0_11\jre\bin\net.dll
0x000007fefc6f0000 - 0x000007fefc745000 	C:\Windows\system32\mswsock.dll
0x000007fefc6e0000 - 0x000007fefc6e7000 	C:\Windows\System32\wship6.dll
0x000000006e6a0000 - 0x000000006e6b1000 	C:\Program Files\Java\jdk1.8.0_11\jre\bin\nio.dll
0x0000000065ef0000 - 0x0000000065f31000 	C:\Program Files\Java\jdk1.8.0_11\jre\bin\t2k.dll
0x0000000065ec0000 - 0x0000000065eea000 	C:\Program Files\Java\jdk1.8.0_11\jre\bin\dcpr.dll
0x000000005eb70000 - 0x000000005eb7c000 	C:\Program Files\Java\jdk1.8.0_11\jre\bin\jsound.dll
0x000000005eb80000 - 0x000000005eb8b000 	C:\Program Files\Java\jdk1.8.0_11\jre\bin\jsoundds.dll
0x000007fef5290000 - 0x000007fef5318000 	C:\Windows\system32\DSOUND.dll
0x000007fefbff0000 - 0x000007fefc01c000 	C:\Windows\system32\POWRPROF.dll
0x000007fefbc20000 - 0x000007fefbc6b000 	C:\Windows\system32\MMDevAPI.DLL
0x000007fef5720000 - 0x000007fef575b000 	C:\Windows\system32\wdmaud.drv
0x0000000052130000 - 0x0000000052136000 	C:\Windows\system32\ksuser.dll
0x000007fefba90000 - 0x000007fefba99000 	C:\Windows\system32\AVRT.dll
0x000007fef5210000 - 0x000007fef525f000 	C:\Windows\system32\AUDIOSES.DLL
0x000007fefa3a0000 - 0x000007fefa3aa000 	C:\Windows\system32\msacm32.drv
0x000007fef8550000 - 0x000007fef8568000 	C:\Windows\system32\MSACM32.dll
0x000007fef8c40000 - 0x000007fef8c49000 	C:\Windows\system32\midimap.dll
0x000007fefc750000 - 0x000007fefc767000 	C:\Windows\system32\CRYPTSP.dll
0x000007fefc450000 - 0x000007fefc497000 	C:\Windows\system32\rsaenh.dll
0x000007fefa380000 - 0x000007fefa391000 	C:\Windows\system32\dhcpcsvc6.DLL
0x000007fefa360000 - 0x000007fefa378000 	C:\Windows\system32\dhcpcsvc.DLL
0x0000000066f40000 - 0x0000000066f68000 	C:\Users\otso\AppData\Local\Temp\liblz4-java438011653716916760.so
0x000007fef6f30000 - 0x000007fef7055000 	C:\Windows\system32\dbghelp.dll

VM Arguments:
jvm_args: -Dfile.encoding=UTF-8 -Djava.library.path=C:\Users\otso\Documents\LWJGL\lwjgl-2.9.1\native\windows 
java_command: voxels.Voxels
java_class_path (initial): C:\Users\otso\Documents\LWJGL\lwjgl-2.9.1\jar\jinput.jar;C:\Users\otso\Documents\LWJGL\lwjgl-2.9.1\jar\lwjgl.jar;C:\Users\otso\Documents\LWJGL\lwjgl-2.9.1\jar\lwjgl_util.jar;C:\Users\otso\Documents\Java libraries\slick-util.jar;C:\Users\otso\Documents\Java libraries\slick.jar;C:\Users\otso\Documents\NetBeansProjects\slick.jar;C:\Users\otso\Documents\NetBeansProjects\fst-1.55-onejar.jar;C:\Users\otso\Documents\Java libraries\compress-lzf-1.0.1-javadoc.jar;C:\Users\otso\Documents\Java libraries\compress-lzf-1.0.1.jar;C:\Users\otso\Documents\Java libraries\jorbis-0.0.17.jar;C:\Users\otso\Documents\Java libraries\tritonus_share.jar;C:\Users\otso\Documents\Java libraries\vorbisspi1.0.3.jar;D:\libraries\lz4-1.2.0.jar;C:\Users\otso\Documents\NetBeansProjects\Voxels\build\classes
Launcher Type: SUN_STANDARD

Environment Variables:
PATH=C:\ProgramData\Oracle\Java\javapath;C:\Program Files (x86)\NVIDIA Corporation\PhysX\Common;C:\Program Files (x86)\Intel\iCLS Client\;C:\Program Files\Intel\iCLS Client\;C:\Windows\system32;C:\Windows;C:\Windows\System32\Wbem;C:\Windows\System32\WindowsPowerShell\v1.0\;C:\Program Files\Intel\Intel(R) Management Engine Components\DAL;C:\Program Files (x86)\Intel\Intel(R) Management Engine Components\DAL;C:\Program Files\Intel\Intel(R) Management Engine Components\IPT;C:\Program Files (x86)\Intel\Intel(R) Management Engine Components\IPT;C:\Program Files (x86)\ATI Technologies\ATI.ACE\Core-Static;C:\cygwin\bin;C:\Program Files (x86)\Windows Kits\8.1\Windows Performance Toolkit\;C:\Program Files\Microsoft SQL Server\110\Tools\Binn\
USERNAME=otso
OS=Windows_NT
PROCESSOR_IDENTIFIER=Intel64 Family 6 Model 60 Stepping 3, GenuineIntel



---------------  S Y S T E M  ---------------

OS: Windows 7 , 64 bit Build 7601 Service Pack 1

CPU:total 8 (4 cores per cpu, 2 threads per core) family 6 model 60 stepping 3, cmov, cx8, fxsr, mmx, sse, sse2, sse3, ssse3, sse4.1, sse4.2, popcnt, avx, avx2, aes, clmul, erms, ht, tsc, tscinvbit

Memory: 4k page, physical 8263612k(1009576k free), swap 16525360k(4565100k free)

vm_info: Java HotSpot(TM) 64-Bit Server VM (25.11-b03) for windows-amd64 JRE (1.8.0_11-b12), built on Jun 16 2014 20:57:32 by "java_re" with MS VC++ 10.0 (VS2010)

time: Sun Oct 12 20:04:26 2014
elapsed time: 60 seconds

