#
# A fatal error has been detected by the Java Runtime Environment:
#
#  EXCEPTION_ACCESS_VIOLATION (0xc0000005) at pc=0x000000006930ee40, pid=964, tid=2224
#
# JRE version: Java(TM) SE Runtime Environment (8.0_11-b12) (build 1.8.0_11-b12)
# Java VM: Java HotSpot(TM) 64-Bit Server VM (25.11-b03 mixed mode windows-amd64 compressed oops)
# Problematic frame:
# C  [atio6axx.dll+0x2fee40]
#
# Failed to write core dump. Minidumps are not enabled by default on client versions of Windows
#
# If you would like to submit a bug report, please visit:
#   http://bugreport.sun.com/bugreport/crash.jsp
# The crash happened outside the Java Virtual Machine in native code.
# See problematic frame for where to report the bug.
#

---------------  T H R E A D  ---------------

Current thread (0x000000000237e000):  JavaThread "main" [_thread_in_native, id=2224, stack(0x00000000026d0000,0x00000000027d0000)]

siginfo: ExceptionCode=0xc0000005, reading address 0x0000000000000000

Registers:
RAX=0x000000000000000c, RBX=0x0000000000000001, RCX=0x000000001c41d000, RDX=0x000000001c41d120
RSP=0x00000000027ce9d0, RBP=0x0000000000000001, RSI=0x0000000000000018, RDI=0x000000001c41d000
R8 =0x000000001c41d119, R9 =0x0000000000000000, R10=0x000000006a9a5898, R11=0x0000000000000000
R12=0x000000006a9a5678, R13=0x0000000000000120, R14=0x0000000000000001, R15=0x000000000000000c
RIP=0x000000006930ee40, EFLAGS=0x0000000000010297

Top of Stack: (sp=0x00000000027ce9d0)
0x00000000027ce9d0:   000000001d8cce80 000000000001d000
0x00000000027ce9e0:   0000000000000120 000000001d8d1ad0
0x00000000027ce9f0:   000000001d8c2f90 0000000069a6502d
0x00000000027cea00:   0000000000000001 000000001d8c2f90
0x00000000027cea10:   000000006a9a5040 0000000000000000
0x00000000027cea20:   000000001d8c2f90 0000000069a65acc
0x00000000027cea30:   000000001d7bb0a0 000000001d8d1ad0
0x00000000027cea40:   000000001d8bfba0 0000000069a66523
0x00000000027cea50:   00000000003a2070 000000000040a2a0
0x00000000027cea60:   0000000000325760 000000001c93b320
0x00000000027cea70:   000000001d7bb0a0 00000000027ceb30
0x00000000027cea80:   0000000000000000 0000000000000000
0x00000000027cea90:   000000001b9c3580 0000000000000000
0x00000000027ceaa0:   0000000069010000 000000000040a2a0
0x00000000027ceab0:   00000000027cebc0 0000000069a66523
0x00000000027ceac0:   00000000003a2070 000000000040a2a0 

Instructions: (pc=0x000000006930ee40)
0x000000006930ee20:   d1 e8 7a f9 ee ff e9 65 01 00 00 41 8b d5 48 03
0x000000006930ee30:   d7 4c 8d 42 f9 49 3b f8 73 1a 66 0f 1f 44 00 00
0x000000006930ee40:   49 8b 01 48 83 c1 08 49 83 c1 08 48 89 41 f8 49
0x000000006930ee50:   3b c8 72 ec 4c 8d 42 fd 49 3b c8 73 16 0f 1f 00 


Register to memory mapping:

RAX=0x000000000000000c is an unknown value
RBX=0x0000000000000001 is an unknown value
RCX=0x000000001c41d000 is an unknown value
RDX=0x000000001c41d120 is an unknown value
RSP=0x00000000027ce9d0 is pointing into the stack for thread: 0x000000000237e000
RBP=0x0000000000000001 is an unknown value
RSI=0x0000000000000018 is an unknown value
RDI=0x000000001c41d000 is an unknown value
R8 =0x000000001c41d119 is an unknown value
R9 =0x0000000000000000 is an unknown value
R10=0x000000006a9a5898 is an unknown value
R11=0x0000000000000000 is an unknown value
R12=0x000000006a9a5678 is an unknown value
R13=0x0000000000000120 is an unknown value
R14=0x0000000000000001 is an unknown value
R15=0x000000000000000c is an unknown value


Stack: [0x00000000026d0000,0x00000000027d0000],  sp=0x00000000027ce9d0,  free space=1018k
Native frames: (J=compiled Java code, j=interpreted, Vv=VM code, C=native code)
C  [atio6axx.dll+0x2fee40]
C  [atio6axx.dll+0x2fc4bd]
C  [atio6axx.dll+0x280b30]
C  [atio6axx.dll+0x50ad38]
C  0x0000000002ab51ae

Java frames: (J=compiled Java code, j=interpreted, Vv=VM code)
j  org.lwjgl.opengl.GL11.nglDrawArrays(IIIJ)V+0
j  org.lwjgl.opengl.GL11.glDrawArrays(III)V+20
j  voxels.Voxels.render()V+307
j  voxels.Voxels.gameLoop()V+200
j  voxels.Voxels.main([Ljava/lang/String;)V+21
v  ~StubRoutines::call_stub

---------------  P R O C E S S  ---------------

Java Threads: ( => current thread )
  0x000000001e32b800 JavaThread "Thread-213" [_thread_in_Java, id=6100, stack(0x0000000023750000,0x0000000023850000)]
  0x000000001e32a000 JavaThread "Thread-209" [_thread_new, id=6840, stack(0x0000000000000000,0x0000000000000000)]
  0x000000001e328000 JavaThread "Thread-208" [_thread_blocked, id=7000, stack(0x000000001c060000,0x000000001c160000)]
  0x000000001e329800 JavaThread "Thread-6" [_thread_in_vm, id=3528, stack(0x000000001c250000,0x000000001c350000)]
  0x000000001e328800 JavaThread "Thread-3" [_thread_in_vm, id=5792, stack(0x000000001bf60000,0x000000001c060000)]
  0x0000000018ff4000 JavaThread "Thread-2" daemon [_thread_blocked, id=5676, stack(0x000000001ebf0000,0x000000001ecf0000)]
  0x0000000018ff3000 JavaThread "Java Sound Event Dispatcher" daemon [_thread_blocked, id=4584, stack(0x000000001ff40000,0x0000000020040000)]
  0x0000000018dba000 JavaThread "Service Thread" daemon [_thread_blocked, id=1264, stack(0x000000001a8e0000,0x000000001a9e0000)]
  0x0000000018d5a800 JavaThread "C1 CompilerThread3" daemon [_thread_in_native, id=2748, stack(0x000000001a760000,0x000000001a860000)]
  0x0000000017c8f000 JavaThread "C2 CompilerThread2" daemon [_thread_in_native, id=6468, stack(0x000000001a620000,0x000000001a720000)]
  0x0000000018d3f800 JavaThread "C2 CompilerThread1" daemon [_thread_blocked, id=6680, stack(0x000000001a520000,0x000000001a620000)]
  0x0000000018d38800 JavaThread "C2 CompilerThread0" daemon [_thread_in_native, id=6172, stack(0x000000001a370000,0x000000001a470000)]
  0x0000000018d36000 JavaThread "Attach Listener" daemon [_thread_blocked, id=2824, stack(0x000000001a1a0000,0x000000001a2a0000)]
  0x0000000018d35000 JavaThread "Signal Dispatcher" daemon [_thread_blocked, id=6312, stack(0x0000000019d80000,0x0000000019e80000)]
  0x0000000017c7c800 JavaThread "Finalizer" daemon [_thread_blocked, id=6988, stack(0x000000001a000000,0x000000001a100000)]
  0x0000000017c71800 JavaThread "Reference Handler" daemon [_thread_blocked, id=5740, stack(0x0000000019ee0000,0x0000000019fe0000)]
=>0x000000000237e000 JavaThread "main" [_thread_in_native, id=2224, stack(0x00000000026d0000,0x00000000027d0000)]

Other Threads:
  0x0000000018ce1800 VMThread [stack: 0x0000000019c40000,0x0000000019d40000] [id=6568]
  0x0000000018dc6800 WatcherThread [stack: 0x000000001ab60000,0x000000001ac60000] [id=6036]

VM state:not at safepoint (normal execution)

VM Mutex/Monitor currently owned by a thread: None

Heap:
 PSYoungGen      total 48128K, used 14923K [0x00000000d5f80000, 0x00000000da880000, 0x0000000100000000)
  eden space 45056K, 26% used [0x00000000d5f80000,0x00000000d6b13450,0x00000000d8b80000)
  from space 3072K, 99% used [0x00000000d8b80000,0x00000000d8e7fa10,0x00000000d8e80000)
  to   space 5632K, 0% used [0x00000000da300000,0x00000000da300000,0x00000000da880000)
 ParOldGen       total 129536K, used 15660K [0x0000000081e00000, 0x0000000089c80000, 0x00000000d5f80000)
  object space 129536K, 12% used [0x0000000081e00000,0x0000000082d4b248,0x0000000089c80000)
 Metaspace       used 9280K, capacity 9639K, committed 9856K, reserved 1058816K
  class space    used 962K, capacity 1036K, committed 1152K, reserved 1048576K

Card table byte_map: [0x0000000011e60000,0x0000000012260000] byte_map_base: 0x0000000011a51000

Marking Bits: (ParMarkBitMap*) 0x0000000077f812b0
 Begin Bits: [0x0000000012f80000, 0x0000000014f08000)
 End Bits:   [0x0000000014f08000, 0x0000000016e90000)

Polling page: 0x0000000000140000

CodeCache: size=245760Kb used=4121Kb max_used=4121Kb free=241638Kb
 bounds [0x0000000002aa0000, 0x0000000002eb0000, 0x0000000011aa0000]
 total_blobs=1638 nmethods=1164 adapters=388
 compilation: enabled

Compilation events (10 events):
Event: 1.503 Thread 0x0000000018d5a800 nmethod 1156 0x0000000002e884d0 code [0x0000000002e88680, 0x0000000002e88af8]
Event: 1.503 Thread 0x0000000018d5a800 1157       3       voxels.ChunkManager.ChunkManager::getHandle (55 bytes)
Event: 1.504 Thread 0x0000000018d5a800 nmethod 1157 0x0000000002e8be10 code [0x0000000002e8c040, 0x0000000002e8cbd8]
Event: 1.504 Thread 0x0000000018d5a800 1155       3       java.util.HashMap$HashIterator::hasNext (13 bytes)
Event: 1.504 Thread 0x0000000018d5a800 nmethod 1155 0x0000000002e88150 code [0x0000000002e882a0, 0x0000000002e88450]
Event: 1.504 Thread 0x0000000018d38800 1154       4       java.lang.StrictMath::floorOrCeil (128 bytes)
Event: 1.504 Thread 0x0000000017c8f000 nmethod 1138 0x0000000002e8ef10 code [0x0000000002e8f0c0, 0x0000000002e8f580]
Event: 1.504 Thread 0x0000000017c8f000 1158       4       voxels.ChunkManager.ActiveChunkLoader::hasMoved (57 bytes)
Event: 1.504 Thread 0x0000000018d38800 nmethod 1154 0x0000000002e879d0 code [0x0000000002e87b20, 0x0000000002e87bd8]
Event: 1.506 Thread 0x0000000017c8f000 nmethod 1158 0x0000000002e8ad90 code [0x0000000002e8af40, 0x0000000002e8b288]

GC Heap History (10 events):
Event: 1.081 GC heap before
{Heap before GC invocations=13 (full 0):
 PSYoungGen      total 20480K, used 19072K [0x00000000d5f80000, 0x00000000d7780000, 0x0000000100000000)
  eden space 17408K, 100% used [0x00000000d5f80000,0x00000000d7080000,0x00000000d7080000)
  from space 3072K, 54% used [0x00000000d7480000,0x00000000d7620000,0x00000000d7780000)
  to   space 3584K, 0% used [0x00000000d7080000,0x00000000d7080000,0x00000000d7400000)
 ParOldGen       total 129536K, used 9604K [0x0000000081e00000, 0x0000000089c80000, 0x00000000d5f80000)
  object space 129536K, 7% used [0x0000000081e00000,0x0000000082761068,0x0000000089c80000)
 Metaspace       used 9038K, capacity 9447K, committed 9600K, reserved 1058816K
  class space    used 948K, capacity 1036K, committed 1152K, reserved 1048576K
Event: 1.082 GC heap after
Heap after GC invocations=13 (full 0):
 PSYoungGen      total 20992K, used 1792K [0x00000000d5f80000, 0x00000000d8200000, 0x0000000100000000)
  eden space 17408K, 0% used [0x00000000d5f80000,0x00000000d5f80000,0x00000000d7080000)
  from space 3584K, 50% used [0x00000000d7080000,0x00000000d7240000,0x00000000d7400000)
  to   space 3584K, 0% used [0x00000000d7e80000,0x00000000d7e80000,0x00000000d8200000)
 ParOldGen       total 129536K, used 9777K [0x0000000081e00000, 0x0000000089c80000, 0x00000000d5f80000)
  object space 129536K, 7% used [0x0000000081e00000,0x000000008278c4a8,0x0000000089c80000)
 Metaspace       used 9038K, capacity 9447K, committed 9600K, reserved 1058816K
  class space    used 948K, capacity 1036K, committed 1152K, reserved 1048576K
}
Event: 1.133 GC heap before
{Heap before GC invocations=14 (full 0):
 PSYoungGen      total 20992K, used 19162K [0x00000000d5f80000, 0x00000000d8200000, 0x0000000100000000)
  eden space 17408K, 99% used [0x00000000d5f80000,0x00000000d7076a70,0x00000000d7080000)
  from space 3584K, 50% used [0x00000000d7080000,0x00000000d7240000,0x00000000d7400000)
  to   space 3584K, 0% used [0x00000000d7e80000,0x00000000d7e80000,0x00000000d8200000)
 ParOldGen       total 129536K, used 9777K [0x0000000081e00000, 0x0000000089c80000, 0x00000000d5f80000)
  object space 129536K, 7% used [0x0000000081e00000,0x000000008278c4a8,0x0000000089c80000)
 Metaspace       used 9050K, capacity 9447K, committed 9600K, reserved 1058816K
  class space    used 948K, capacity 1036K, committed 1152K, reserved 1048576K
Event: 1.135 GC heap after
Heap after GC invocations=14 (full 0):
 PSYoungGen      total 31744K, used 1828K [0x00000000d5f80000, 0x00000000d8200000, 0x0000000100000000)
  eden space 28160K, 0% used [0x00000000d5f80000,0x00000000d5f80000,0x00000000d7b00000)
  from space 3584K, 51% used [0x00000000d7e80000,0x00000000d80490c8,0x00000000d8200000)
  to   space 3584K, 0% used [0x00000000d7b00000,0x00000000d7b00000,0x00000000d7e80000)
 ParOldGen       total 129536K, used 9989K [0x0000000081e00000, 0x0000000089c80000, 0x00000000d5f80000)
  object space 129536K, 7% used [0x0000000081e00000,0x00000000827c1540,0x0000000089c80000)
 Metaspace       used 9050K, capacity 9447K, committed 9600K, reserved 1058816K
  class space    used 948K, capacity 1036K, committed 1152K, reserved 1048576K
}
Event: 1.196 GC heap before
{Heap before GC invocations=15 (full 0):
 PSYoungGen      total 31744K, used 29988K [0x00000000d5f80000, 0x00000000d8200000, 0x0000000100000000)
  eden space 28160K, 100% used [0x00000000d5f80000,0x00000000d7b00000,0x00000000d7b00000)
  from space 3584K, 51% used [0x00000000d7e80000,0x00000000d80490c8,0x00000000d8200000)
  to   space 3584K, 0% used [0x00000000d7b00000,0x00000000d7b00000,0x00000000d7e80000)
 ParOldGen       total 129536K, used 9989K [0x0000000081e00000, 0x0000000089c80000, 0x00000000d5f80000)
  object space 129536K, 7% used [0x0000000081e00000,0x00000000827c1540,0x0000000089c80000)
 Metaspace       used 9067K, capacity 9447K, committed 9600K, reserved 1058816K
  class space    used 948K, capacity 1036K, committed 1152K, reserved 1048576K
Event: 1.207 GC heap after
Heap after GC invocations=15 (full 0):
 PSYoungGen      total 31744K, used 1824K [0x00000000d5f80000, 0x00000000d9280000, 0x0000000100000000)
  eden space 28160K, 0% used [0x00000000d5f80000,0x00000000d5f80000,0x00000000d7b00000)
  from space 3584K, 50% used [0x00000000d7b00000,0x00000000d7cc8000,0x00000000d7e80000)
  to   space 3584K, 0% used [0x00000000d8f00000,0x00000000d8f00000,0x00000000d9280000)
 ParOldGen       total 129536K, used 10164K [0x0000000081e00000, 0x0000000089c80000, 0x00000000d5f80000)
  object space 129536K, 7% used [0x0000000081e00000,0x00000000827ed120,0x0000000089c80000)
 Metaspace       used 9067K, capacity 9447K, committed 9600K, reserved 1058816K
  class space    used 948K, capacity 1036K, committed 1152K, reserved 1048576K
}
Event: 1.327 GC heap before
{Heap before GC invocations=16 (full 0):
 PSYoungGen      total 31744K, used 29984K [0x00000000d5f80000, 0x00000000d9280000, 0x0000000100000000)
  eden space 28160K, 100% used [0x00000000d5f80000,0x00000000d7b00000,0x00000000d7b00000)
  from space 3584K, 50% used [0x00000000d7b00000,0x00000000d7cc8000,0x00000000d7e80000)
  to   space 3584K, 0% used [0x00000000d8f00000,0x00000000d8f00000,0x00000000d9280000)
 ParOldGen       total 129536K, used 10164K [0x0000000081e00000, 0x0000000089c80000, 0x00000000d5f80000)
  object space 129536K, 7% used [0x0000000081e00000,0x00000000827ed120,0x0000000089c80000)
 Metaspace       used 9084K, capacity 9447K, committed 9600K, reserved 1058816K
  class space    used 948K, capacity 1036K, committed 1152K, reserved 1048576K
Event: 1.328 GC heap after
Heap after GC invocations=16 (full 0):
 PSYoungGen      total 47616K, used 1632K [0x00000000d5f80000, 0x00000000d9180000, 0x0000000100000000)
  eden space 45056K, 0% used [0x00000000d5f80000,0x00000000d5f80000,0x00000000d8b80000)
  from space 2560K, 63% used [0x00000000d8f00000,0x00000000d9098000,0x00000000d9180000)
  to   space 3072K, 0% used [0x00000000d8b80000,0x00000000d8b80000,0x00000000d8e80000)
 ParOldGen       total 129536K, used 10396K [0x0000000081e00000, 0x0000000089c80000, 0x00000000d5f80000)
  object space 129536K, 8% used [0x0000000081e00000,0x00000000828273d0,0x0000000089c80000)
 Metaspace       used 9084K, capacity 9447K, committed 9600K, reserved 1058816K
  class space    used 948K, capacity 1036K, committed 1152K, reserved 1048576K
}
Event: 1.467 GC heap before
{Heap before GC invocations=17 (full 0):
 PSYoungGen      total 47616K, used 46688K [0x00000000d5f80000, 0x00000000d9180000, 0x0000000100000000)
  eden space 45056K, 100% used [0x00000000d5f80000,0x00000000d8b80000,0x00000000d8b80000)
  from space 2560K, 63% used [0x00000000d8f00000,0x00000000d9098000,0x00000000d9180000)
  to   space 3072K, 0% used [0x00000000d8b80000,0x00000000d8b80000,0x00000000d8e80000)
 ParOldGen       total 129536K, used 10396K [0x0000000081e00000, 0x0000000089c80000, 0x00000000d5f80000)
  object space 129536K, 8% used [0x0000000081e00000,0x00000000828273d0,0x0000000089c80000)
 Metaspace       used 9238K, capacity 9575K, committed 9856K, reserved 1058816K
  class space    used 957K, capacity 1036K, committed 1152K, reserved 1048576K
Event: 1.472 GC heap after
Heap after GC invocations=17 (full 0):
 PSYoungGen      total 48128K, used 3070K [0x00000000d5f80000, 0x00000000da880000, 0x0000000100000000)
  eden space 45056K, 0% used [0x00000000d5f80000,0x00000000d5f80000,0x00000000d8b80000)
  from space 3072K, 99% used [0x00000000d8b80000,0x00000000d8e7fa10,0x00000000d8e80000)
  to   space 5632K, 0% used [0x00000000da300000,0x00000000da300000,0x00000000da880000)
 ParOldGen       total 129536K, used 15660K [0x0000000081e00000, 0x0000000089c80000, 0x00000000d5f80000)
  object space 129536K, 12% used [0x0000000081e00000,0x0000000082d4b248,0x0000000089c80000)
 Metaspace       used 9238K, capacity 9575K, committed 9856K, reserved 1058816K
  class space    used 957K, capacity 1036K, committed 1152K, reserved 1048576K
}

Deoptimization events (10 events):
Event: 1.431 Thread 0x000000000237e000 Uncommon trap: reason=class_check action=maybe_recompile pc=0x0000000002e4d614 method=java.lang.reflect.Array.newInstance(Ljava/lang/Class;I)Ljava/lang/Object; @ 2
Event: 1.431 Thread 0x000000000237e000 Uncommon trap: reason=class_check action=maybe_recompile pc=0x0000000002e4d614 method=java.lang.reflect.Array.newInstance(Ljava/lang/Class;I)Ljava/lang/Object; @ 2
Event: 1.431 Thread 0x000000000237e000 Uncommon trap: reason=class_check action=maybe_recompile pc=0x0000000002e4d614 method=java.lang.reflect.Array.newInstance(Ljava/lang/Class;I)Ljava/lang/Object; @ 2
Event: 1.433 Thread 0x000000000237e000 Uncommon trap: reason=array_check action=maybe_recompile pc=0x0000000002e51230 method=de.ruedigermoeller.serialization.FSTObjectInput.readArray(Lde/ruedigermoeller/serialization/FSTClazzInfo$FSTFieldInfo;)Ljava/lang/Object; @ 711
Event: 1.434 Thread 0x000000000237e000 Uncommon trap: reason=array_check action=maybe_recompile pc=0x0000000002e51230 method=de.ruedigermoeller.serialization.FSTObjectInput.readArray(Lde/ruedigermoeller/serialization/FSTClazzInfo$FSTFieldInfo;)Ljava/lang/Object; @ 711
Event: 1.434 Thread 0x000000000237e000 Uncommon trap: reason=array_check action=maybe_recompile pc=0x0000000002e51230 method=de.ruedigermoeller.serialization.FSTObjectInput.readArray(Lde/ruedigermoeller/serialization/FSTClazzInfo$FSTFieldInfo;)Ljava/lang/Object; @ 711
Event: 1.435 Thread 0x000000000237e000 Uncommon trap: reason=array_check action=maybe_recompile pc=0x0000000002e51230 method=de.ruedigermoeller.serialization.FSTObjectInput.readArray(Lde/ruedigermoeller/serialization/FSTClazzInfo$FSTFieldInfo;)Ljava/lang/Object; @ 711
Event: 1.457 Thread 0x000000000237e000 Uncommon trap: reason=array_check action=maybe_recompile pc=0x0000000002e64b64 method=de.ruedigermoeller.serialization.FSTObjectInput.readArray(Lde/ruedigermoeller/serialization/FSTClazzInfo$FSTFieldInfo;)Ljava/lang/Object; @ 711
Event: 1.466 Thread 0x000000000237e000 Uncommon trap: reason=null_assert action=make_not_entrant pc=0x0000000002ded7d4 method=java.util.concurrent.ConcurrentHashMap.putVal(Ljava/lang/Object;Ljava/lang/Object;Z)Ljava/lang/Object; @ 264
Event: 1.500 Thread 0x000000000237e000 Uncommon trap: reason=unloaded action=reinterpret pc=0x0000000002dc63ec method=voxels.Voxels.gameLoop()V @ 130

Internal exceptions (10 events):
Event: 1.397 Thread 0x000000000237e000 Exception <a 'java/security/PrivilegedActionException'> (0x00000000d7c8cc08) thrown at [C:\re\workspace\8-2-build-windows-amd64-cygwin\jdk8u11\648\hotspot\src\share\vm\prims\jvm.cpp, line 1248]
Event: 1.397 Thread 0x000000000237e000 Exception <a 'java/security/PrivilegedActionException'> (0x00000000d7c92868) thrown at [C:\re\workspace\8-2-build-windows-amd64-cygwin\jdk8u11\648\hotspot\src\share\vm\prims\jvm.cpp, line 1248]
Event: 1.397 Thread 0x000000000237e000 Exception <a 'java/security/PrivilegedActionException'> (0x00000000d7c98638) thrown at [C:\re\workspace\8-2-build-windows-amd64-cygwin\jdk8u11\648\hotspot\src\share\vm\prims\jvm.cpp, line 1248]
Event: 1.398 Thread 0x000000000237e000 Exception <a 'java/security/PrivilegedActionException'> (0x00000000d7c9f060) thrown at [C:\re\workspace\8-2-build-windows-amd64-cygwin\jdk8u11\648\hotspot\src\share\vm\prims\jvm.cpp, line 1248]
Event: 1.399 Thread 0x000000000237e000 Exception <a 'java/security/PrivilegedActionException'> (0x00000000d7dc7e78) thrown at [C:\re\workspace\8-2-build-windows-amd64-cygwin\jdk8u11\648\hotspot\src\share\vm\prims\jvm.cpp, line 1248]
Event: 1.400 Thread 0x000000000237e000 Exception <a 'java/security/PrivilegedActionException'> (0x00000000d7dcd890) thrown at [C:\re\workspace\8-2-build-windows-amd64-cygwin\jdk8u11\648\hotspot\src\share\vm\prims\jvm.cpp, line 1248]
Event: 1.400 Thread 0x000000000237e000 Exception <a 'java/security/PrivilegedActionException'> (0x00000000d7dd65e8) thrown at [C:\re\workspace\8-2-build-windows-amd64-cygwin\jdk8u11\648\hotspot\src\share\vm\prims\jvm.cpp, line 1248]
Event: 1.500 Thread 0x000000000237e000 Exception <a 'java/security/PrivilegedActionException'> (0x00000000d65648e0) thrown at [C:\re\workspace\8-2-build-windows-amd64-cygwin\jdk8u11\648\hotspot\src\share\vm\prims\jvm.cpp, line 1248]
Event: 1.507 Thread 0x000000001e329800 Exception <a 'java/security/PrivilegedActionException'> (0x00000000d6661278) thrown at [C:\re\workspace\8-2-build-windows-amd64-cygwin\jdk8u11\648\hotspot\src\share\vm\prims\jvm.cpp, line 1248]
Event: 1.508 Thread 0x000000001e329800 Exception <a 'java/security/PrivilegedActionException'> (0x00000000d6663758) thrown at [C:\re\workspace\8-2-build-windows-amd64-cygwin\jdk8u11\648\hotspot\src\share\vm\prims\jvm.cpp, line 1248]

Events (10 events):
Event: 1.500 loading class voxels/Voxels$1 done
Event: 1.501 Thread 0x000000001e328000 Thread added: 0x000000001e328000
Event: 1.506 Thread 0x000000001e32a000 Thread added: 0x000000001e32a000
Event: 1.506 Thread 0x000000001e327000 Thread added: 0x000000001e327000
Event: 1.507 Thread 0x000000001e32b000 Thread added: 0x000000001e32b000
Event: 1.507 loading class voxels/ChunkManager/Vertex
Event: 1.507 loading class voxels/ChunkManager/Vertex done
Event: 1.507 Thread 0x000000001e32b800 Thread added: 0x000000001e32b800
Event: 1.508 loading class voxels/ChunkManager/Side
Event: 1.508 loading class voxels/ChunkManager/Side done


Dynamic libraries:
0x000000013fad0000 - 0x000000013fb04000 	C:\Program Files\Java\jdk1.8.0_11\bin\java.exe
0x0000000077280000 - 0x0000000077429000 	C:\Windows\SYSTEM32\ntdll.dll
0x0000000077160000 - 0x000000007727f000 	C:\Windows\system32\kernel32.dll
0x000007fefd0b0000 - 0x000007fefd11c000 	C:\Windows\system32\KERNELBASE.dll
0x000007fefdf40000 - 0x000007fefe01b000 	C:\Windows\system32\ADVAPI32.dll
0x000007fefde90000 - 0x000007fefdf2f000 	C:\Windows\system32\msvcrt.dll
0x000007fefe2c0000 - 0x000007fefe2df000 	C:\Windows\SYSTEM32\sechost.dll
0x000007fefd700000 - 0x000007fefd82d000 	C:\Windows\system32\RPCRT4.dll
0x0000000077060000 - 0x000000007715a000 	C:\Windows\system32\USER32.dll
0x000007fefe410000 - 0x000007fefe477000 	C:\Windows\system32\GDI32.dll
0x000007fefdf30000 - 0x000007fefdf3e000 	C:\Windows\system32\LPK.dll
0x000007fefda40000 - 0x000007fefdb09000 	C:\Windows\system32\USP10.dll
0x000007fefbaa0000 - 0x000007fefbc94000 	C:\Windows\WinSxS\amd64_microsoft.windows.common-controls_6595b64144ccf1df_6.0.7601.17514_none_fa396087175ac9ac\COMCTL32.dll
0x000007fefdb10000 - 0x000007fefdb81000 	C:\Windows\system32\SHLWAPI.dll
0x000007feff560000 - 0x000007feff58e000 	C:\Windows\system32\IMM32.DLL
0x000007fefe480000 - 0x000007fefe589000 	C:\Windows\system32\MSCTF.dll
0x00000000522b0000 - 0x0000000052382000 	C:\Program Files\Java\jdk1.8.0_11\jre\bin\msvcr100.dll
0x00000000777d0000 - 0x0000000077ffa000 	C:\Program Files\Java\jdk1.8.0_11\jre\bin\server\jvm.dll
0x000007fef52d0000 - 0x000007fef52d9000 	C:\Windows\system32\WSOCK32.dll
0x000007fefe270000 - 0x000007fefe2bd000 	C:\Windows\system32\WS2_32.dll
0x000007fefe2e0000 - 0x000007fefe2e8000 	C:\Windows\system32\NSI.dll
0x000007fef75d0000 - 0x000007fef760b000 	C:\Windows\system32\WINMM.dll
0x0000000077450000 - 0x0000000077457000 	C:\Windows\system32\PSAPI.DLL
0x000000005f290000 - 0x000000005f29f000 	C:\Program Files\Java\jdk1.8.0_11\jre\bin\verify.dll
0x0000000052410000 - 0x0000000052438000 	C:\Program Files\Java\jdk1.8.0_11\jre\bin\java.dll
0x00000000523f0000 - 0x0000000052406000 	C:\Program Files\Java\jdk1.8.0_11\jre\bin\zip.dll
0x000007fefe590000 - 0x000007feff318000 	C:\Windows\system32\SHELL32.dll
0x000007fefd830000 - 0x000007fefda33000 	C:\Windows\system32\ole32.dll
0x000007fefd0a0000 - 0x000007fefd0af000 	C:\Windows\system32\profapi.dll
0x0000000180000000 - 0x0000000180051000 	C:\Users\otso\Documents\LWJGL\lwjgl-2.9.1\native\windows\lwjgl64.dll
0x000007fef8d60000 - 0x000007fef8e7d000 	C:\Windows\system32\OPENGL32.dll
0x000007fef8680000 - 0x000007fef86ad000 	C:\Windows\system32\GLU32.dll
0x000007fee6130000 - 0x000007fee6221000 	C:\Windows\system32\DDRAW.dll
0x000007fef8d50000 - 0x000007fef8d58000 	C:\Windows\system32\DCIMAN32.dll
0x000007fefdbf0000 - 0x000007fefddc7000 	C:\Windows\system32\SETUPAPI.dll
0x000007fefd210000 - 0x000007fefd246000 	C:\Windows\system32\CFGMGR32.dll
0x000007fefe020000 - 0x000007fefe0f7000 	C:\Windows\system32\OLEAUT32.dll
0x000007fefd420000 - 0x000007fefd43a000 	C:\Windows\system32\DEVOBJ.dll
0x000007fefb250000 - 0x000007fefb268000 	C:\Windows\system32\dwmapi.dll
0x000007fefc160000 - 0x000007fefc16c000 	C:\Windows\system32\VERSION.dll
0x000007fefb630000 - 0x000007fefb686000 	C:\Windows\system32\uxtheme.dll
0x000007fefafa0000 - 0x000007fefafb1000 	C:\Program Files (x86)\Dexpot\hooxpot64.dll
0x000007fef8d10000 - 0x000007fef8d28000 	C:\Windows\system32\atig6pxx.dll
0x0000000069010000 - 0x000000006ab50000 	C:\Windows\system32\atio6axx.dll
0x000007fefa7b0000 - 0x000007fefa8df000 	C:\Windows\system32\atiadlxx.dll
0x000007fefb6a0000 - 0x000007fefb7cc000 	C:\Windows\system32\PROPSYS.dll
0x000007fefd1e0000 - 0x000007fefd1fe000 	C:\Windows\system32\USERENV.dll
0x000007fefc170000 - 0x000007fefc181000 	C:\Windows\system32\WTSAPI32.dll
0x000007fefa780000 - 0x000007fefa7a7000 	C:\Windows\system32\IPHLPAPI.DLL
0x000007fefa770000 - 0x000007fefa77b000 	C:\Windows\system32\WINNSI.DLL
0x000007fefd250000 - 0x000007fefd28a000 	C:\Windows\system32\WINTRUST.dll
0x000007fefd2b0000 - 0x000007fefd41c000 	C:\Windows\system32\CRYPT32.dll
0x000007fefd090000 - 0x000007fefd09f000 	C:\Windows\system32\MSASN1.dll
0x000007fef5520000 - 0x000007fef5549000 	C:\Windows\system32\atig6txx.dll
0x000007fefcef0000 - 0x000007fefceff000 	C:\Windows\system32\CRYPTBASE.dll
0x000007fefddf0000 - 0x000007fefde89000 	C:\Windows\system32\CLBCatQ.DLL
0x000007fef5600000 - 0x000007fef569c000 	C:\Windows\system32\mscms.dll
0x000007fef57a0000 - 0x000007fef57e2000 	C:\Windows\system32\icm32.dll
0x0000000052110000 - 0x00000000522a6000 	C:\Program Files\Java\jdk1.8.0_11\jre\bin\awt.dll
0x000000006f460000 - 0x000000006f46c000 	C:\Program Files\Java\jdk1.8.0_11\jre\bin\jsound.dll
0x000000006f470000 - 0x000000006f47b000 	C:\Program Files\Java\jdk1.8.0_11\jre\bin\jsoundds.dll
0x000007fef53e0000 - 0x000007fef5468000 	C:\Windows\system32\DSOUND.dll
0x000007fefc130000 - 0x000007fefc15c000 	C:\Windows\system32\POWRPROF.dll
0x000007fefb820000 - 0x000007fefb86b000 	C:\Windows\system32\MMDevAPI.DLL
0x000007fee5030000 - 0x000007fee506b000 	C:\Windows\system32\wdmaud.drv
0x00000000525e0000 - 0x00000000525e6000 	C:\Windows\system32\ksuser.dll
0x000007fefb690000 - 0x000007fefb699000 	C:\Windows\system32\AVRT.dll
0x000007fef5360000 - 0x000007fef53af000 	C:\Windows\system32\AUDIOSES.DLL
0x000007fefa590000 - 0x000007fefa59a000 	C:\Windows\system32\msacm32.drv
0x000007fef5500000 - 0x000007fef5518000 	C:\Windows\system32\MSACM32.dll
0x000007fefa4d0000 - 0x000007fefa4d9000 	C:\Windows\system32\midimap.dll
0x000007fefc890000 - 0x000007fefc8a7000 	C:\Windows\system32\CRYPTSP.dll
0x000007fefc590000 - 0x000007fefc5d7000 	C:\Windows\system32\rsaenh.dll
0x00000000523d0000 - 0x00000000523ea000 	C:\Program Files\Java\jdk1.8.0_11\jre\bin\net.dll
0x000007fefc830000 - 0x000007fefc885000 	C:\Windows\system32\mswsock.dll
0x000007fefc820000 - 0x000007fefc827000 	C:\Windows\System32\wship6.dll
0x000007fefa4b0000 - 0x000007fefa4c1000 	C:\Windows\system32\dhcpcsvc6.DLL
0x000007fefa490000 - 0x000007fefa4a8000 	C:\Windows\system32\dhcpcsvc.DLL
0x00000000523b0000 - 0x00000000523c1000 	C:\Program Files\Java\jdk1.8.0_11\jre\bin\nio.dll
0x0000000066f40000 - 0x0000000066f68000 	C:\Users\otso\AppData\Local\Temp\liblz4-java8732720552128994389.so
0x000007fef6d10000 - 0x000007fef6e35000 	C:\Windows\system32\dbghelp.dll

VM Arguments:
jvm_args: -Dfile.encoding=UTF-8 -Djava.library.path=C:\Users\otso\Documents\LWJGL\lwjgl-2.9.1\native\windows 
java_command: voxels.Voxels
java_class_path (initial): C:\Users\otso\Documents\LWJGL\lwjgl-2.9.1\jar\jinput.jar;C:\Users\otso\Documents\LWJGL\lwjgl-2.9.1\jar\lwjgl.jar;C:\Users\otso\Documents\LWJGL\lwjgl-2.9.1\jar\lwjgl_util.jar;C:\Users\otso\Documents\Java libraries\slick-util.jar;C:\Users\otso\Documents\Java libraries\slick.jar;C:\Users\otso\Documents\NetBeansProjects\slick.jar;C:\Users\otso\Documents\NetBeansProjects\fst-1.55-onejar.jar;C:\Users\otso\Documents\Java libraries\compress-lzf-1.0.1-javadoc.jar;C:\Users\otso\Documents\Java libraries\compress-lzf-1.0.1.jar;C:\Users\otso\Documents\Java libraries\jorbis-0.0.17.jar;C:\Users\otso\Documents\Java libraries\tritonus_share.jar;C:\Users\otso\Documents\Java libraries\vorbisspi1.0.3.jar;D:\libraries\lz4-1.2.0.jar;C:\Users\otso\Documents\NetBeansProjects\Voxels\build\classes
Launcher Type: SUN_STANDARD

Environment Variables:
PATH=C:\ProgramData\Oracle\Java\javapath;C:\Program Files (x86)\NVIDIA Corporation\PhysX\Common;C:\Program Files (x86)\Intel\iCLS Client\;C:\Program Files\Intel\iCLS Client\;C:\Windows\system32;C:\Windows;C:\Windows\System32\Wbem;C:\Windows\System32\WindowsPowerShell\v1.0\;C:\Program Files\Intel\Intel(R) Management Engine Components\DAL;C:\Program Files (x86)\Intel\Intel(R) Management Engine Components\DAL;C:\Program Files\Intel\Intel(R) Management Engine Components\IPT;C:\Program Files (x86)\Intel\Intel(R) Management Engine Components\IPT;C:\Program Files (x86)\ATI Technologies\ATI.ACE\Core-Static;C:\cygwin\bin;C:\Program Files (x86)\Windows Kits\8.1\Windows Performance Toolkit\;C:\Program Files\Microsoft SQL Server\110\Tools\Binn\
USERNAME=otso
OS=Windows_NT
PROCESSOR_IDENTIFIER=Intel64 Family 6 Model 60 Stepping 3, GenuineIntel



---------------  S Y S T E M  ---------------

OS: Windows 7 , 64 bit Build 7601 Service Pack 1

CPU:total 8 (4 cores per cpu, 2 threads per core) family 6 model 60 stepping 3, cmov, cx8, fxsr, mmx, sse, sse2, sse3, ssse3, sse4.1, sse4.2, popcnt, avx, avx2, aes, clmul, erms, ht, tsc, tscinvbit

Memory: 4k page, physical 8263612k(1663664k free), swap 16525360k(8149216k free)

vm_info: Java HotSpot(TM) 64-Bit Server VM (25.11-b03) for windows-amd64 JRE (1.8.0_11-b12), built on Jun 16 2014 20:57:32 by "java_re" with MS VC++ 10.0 (VS2010)

time: Thu Oct 09 16:41:09 2014
elapsed time: 1 seconds

