#
# A fatal error has been detected by the Java Runtime Environment:
#
#  EXCEPTION_ACCESS_VIOLATION (0xc0000005) at pc=0x000000006930ee40, pid=3636, tid=6164
#
# JRE version: Java(TM) SE Runtime Environment (8.0_11-b12) (build 1.8.0_11-b12)
# Java VM: Java HotSpot(TM) 64-Bit Server VM (25.11-b03 mixed mode windows-amd64 compressed oops)
# Problematic frame:
# C  [atio6axx.dll+0x2fee40]
#
# Failed to write core dump. Minidumps are not enabled by default on client versions of Windows
#
# If you would like to submit a bug report, please visit:
#   http://bugreport.sun.com/bugreport/crash.jsp
# The crash happened outside the Java Virtual Machine in native code.
# See problematic frame for where to report the bug.
#

---------------  T H R E A D  ---------------

Current thread (0x00000000020be000):  JavaThread "main" [_thread_in_native, id=6164, stack(0x0000000002390000,0x0000000002490000)]

siginfo: ExceptionCode=0xc0000005, reading address 0x0000000000000000

Registers:
RAX=0x000000000000000c, RBX=0x0000000000000001, RCX=0x000000001be7d000, RDX=0x000000001be7d120
RSP=0x000000000248ee70, RBP=0x0000000000000001, RSI=0x0000000000000018, RDI=0x000000001be7d000
R8 =0x000000001be7d119, R9 =0x0000000000000000, R10=0x000000006a9a5898, R11=0x0000000000000000
R12=0x000000006a9a5678, R13=0x0000000000000120, R14=0x0000000000000001, R15=0x000000000000000c
RIP=0x000000006930ee40, EFLAGS=0x0000000000010297

Top of Stack: (sp=0x000000000248ee70)
0x000000000248ee70:   000000001d730e00 000000000001d000
0x000000000248ee80:   0000000000000120 000000001d6e37d0
0x000000000248ee90:   000000001d6d6ae0 0000000069a6502d
0x000000000248eea0:   0000000000000001 000000001d6d6ae0
0x000000000248eeb0:   000000006a9a5040 0000000000000000
0x000000000248eec0:   000000001d6d6ae0 0000000069a65acc
0x000000000248eed0:   000000001d5adb50 000000001d6e37d0
0x000000000248eee0:   000000001d6d48f0 0000000069a66523
0x000000000248eef0:   00000000003b2070 000000000041a2a0
0x000000000248ef00:   0000000000335760 000000001c74bc20
0x000000000248ef10:   000000001d5adb50 000000000248efd0
0x000000000248ef20:   0000000000000000 0000000000000000
0x000000000248ef30:   000000001b6cb280 0000000000000000
0x000000000248ef40:   0000000069010000 000000000041a2a0
0x000000000248ef50:   000000000248f060 0000000069a66523
0x000000000248ef60:   00000000003b2070 000000000041a2a0 

Instructions: (pc=0x000000006930ee40)
0x000000006930ee20:   d1 e8 7a f9 ee ff e9 65 01 00 00 41 8b d5 48 03
0x000000006930ee30:   d7 4c 8d 42 f9 49 3b f8 73 1a 66 0f 1f 44 00 00
0x000000006930ee40:   49 8b 01 48 83 c1 08 49 83 c1 08 48 89 41 f8 49
0x000000006930ee50:   3b c8 72 ec 4c 8d 42 fd 49 3b c8 73 16 0f 1f 00 


Register to memory mapping:

RAX=0x000000000000000c is an unknown value
RBX=0x0000000000000001 is an unknown value
RCX=0x000000001be7d000 is an unknown value
RDX=0x000000001be7d120 is an unknown value
RSP=0x000000000248ee70 is pointing into the stack for thread: 0x00000000020be000
RBP=0x0000000000000001 is an unknown value
RSI=0x0000000000000018 is an unknown value
RDI=0x000000001be7d000 is an unknown value
R8 =0x000000001be7d119 is an unknown value
R9 =0x0000000000000000 is an unknown value
R10=0x000000006a9a5898 is an unknown value
R11=0x0000000000000000 is an unknown value
R12=0x000000006a9a5678 is an unknown value
R13=0x0000000000000120 is an unknown value
R14=0x0000000000000001 is an unknown value
R15=0x000000000000000c is an unknown value


Stack: [0x0000000002390000,0x0000000002490000],  sp=0x000000000248ee70,  free space=1019k
Native frames: (J=compiled Java code, j=interpreted, Vv=VM code, C=native code)
C  [atio6axx.dll+0x2fee40]
C  [atio6axx.dll+0x2fc4bd]
C  [atio6axx.dll+0x280b30]
C  [atio6axx.dll+0x50ad38]
C  0x00000000027751ae

Java frames: (J=compiled Java code, j=interpreted, Vv=VM code)
j  org.lwjgl.opengl.GL11.nglDrawArrays(IIIJ)V+0
j  org.lwjgl.opengl.GL11.glDrawArrays(III)V+20
j  voxels.Voxels.render()V+307
j  voxels.Voxels.gameLoop()V+200
j  voxels.Voxels.main([Ljava/lang/String;)V+21
v  ~StubRoutines::call_stub

---------------  P R O C E S S  ---------------

Java Threads: ( => current thread )
  0x000000001e34b000 JavaThread "Thread-208" [_thread_blocked, id=6472, stack(0x000000001c160000,0x000000001c260000)]
  0x000000001e34a000 JavaThread "Thread-6" [_thread_in_Java, id=5220, stack(0x000000001bf80000,0x000000001c080000)]
  0x000000001e349800 JavaThread "Thread-3" [_thread_in_Java, id=7140, stack(0x000000001bd60000,0x000000001be60000)]
  0x0000000018e87000 JavaThread "Thread-2" daemon [_thread_blocked, id=3100, stack(0x0000000020770000,0x0000000020870000)]
  0x0000000018e84000 JavaThread "Java Sound Event Dispatcher" daemon [_thread_blocked, id=6928, stack(0x000000001ffd0000,0x00000000200d0000)]
  0x0000000018c93800 JavaThread "Service Thread" daemon [_thread_blocked, id=7080, stack(0x000000001a740000,0x000000001a840000)]
  0x0000000018c30800 JavaThread "C1 CompilerThread3" daemon [_thread_blocked, id=7136, stack(0x000000001a5f0000,0x000000001a6f0000)]
  0x0000000018c16000 JavaThread "C2 CompilerThread2" daemon [_thread_in_native, id=7132, stack(0x000000001a290000,0x000000001a390000)]
  0x0000000018c07000 JavaThread "C2 CompilerThread1" daemon [_thread_blocked, id=2160, stack(0x000000001a070000,0x000000001a170000)]
  0x0000000018bff800 JavaThread "C2 CompilerThread0" daemon [_thread_in_native, id=2784, stack(0x000000001a3a0000,0x000000001a4a0000)]
  0x0000000018bfd000 JavaThread "Attach Listener" daemon [_thread_blocked, id=5800, stack(0x000000001a170000,0x000000001a270000)]
  0x0000000018bfb800 JavaThread "Signal Dispatcher" daemon [_thread_blocked, id=5764, stack(0x0000000019f70000,0x000000001a070000)]
  0x00000000021bf000 JavaThread "Finalizer" daemon [_thread_blocked, id=6424, stack(0x0000000019d00000,0x0000000019e00000)]
  0x0000000017b43800 JavaThread "Reference Handler" daemon [_thread_blocked, id=6336, stack(0x0000000019e30000,0x0000000019f30000)]
=>0x00000000020be000 JavaThread "main" [_thread_in_native, id=6164, stack(0x0000000002390000,0x0000000002490000)]

Other Threads:
  0x0000000017b40800 VMThread [stack: 0x0000000019b40000,0x0000000019c40000] [id=4996]
  0x0000000018c94800 WatcherThread [stack: 0x000000001a860000,0x000000001a960000] [id=2976]

VM state:not at safepoint (normal execution)

VM Mutex/Monitor currently owned by a thread:  ([mutex/lock_event])
[0x00000000020bc520] Threads_lock - owner thread: 0x000000001e34b000

Heap:
 PSYoungGen      total 48128K, used 17178K [0x00000000d5f80000, 0x00000000da980000, 0x0000000100000000)
  eden space 45056K, 31% used [0x00000000d5f80000,0x00000000d6d4e120,0x00000000d8b80000)
  from space 3072K, 99% used [0x00000000d8b80000,0x00000000d8e78ad8,0x00000000d8e80000)
  to   space 6144K, 0% used [0x00000000da380000,0x00000000da380000,0x00000000da980000)
 ParOldGen       total 129536K, used 16563K [0x0000000081e00000, 0x0000000089c80000, 0x00000000d5f80000)
  object space 129536K, 12% used [0x0000000081e00000,0x0000000082e2cda0,0x0000000089c80000)
 Metaspace       used 9292K, capacity 9703K, committed 9856K, reserved 1058816K
  class space    used 962K, capacity 1036K, committed 1152K, reserved 1048576K

Card table byte_map: [0x0000000011b20000,0x0000000011f20000] byte_map_base: 0x0000000011711000

Marking Bits: (ParMarkBitMap*) 0x0000000077f812b0
 Begin Bits: [0x0000000012e50000, 0x0000000014dd8000)
 End Bits:   [0x0000000014dd8000, 0x0000000016d60000)

Polling page: 0x00000000005c0000

CodeCache: size=245760Kb used=4304Kb max_used=4304Kb free=241456Kb
 bounds [0x0000000002760000, 0x0000000002ba0000, 0x0000000011760000]
 total_blobs=1692 nmethods=1218 adapters=388
 compilation: enabled

Compilation events (10 events):
Event: 1.287 Thread 0x0000000018bff800 nmethod 1192 0x0000000002b59890 code [0x0000000002b59a00, 0x0000000002b59b38]
Event: 1.287 Thread 0x0000000018bff800 1193       4       voxels.Voxels::getCurrentChunkXId (24 bytes)
Event: 1.288 Thread 0x0000000018bff800 nmethod 1193 0x0000000002b52910 code [0x0000000002b52a80, 0x0000000002b52bb8]
Event: 1.288 Thread 0x0000000018c30800 1189       1       java.nio.HeapByteBuffer::ix (7 bytes)
Event: 1.288 Thread 0x0000000018c30800 nmethod 1189 0x0000000002b5b1d0 code [0x0000000002b5b320, 0x0000000002b5b430]
Event: 1.288 Thread 0x0000000018c30800 1191       3       voxels.ChunkManager.ChunkManager::getHandle (55 bytes)
Event: 1.288 Thread 0x0000000018c30800 nmethod 1191 0x0000000002b51410 code [0x0000000002b51640, 0x0000000002b521d8]
Event: 1.288 Thread 0x0000000018c30800 1188       3       java.nio.HeapByteBuffer::_get (7 bytes)
Event: 1.289 Thread 0x0000000018c30800 nmethod 1188 0x0000000002b51050 code [0x0000000002b511a0, 0x0000000002b51310]
Event: 1.289 Thread 0x0000000018c30800 1194 %     3       voxels.ChunkManager.ChunkMaker::createVertexHash @ 395 (2208 bytes)

GC Heap History (10 events):
Event: 0.928 GC heap before
{Heap before GC invocations=13 (full 0):
 PSYoungGen      total 20480K, used 19008K [0x00000000d5f80000, 0x00000000d7780000, 0x0000000100000000)
  eden space 17408K, 100% used [0x00000000d5f80000,0x00000000d7080000,0x00000000d7080000)
  from space 3072K, 52% used [0x00000000d7480000,0x00000000d7610000,0x00000000d7780000)
  to   space 3584K, 0% used [0x00000000d7080000,0x00000000d7080000,0x00000000d7400000)
 ParOldGen       total 129536K, used 9607K [0x0000000081e00000, 0x0000000089c80000, 0x00000000d5f80000)
  object space 129536K, 7% used [0x0000000081e00000,0x0000000082761ec8,0x0000000089c80000)
 Metaspace       used 9041K, capacity 9447K, committed 9600K, reserved 1058816K
  class space    used 948K, capacity 1036K, committed 1152K, reserved 1048576K
Event: 0.930 GC heap after
Heap after GC invocations=13 (full 0):
 PSYoungGen      total 20992K, used 1728K [0x00000000d5f80000, 0x00000000d8200000, 0x0000000100000000)
  eden space 17408K, 0% used [0x00000000d5f80000,0x00000000d5f80000,0x00000000d7080000)
  from space 3584K, 48% used [0x00000000d7080000,0x00000000d7230000,0x00000000d7400000)
  to   space 3584K, 0% used [0x00000000d7e80000,0x00000000d7e80000,0x00000000d8200000)
 ParOldGen       total 129536K, used 9839K [0x0000000081e00000, 0x0000000089c80000, 0x00000000d5f80000)
  object space 129536K, 7% used [0x0000000081e00000,0x000000008279bec8,0x0000000089c80000)
 Metaspace       used 9041K, capacity 9447K, committed 9600K, reserved 1058816K
  class space    used 948K, capacity 1036K, committed 1152K, reserved 1048576K
}
Event: 0.983 GC heap before
{Heap before GC invocations=14 (full 0):
 PSYoungGen      total 20992K, used 19136K [0x00000000d5f80000, 0x00000000d8200000, 0x0000000100000000)
  eden space 17408K, 100% used [0x00000000d5f80000,0x00000000d7080000,0x00000000d7080000)
  from space 3584K, 48% used [0x00000000d7080000,0x00000000d7230000,0x00000000d7400000)
  to   space 3584K, 0% used [0x00000000d7e80000,0x00000000d7e80000,0x00000000d8200000)
 ParOldGen       total 129536K, used 9839K [0x0000000081e00000, 0x0000000089c80000, 0x00000000d5f80000)
  object space 129536K, 7% used [0x0000000081e00000,0x000000008279bec8,0x0000000089c80000)
 Metaspace       used 9053K, capacity 9447K, committed 9600K, reserved 1058816K
  class space    used 948K, capacity 1036K, committed 1152K, reserved 1048576K
Event: 0.984 GC heap after
Heap after GC invocations=14 (full 0):
 PSYoungGen      total 31744K, used 1920K [0x00000000d5f80000, 0x00000000d8200000, 0x0000000100000000)
  eden space 28160K, 0% used [0x00000000d5f80000,0x00000000d5f80000,0x00000000d7b00000)
  from space 3584K, 53% used [0x00000000d7e80000,0x00000000d8060000,0x00000000d8200000)
  to   space 3584K, 0% used [0x00000000d7b00000,0x00000000d7b00000,0x00000000d7e80000)
 ParOldGen       total 129536K, used 10031K [0x0000000081e00000, 0x0000000089c80000, 0x00000000d5f80000)
  object space 129536K, 7% used [0x0000000081e00000,0x00000000827cbec8,0x0000000089c80000)
 Metaspace       used 9053K, capacity 9447K, committed 9600K, reserved 1058816K
  class space    used 948K, capacity 1036K, committed 1152K, reserved 1048576K
}
Event: 1.051 GC heap before
{Heap before GC invocations=15 (full 0):
 PSYoungGen      total 31744K, used 30080K [0x00000000d5f80000, 0x00000000d8200000, 0x0000000100000000)
  eden space 28160K, 100% used [0x00000000d5f80000,0x00000000d7b00000,0x00000000d7b00000)
  from space 3584K, 53% used [0x00000000d7e80000,0x00000000d8060000,0x00000000d8200000)
  to   space 3584K, 0% used [0x00000000d7b00000,0x00000000d7b00000,0x00000000d7e80000)
 ParOldGen       total 129536K, used 10031K [0x0000000081e00000, 0x0000000089c80000, 0x00000000d5f80000)
  object space 129536K, 7% used [0x0000000081e00000,0x00000000827cbec8,0x0000000089c80000)
 Metaspace       used 9070K, capacity 9447K, committed 9600K, reserved 1058816K
  class space    used 948K, capacity 1036K, committed 1152K, reserved 1048576K
Event: 1.053 GC heap after
Heap after GC invocations=15 (full 0):
 PSYoungGen      total 31744K, used 1856K [0x00000000d5f80000, 0x00000000d9280000, 0x0000000100000000)
  eden space 28160K, 0% used [0x00000000d5f80000,0x00000000d5f80000,0x00000000d7b00000)
  from space 3584K, 51% used [0x00000000d7b00000,0x00000000d7cd0000,0x00000000d7e80000)
  to   space 3584K, 0% used [0x00000000d8f00000,0x00000000d8f00000,0x00000000d9280000)
 ParOldGen       total 129536K, used 10262K [0x0000000081e00000, 0x0000000089c80000, 0x00000000d5f80000)
  object space 129536K, 7% used [0x0000000081e00000,0x0000000082805aa8,0x0000000089c80000)
 Metaspace       used 9070K, capacity 9447K, committed 9600K, reserved 1058816K
  class space    used 948K, capacity 1036K, committed 1152K, reserved 1048576K
}
Event: 1.110 GC heap before
{Heap before GC invocations=16 (full 0):
 PSYoungGen      total 31744K, used 30016K [0x00000000d5f80000, 0x00000000d9280000, 0x0000000100000000)
  eden space 28160K, 100% used [0x00000000d5f80000,0x00000000d7b00000,0x00000000d7b00000)
  from space 3584K, 51% used [0x00000000d7b00000,0x00000000d7cd0000,0x00000000d7e80000)
  to   space 3584K, 0% used [0x00000000d8f00000,0x00000000d8f00000,0x00000000d9280000)
 ParOldGen       total 129536K, used 10262K [0x0000000081e00000, 0x0000000089c80000, 0x00000000d5f80000)
  object space 129536K, 7% used [0x0000000081e00000,0x0000000082805aa8,0x0000000089c80000)
 Metaspace       used 9083K, capacity 9447K, committed 9600K, reserved 1058816K
  class space    used 948K, capacity 1036K, committed 1152K, reserved 1048576K
Event: 1.111 GC heap after
Heap after GC invocations=16 (full 0):
 PSYoungGen      total 47616K, used 1600K [0x00000000d5f80000, 0x00000000d9180000, 0x0000000100000000)
  eden space 45056K, 0% used [0x00000000d5f80000,0x00000000d5f80000,0x00000000d8b80000)
  from space 2560K, 62% used [0x00000000d8f00000,0x00000000d9090000,0x00000000d9180000)
  to   space 3072K, 0% used [0x00000000d8b80000,0x00000000d8b80000,0x00000000d8e80000)
 ParOldGen       total 129536K, used 10495K [0x0000000081e00000, 0x0000000089c80000, 0x00000000d5f80000)
  object space 129536K, 8% used [0x0000000081e00000,0x000000008283fdb8,0x0000000089c80000)
 Metaspace       used 9083K, capacity 9447K, committed 9600K, reserved 1058816K
  class space    used 948K, capacity 1036K, committed 1152K, reserved 1048576K
}
Event: 1.257 GC heap before
{Heap before GC invocations=17 (full 0):
 PSYoungGen      total 47616K, used 46656K [0x00000000d5f80000, 0x00000000d9180000, 0x0000000100000000)
  eden space 45056K, 100% used [0x00000000d5f80000,0x00000000d8b80000,0x00000000d8b80000)
  from space 2560K, 62% used [0x00000000d8f00000,0x00000000d9090000,0x00000000d9180000)
  to   space 3072K, 0% used [0x00000000d8b80000,0x00000000d8b80000,0x00000000d8e80000)
 ParOldGen       total 129536K, used 10495K [0x0000000081e00000, 0x0000000089c80000, 0x00000000d5f80000)
  object space 129536K, 8% used [0x0000000081e00000,0x000000008283fdb8,0x0000000089c80000)
 Metaspace       used 9248K, capacity 9639K, committed 9856K, reserved 1058816K
  class space    used 957K, capacity 1036K, committed 1152K, reserved 1048576K
Event: 1.263 GC heap after
Heap after GC invocations=17 (full 0):
 PSYoungGen      total 48128K, used 3042K [0x00000000d5f80000, 0x00000000da980000, 0x0000000100000000)
  eden space 45056K, 0% used [0x00000000d5f80000,0x00000000d5f80000,0x00000000d8b80000)
  from space 3072K, 99% used [0x00000000d8b80000,0x00000000d8e78ad8,0x00000000d8e80000)
  to   space 6144K, 0% used [0x00000000da380000,0x00000000da380000,0x00000000da980000)
 ParOldGen       total 129536K, used 16563K [0x0000000081e00000, 0x0000000089c80000, 0x00000000d5f80000)
  object space 129536K, 12% used [0x0000000081e00000,0x0000000082e2cda0,0x0000000089c80000)
 Metaspace       used 9248K, capacity 9639K, committed 9856K, reserved 1058816K
  class space    used 957K, capacity 1036K, committed 1152K, reserved 1048576K
}

Deoptimization events (10 events):
Event: 1.215 Thread 0x00000000020be000 Uncommon trap: reason=class_check action=maybe_recompile pc=0x0000000002b26ad4 method=java.lang.reflect.Array.newInstance(Ljava/lang/Class;I)Ljava/lang/Object; @ 2
Event: 1.215 Thread 0x00000000020be000 Uncommon trap: reason=class_check action=maybe_recompile pc=0x0000000002b26ad4 method=java.lang.reflect.Array.newInstance(Ljava/lang/Class;I)Ljava/lang/Object; @ 2
Event: 1.215 Thread 0x00000000020be000 Uncommon trap: reason=class_check action=maybe_recompile pc=0x0000000002b26ad4 method=java.lang.reflect.Array.newInstance(Ljava/lang/Class;I)Ljava/lang/Object; @ 2
Event: 1.215 Thread 0x00000000020be000 Uncommon trap: reason=class_check action=maybe_recompile pc=0x0000000002b26ad4 method=java.lang.reflect.Array.newInstance(Ljava/lang/Class;I)Ljava/lang/Object; @ 2
Event: 1.238 Thread 0x00000000020be000 Uncommon trap: reason=array_check action=maybe_recompile pc=0x0000000002b38ca4 method=de.ruedigermoeller.serialization.FSTObjectInput.readArray(Lde/ruedigermoeller/serialization/FSTClazzInfo$FSTFieldInfo;)Ljava/lang/Object; @ 711
Event: 1.238 Thread 0x00000000020be000 Uncommon trap: reason=array_check action=maybe_recompile pc=0x0000000002b38ca4 method=de.ruedigermoeller.serialization.FSTObjectInput.readArray(Lde/ruedigermoeller/serialization/FSTClazzInfo$FSTFieldInfo;)Ljava/lang/Object; @ 711
Event: 1.238 Thread 0x00000000020be000 Uncommon trap: reason=array_check action=maybe_recompile pc=0x0000000002b38ca4 method=de.ruedigermoeller.serialization.FSTObjectInput.readArray(Lde/ruedigermoeller/serialization/FSTClazzInfo$FSTFieldInfo;)Ljava/lang/Object; @ 711
Event: 1.238 Thread 0x00000000020be000 Uncommon trap: reason=array_check action=maybe_recompile pc=0x0000000002b38ca4 method=de.ruedigermoeller.serialization.FSTObjectInput.readArray(Lde/ruedigermoeller/serialization/FSTClazzInfo$FSTFieldInfo;)Ljava/lang/Object; @ 711
Event: 1.254 Thread 0x00000000020be000 Uncommon trap: reason=null_assert action=make_not_entrant pc=0x0000000002ac0318 method=java.util.concurrent.ConcurrentHashMap.putVal(Ljava/lang/Object;Ljava/lang/Object;Z)Ljava/lang/Object; @ 264
Event: 1.282 Thread 0x00000000020be000 Uncommon trap: reason=unloaded action=reinterpret pc=0x0000000002a9c92c method=voxels.Voxels.gameLoop()V @ 130

Internal exceptions (10 events):
Event: 1.182 Thread 0x00000000020be000 Exception <a 'java/security/PrivilegedActionException'> (0x00000000d7c1a750) thrown at [C:\re\workspace\8-2-build-windows-amd64-cygwin\jdk8u11\648\hotspot\src\share\vm\prims\jvm.cpp, line 1248]
Event: 1.182 Thread 0x00000000020be000 Exception <a 'java/security/PrivilegedActionException'> (0x00000000d7c203b0) thrown at [C:\re\workspace\8-2-build-windows-amd64-cygwin\jdk8u11\648\hotspot\src\share\vm\prims\jvm.cpp, line 1248]
Event: 1.182 Thread 0x00000000020be000 Exception <a 'java/security/PrivilegedActionException'> (0x00000000d7cb1530) thrown at [C:\re\workspace\8-2-build-windows-amd64-cygwin\jdk8u11\648\hotspot\src\share\vm\prims\jvm.cpp, line 1248]
Event: 1.183 Thread 0x00000000020be000 Exception <a 'java/security/PrivilegedActionException'> (0x00000000d7cc1020) thrown at [C:\re\workspace\8-2-build-windows-amd64-cygwin\jdk8u11\648\hotspot\src\share\vm\prims\jvm.cpp, line 1248]
Event: 1.184 Thread 0x00000000020be000 Exception <a 'java/security/PrivilegedActionException'> (0x00000000d7ce1f10) thrown at [C:\re\workspace\8-2-build-windows-amd64-cygwin\jdk8u11\648\hotspot\src\share\vm\prims\jvm.cpp, line 1248]
Event: 1.185 Thread 0x00000000020be000 Exception <a 'java/security/PrivilegedActionException'> (0x00000000d7ce7928) thrown at [C:\re\workspace\8-2-build-windows-amd64-cygwin\jdk8u11\648\hotspot\src\share\vm\prims\jvm.cpp, line 1248]
Event: 1.185 Thread 0x00000000020be000 Exception <a 'java/security/PrivilegedActionException'> (0x00000000d7cf0680) thrown at [C:\re\workspace\8-2-build-windows-amd64-cygwin\jdk8u11\648\hotspot\src\share\vm\prims\jvm.cpp, line 1248]
Event: 1.282 Thread 0x00000000020be000 Exception <a 'java/security/PrivilegedActionException'> (0x00000000d64d9698) thrown at [C:\re\workspace\8-2-build-windows-amd64-cygwin\jdk8u11\648\hotspot\src\share\vm\prims\jvm.cpp, line 1248]
Event: 1.286 Thread 0x000000001e34a000 Exception <a 'java/security/PrivilegedActionException'> (0x00000000d65de5e8) thrown at [C:\re\workspace\8-2-build-windows-amd64-cygwin\jdk8u11\648\hotspot\src\share\vm\prims\jvm.cpp, line 1248]
Event: 1.287 Thread 0x000000001e34a000 Exception <a 'java/security/PrivilegedActionException'> (0x00000000d65e0ac8) thrown at [C:\re\workspace\8-2-build-windows-amd64-cygwin\jdk8u11\648\hotspot\src\share\vm\prims\jvm.cpp, line 1248]

Events (10 events):
Event: 1.282 Thread 0x00000000020be000 Uncommon trap: trap_request=0x000000b9 fr.pc=0x0000000002a9c92c
Event: 1.282 Thread 0x00000000020be000 DEOPT PACKING pc=0x0000000002a9c92c sp=0x000000000248f7b0
Event: 1.282 Thread 0x00000000020be000 DEOPT UNPACKING pc=0x00000000027a55af sp=0x000000000248f768 mode 2
Event: 1.282 loading class voxels/Voxels$1
Event: 1.282 loading class voxels/Voxels$1 done
Event: 1.284 Thread 0x000000001e34b000 Thread added: 0x000000001e34b000
Event: 1.286 loading class voxels/ChunkManager/Vertex
Event: 1.286 loading class voxels/ChunkManager/Vertex done
Event: 1.287 loading class voxels/ChunkManager/Side
Event: 1.287 loading class voxels/ChunkManager/Side done


Dynamic libraries:
0x000000013fbd0000 - 0x000000013fc04000 	C:\Program Files\Java\jdk1.8.0_11\bin\java.exe
0x0000000077280000 - 0x0000000077429000 	C:\Windows\SYSTEM32\ntdll.dll
0x0000000077160000 - 0x000000007727f000 	C:\Windows\system32\kernel32.dll
0x000007fefd0b0000 - 0x000007fefd11c000 	C:\Windows\system32\KERNELBASE.dll
0x000007fefdf40000 - 0x000007fefe01b000 	C:\Windows\system32\ADVAPI32.dll
0x000007fefde90000 - 0x000007fefdf2f000 	C:\Windows\system32\msvcrt.dll
0x000007fefe2c0000 - 0x000007fefe2df000 	C:\Windows\SYSTEM32\sechost.dll
0x000007fefd700000 - 0x000007fefd82d000 	C:\Windows\system32\RPCRT4.dll
0x0000000077060000 - 0x000000007715a000 	C:\Windows\system32\USER32.dll
0x000007fefe410000 - 0x000007fefe477000 	C:\Windows\system32\GDI32.dll
0x000007fefdf30000 - 0x000007fefdf3e000 	C:\Windows\system32\LPK.dll
0x000007fefda40000 - 0x000007fefdb09000 	C:\Windows\system32\USP10.dll
0x000007fefbaa0000 - 0x000007fefbc94000 	C:\Windows\WinSxS\amd64_microsoft.windows.common-controls_6595b64144ccf1df_6.0.7601.17514_none_fa396087175ac9ac\COMCTL32.dll
0x000007fefdb10000 - 0x000007fefdb81000 	C:\Windows\system32\SHLWAPI.dll
0x000007feff560000 - 0x000007feff58e000 	C:\Windows\system32\IMM32.DLL
0x000007fefe480000 - 0x000007fefe589000 	C:\Windows\system32\MSCTF.dll
0x00000000522b0000 - 0x0000000052382000 	C:\Program Files\Java\jdk1.8.0_11\jre\bin\msvcr100.dll
0x00000000777d0000 - 0x0000000077ffa000 	C:\Program Files\Java\jdk1.8.0_11\jre\bin\server\jvm.dll
0x000007fef52d0000 - 0x000007fef52d9000 	C:\Windows\system32\WSOCK32.dll
0x000007fefe270000 - 0x000007fefe2bd000 	C:\Windows\system32\WS2_32.dll
0x000007fefe2e0000 - 0x000007fefe2e8000 	C:\Windows\system32\NSI.dll
0x000007fef75d0000 - 0x000007fef760b000 	C:\Windows\system32\WINMM.dll
0x0000000077450000 - 0x0000000077457000 	C:\Windows\system32\PSAPI.DLL
0x000000005f290000 - 0x000000005f29f000 	C:\Program Files\Java\jdk1.8.0_11\jre\bin\verify.dll
0x0000000052410000 - 0x0000000052438000 	C:\Program Files\Java\jdk1.8.0_11\jre\bin\java.dll
0x00000000523f0000 - 0x0000000052406000 	C:\Program Files\Java\jdk1.8.0_11\jre\bin\zip.dll
0x000007fefe590000 - 0x000007feff318000 	C:\Windows\system32\SHELL32.dll
0x000007fefd830000 - 0x000007fefda33000 	C:\Windows\system32\ole32.dll
0x000007fefd0a0000 - 0x000007fefd0af000 	C:\Windows\system32\profapi.dll
0x0000000180000000 - 0x0000000180051000 	C:\Users\otso\Documents\LWJGL\lwjgl-2.9.1\native\windows\lwjgl64.dll
0x000007fef8d60000 - 0x000007fef8e7d000 	C:\Windows\system32\OPENGL32.dll
0x000007fef8680000 - 0x000007fef86ad000 	C:\Windows\system32\GLU32.dll
0x000007fee6130000 - 0x000007fee6221000 	C:\Windows\system32\DDRAW.dll
0x000007fef8d50000 - 0x000007fef8d58000 	C:\Windows\system32\DCIMAN32.dll
0x000007fefdbf0000 - 0x000007fefddc7000 	C:\Windows\system32\SETUPAPI.dll
0x000007fefd210000 - 0x000007fefd246000 	C:\Windows\system32\CFGMGR32.dll
0x000007fefe020000 - 0x000007fefe0f7000 	C:\Windows\system32\OLEAUT32.dll
0x000007fefd420000 - 0x000007fefd43a000 	C:\Windows\system32\DEVOBJ.dll
0x000007fefb250000 - 0x000007fefb268000 	C:\Windows\system32\dwmapi.dll
0x000007fefc160000 - 0x000007fefc16c000 	C:\Windows\system32\VERSION.dll
0x000007fefb630000 - 0x000007fefb686000 	C:\Windows\system32\uxtheme.dll
0x000007fefafa0000 - 0x000007fefafb1000 	C:\Program Files (x86)\Dexpot\hooxpot64.dll
0x000007fef8d10000 - 0x000007fef8d28000 	C:\Windows\system32\atig6pxx.dll
0x0000000069010000 - 0x000000006ab50000 	C:\Windows\system32\atio6axx.dll
0x000007fefa7b0000 - 0x000007fefa8df000 	C:\Windows\system32\atiadlxx.dll
0x000007fefb6a0000 - 0x000007fefb7cc000 	C:\Windows\system32\PROPSYS.dll
0x000007fefd1e0000 - 0x000007fefd1fe000 	C:\Windows\system32\USERENV.dll
0x000007fefc170000 - 0x000007fefc181000 	C:\Windows\system32\WTSAPI32.dll
0x000007fefa780000 - 0x000007fefa7a7000 	C:\Windows\system32\IPHLPAPI.DLL
0x000007fefa770000 - 0x000007fefa77b000 	C:\Windows\system32\WINNSI.DLL
0x000007fefd250000 - 0x000007fefd28a000 	C:\Windows\system32\WINTRUST.dll
0x000007fefd2b0000 - 0x000007fefd41c000 	C:\Windows\system32\CRYPT32.dll
0x000007fefd090000 - 0x000007fefd09f000 	C:\Windows\system32\MSASN1.dll
0x000007fef5520000 - 0x000007fef5549000 	C:\Windows\system32\atig6txx.dll
0x000007fefcef0000 - 0x000007fefceff000 	C:\Windows\system32\CRYPTBASE.dll
0x000007fefddf0000 - 0x000007fefde89000 	C:\Windows\system32\CLBCatQ.DLL
0x000007fef5600000 - 0x000007fef569c000 	C:\Windows\system32\mscms.dll
0x000007fef57a0000 - 0x000007fef57e2000 	C:\Windows\system32\icm32.dll
0x0000000052110000 - 0x00000000522a6000 	C:\Program Files\Java\jdk1.8.0_11\jre\bin\awt.dll
0x000000006f460000 - 0x000000006f46c000 	C:\Program Files\Java\jdk1.8.0_11\jre\bin\jsound.dll
0x000000006f470000 - 0x000000006f47b000 	C:\Program Files\Java\jdk1.8.0_11\jre\bin\jsoundds.dll
0x000007fef53e0000 - 0x000007fef5468000 	C:\Windows\system32\DSOUND.dll
0x000007fefc130000 - 0x000007fefc15c000 	C:\Windows\system32\POWRPROF.dll
0x000007fefb820000 - 0x000007fefb86b000 	C:\Windows\system32\MMDevAPI.DLL
0x000007fee4fb0000 - 0x000007fee4feb000 	C:\Windows\system32\wdmaud.drv
0x00000000525e0000 - 0x00000000525e6000 	C:\Windows\system32\ksuser.dll
0x000007fefb690000 - 0x000007fefb699000 	C:\Windows\system32\AVRT.dll
0x000007fef5360000 - 0x000007fef53af000 	C:\Windows\system32\AUDIOSES.DLL
0x000007fefa580000 - 0x000007fefa58a000 	C:\Windows\system32\msacm32.drv
0x000007feec420000 - 0x000007feec438000 	C:\Windows\system32\MSACM32.dll
0x000007fefa4d0000 - 0x000007fefa4d9000 	C:\Windows\system32\midimap.dll
0x000007fefc890000 - 0x000007fefc8a7000 	C:\Windows\system32\CRYPTSP.dll
0x000007fefc590000 - 0x000007fefc5d7000 	C:\Windows\system32\rsaenh.dll
0x00000000523d0000 - 0x00000000523ea000 	C:\Program Files\Java\jdk1.8.0_11\jre\bin\net.dll
0x000007fefc830000 - 0x000007fefc885000 	C:\Windows\system32\mswsock.dll
0x000007fefc820000 - 0x000007fefc827000 	C:\Windows\System32\wship6.dll
0x000007fefa4b0000 - 0x000007fefa4c1000 	C:\Windows\system32\dhcpcsvc6.DLL
0x000007fefa490000 - 0x000007fefa4a8000 	C:\Windows\system32\dhcpcsvc.DLL
0x00000000523b0000 - 0x00000000523c1000 	C:\Program Files\Java\jdk1.8.0_11\jre\bin\nio.dll
0x0000000066f40000 - 0x0000000066f68000 	C:\Users\otso\AppData\Local\Temp\liblz4-java4138646730284821605.so
0x000007fef6d10000 - 0x000007fef6e35000 	C:\Windows\system32\dbghelp.dll

VM Arguments:
jvm_args: -Dfile.encoding=UTF-8 -Djava.library.path=C:\Users\otso\Documents\LWJGL\lwjgl-2.9.1\native\windows 
java_command: voxels.Voxels
java_class_path (initial): C:\Users\otso\Documents\LWJGL\lwjgl-2.9.1\jar\jinput.jar;C:\Users\otso\Documents\LWJGL\lwjgl-2.9.1\jar\lwjgl.jar;C:\Users\otso\Documents\LWJGL\lwjgl-2.9.1\jar\lwjgl_util.jar;C:\Users\otso\Documents\Java libraries\slick-util.jar;C:\Users\otso\Documents\Java libraries\slick.jar;C:\Users\otso\Documents\NetBeansProjects\slick.jar;C:\Users\otso\Documents\NetBeansProjects\fst-1.55-onejar.jar;C:\Users\otso\Documents\Java libraries\compress-lzf-1.0.1-javadoc.jar;C:\Users\otso\Documents\Java libraries\compress-lzf-1.0.1.jar;C:\Users\otso\Documents\Java libraries\jorbis-0.0.17.jar;C:\Users\otso\Documents\Java libraries\tritonus_share.jar;C:\Users\otso\Documents\Java libraries\vorbisspi1.0.3.jar;D:\libraries\lz4-1.2.0.jar;C:\Users\otso\Documents\NetBeansProjects\Voxels\build\classes
Launcher Type: SUN_STANDARD

Environment Variables:
PATH=C:\ProgramData\Oracle\Java\javapath;C:\Program Files (x86)\NVIDIA Corporation\PhysX\Common;C:\Program Files (x86)\Intel\iCLS Client\;C:\Program Files\Intel\iCLS Client\;C:\Windows\system32;C:\Windows;C:\Windows\System32\Wbem;C:\Windows\System32\WindowsPowerShell\v1.0\;C:\Program Files\Intel\Intel(R) Management Engine Components\DAL;C:\Program Files (x86)\Intel\Intel(R) Management Engine Components\DAL;C:\Program Files\Intel\Intel(R) Management Engine Components\IPT;C:\Program Files (x86)\Intel\Intel(R) Management Engine Components\IPT;C:\Program Files (x86)\ATI Technologies\ATI.ACE\Core-Static;C:\cygwin\bin;C:\Program Files (x86)\Windows Kits\8.1\Windows Performance Toolkit\;C:\Program Files\Microsoft SQL Server\110\Tools\Binn\
USERNAME=otso
OS=Windows_NT
PROCESSOR_IDENTIFIER=Intel64 Family 6 Model 60 Stepping 3, GenuineIntel



---------------  S Y S T E M  ---------------

OS: Windows 7 , 64 bit Build 7601 Service Pack 1

CPU:total 8 (4 cores per cpu, 2 threads per core) family 6 model 60 stepping 3, cmov, cx8, fxsr, mmx, sse, sse2, sse3, ssse3, sse4.1, sse4.2, popcnt, avx, avx2, aes, clmul, erms, ht, tsc, tscinvbit

Memory: 4k page, physical 8263612k(3630168k free), swap 16525360k(10564296k free)

vm_info: Java HotSpot(TM) 64-Bit Server VM (25.11-b03) for windows-amd64 JRE (1.8.0_11-b12), built on Jun 16 2014 20:57:32 by "java_re" with MS VC++ 10.0 (VS2010)

time: Thu Oct 09 16:35:52 2014
elapsed time: 1 seconds

