#
# A fatal error has been detected by the Java Runtime Environment:
#
#  EXCEPTION_ACCESS_VIOLATION (0xc0000005) at pc=0x0000000068d9d090, pid=7080, tid=6556
#
# JRE version: Java(TM) SE Runtime Environment (8.0_11-b12) (build 1.8.0_11-b12)
# Java VM: Java HotSpot(TM) 64-Bit Server VM (25.11-b03 mixed mode windows-amd64 compressed oops)
# Problematic frame:
# C  [atio6axx.dll+0xbad090]
#
# Failed to write core dump. Minidumps are not enabled by default on client versions of Windows
#
# If you would like to submit a bug report, please visit:
#   http://bugreport.sun.com/bugreport/crash.jsp
# The crash happened outside the Java Virtual Machine in native code.
# See problematic frame for where to report the bug.
#

---------------  T H R E A D  ---------------

Current thread (0x000000000226e000):  JavaThread "main" [_thread_in_native, id=6556, stack(0x00000000023f0000,0x00000000024f0000)]

siginfo: ExceptionCode=0xc0000005, reading address 0x0000000119af8050

Registers:
RAX=0xfffffffffe9fa700, RBX=0x0000000119af8050, RCX=0x00000000000035b2, RDX=0x00000001186a0040
RSP=0x00000000024ef100, RBP=0x0000000000000050, RSI=0x00000001118b8010, RDI=0x0000000001605960
R8 =0x0000000000000010, R9 =0x00000000681f0000, R10=0x0000000110460000, R11=0x0000000110460000
R12=0x000000000000000f, R13=0x0000000000000000, R14=0x000000000000000d, R15=0x00000000024ef2d8
RIP=0x0000000068d9d090, EFLAGS=0x0000000000010207

Top of Stack: (sp=0x00000000024ef100)
0x00000000024ef100:   0000000000000000 0000000000000000
0x00000000024ef110:   00000000024ef2d8 000000000000000d
0x00000000024ef120:   000000001cc3e3a8 0000000068c4038e
0x00000000024ef130:   0000000001605960 0000000001605960
0x00000000024ef140:   00000000024ef230 00000000776d3448
0x00000000024ef150:   0000000000000006 0000000000000018
0x00000000024ef160:   000001a6002e07e4 00000000002ad520
0x00000000024ef170:   0000000200000015 0000000000000001
0x00000000024ef180:   0000000100000001 0000000200000000
0x00000000024ef190:   0000000000000001 0000000000000000
0x00000000024ef1a0:   0000000000000000 0000000000000000
0x00000000024ef1b0:   0000000000000000 0000000000000000
0x00000000024ef1c0:   0000000000000000 0000000000000000
0x00000000024ef1d0:   0000000000000000 0000000000000000
0x00000000024ef1e0:   000000001ccd2500 0000000000000000
0x00000000024ef1f0:   0000000000000001 0000000000000000 

Instructions: (pc=0x0000000068d9d090)
0x0000000068d9d070:   fd 80 00 00 00 76 65 48 8d 8d 7f ff ff ff 48 c1
0x0000000068d9d080:   e9 07 48 ff c1 48 8b c1 48 6b c0 80 48 03 e8 90
0x0000000068d9d090:   0f 28 03 48 83 ee 80 48 83 eb 80 0f 2b 46 80 0f
0x0000000068d9d0a0:   28 43 90 0f 2b 46 90 0f 28 43 a0 0f 2b 46 a0 0f 


Register to memory mapping:

RAX=0xfffffffffe9fa700 is an unknown value
RBX=0x0000000119af8050 is an unknown value
RCX=0x00000000000035b2 is an unknown value
RDX=0x00000001186a0040 is an unknown value
RSP=0x00000000024ef100 is pointing into the stack for thread: 0x000000000226e000
RBP=0x0000000000000050 is an unknown value
RSI=0x00000001118b8010 is an unknown value
RDI=0x0000000001605960 is an unknown value
R8 =0x0000000000000010 is an unknown value
R9 =0x00000000681f0000 is an unknown value
R10=0x0000000110460000 is an unknown value
R11=0x0000000110460000 is an unknown value
R12=0x000000000000000f is an unknown value
R13=0x0000000000000000 is an unknown value
R14=0x000000000000000d is an unknown value
R15=0x00000000024ef2d8 is pointing into the stack for thread: 0x000000000226e000


Stack: [0x00000000023f0000,0x00000000024f0000],  sp=0x00000000024ef100,  free space=1020k
Native frames: (J=compiled Java code, j=interpreted, Vv=VM code, C=native code)
C  [atio6axx.dll+0xbad090]
C  [atio6axx.dll+0xa5038e]
C  [atio6axx.dll+0xa0b3c6]
C  [atio6axx.dll+0xa0ad48]
C  [atio6axx.dll+0x9efaae]
C  [atio6axx.dll+0x133129]
C  [atio6axx.dll+0x62271b]
C  0x0000000002d7931c

Java frames: (J=compiled Java code, j=interpreted, Vv=VM code)
J 1753  org.lwjgl.opengl.GL15.nglBufferData(IJJIJ)V (0 bytes) @ 0x0000000002d79296 [0x0000000002d79240+0x56]
J 2095 C2 org.lwjgl.opengl.GL15.glBufferData(ILjava/nio/FloatBuffer;I)V (38 bytes) @ 0x0000000002ee7228 [0x0000000002ee71a0+0x88]
J 2208 C2 voxels.ChunkManager.WaterHandler.createVBO()V (1544 bytes) @ 0x0000000002fc2458 [0x0000000002fc0fc0+0x1498]
J 2220 C2 voxels.ChunkManager.WaterHandler.simulateWaters()V (2516 bytes) @ 0x0000000003006f2c [0x00000000030038c0+0x366c]
J 2155% C1 voxels.Voxels.gameLoop()V (234 bytes) @ 0x0000000002f60bac [0x0000000002f5eee0+0x1ccc]
j  voxels.Voxels.main([Ljava/lang/String;)V+24
v  ~StubRoutines::call_stub

---------------  P R O C E S S  ---------------

Java Threads: ( => current thread )
  0x0000000023b1f000 JavaThread "LWJGL Timer" daemon [_thread_blocked, id=1500, stack(0x000000001ed60000,0x000000001ee60000)]
  0x000000001e444000 JavaThread "Thread-209" [_thread_blocked, id=5848, stack(0x0000000023710000,0x0000000023810000)]
  0x0000000023a38800 JavaThread "Thread-7" [_thread_blocked, id=1556, stack(0x0000000023610000,0x0000000023710000)]
  0x0000000023a37800 JavaThread "Thread-4" [_thread_in_Java, id=1792, stack(0x0000000021de0000,0x0000000021ee0000)]
  0x000000001e18c000 JavaThread "Thread-3" daemon [_thread_blocked, id=6244, stack(0x0000000022270000,0x0000000022370000)]
  0x000000001e189800 JavaThread "Java Sound Event Dispatcher" daemon [_thread_blocked, id=1168, stack(0x0000000021ae0000,0x0000000021be0000)]
  0x000000001e01d000 JavaThread "AWT-Windows" daemon [_thread_in_native, id=1320, stack(0x000000001ee70000,0x000000001ef70000)]
  0x0000000019023000 JavaThread "Java2D Disposer" daemon [_thread_blocked, id=6912, stack(0x000000001eb20000,0x000000001ec20000)]
  0x0000000018db1800 JavaThread "Service Thread" daemon [_thread_blocked, id=6712, stack(0x000000001aa20000,0x000000001ab20000)]
  0x0000000018d50000 JavaThread "C1 CompilerThread3" daemon [_thread_blocked, id=2372, stack(0x000000001a6f0000,0x000000001a7f0000)]
  0x0000000018d33000 JavaThread "C2 CompilerThread2" daemon [_thread_blocked, id=2456, stack(0x000000001a850000,0x000000001a950000)]
  0x0000000018d27800 JavaThread "C2 CompilerThread1" daemon [_thread_blocked, id=7148, stack(0x000000001a590000,0x000000001a690000)]
  0x0000000018d20000 JavaThread "C2 CompilerThread0" daemon [_thread_blocked, id=2908, stack(0x000000001a3e0000,0x000000001a4e0000)]
  0x0000000018d1b800 JavaThread "Attach Listener" daemon [_thread_blocked, id=7012, stack(0x0000000019db0000,0x0000000019eb0000)]
  0x0000000018d1a000 JavaThread "Signal Dispatcher" daemon [_thread_blocked, id=2388, stack(0x000000001a200000,0x000000001a300000)]
  0x00000000021be000 JavaThread "Finalizer" daemon [_thread_blocked, id=3264, stack(0x000000001a070000,0x000000001a170000)]
  0x0000000017e84800 JavaThread "Reference Handler" daemon [_thread_blocked, id=3412, stack(0x0000000019f40000,0x000000001a040000)]
=>0x000000000226e000 JavaThread "main" [_thread_in_native, id=6556, stack(0x00000000023f0000,0x00000000024f0000)]

Other Threads:
  0x0000000017e7f800 VMThread [stack: 0x0000000019ca0000,0x0000000019da0000] [id=6728]
  0x0000000018dc2800 WatcherThread [stack: 0x000000001ac60000,0x000000001ad60000] [id=6756]

VM state:not at safepoint (normal execution)

VM Mutex/Monitor currently owned by a thread: None

Heap:
 PSYoungGen      total 616448K, used 23669K [0x00000000d5f80000, 0x00000000ffa00000, 0x0000000100000000)
  eden space 548352K, 0% used [0x00000000d5f80000,0x00000000d5ffd7d0,0x00000000f7700000)
  from space 68096K, 34% used [0x00000000fb780000,0x00000000fce20000,0x00000000ffa00000)
  to   space 66048K, 0% used [0x00000000f7700000,0x00000000f7700000,0x00000000fb780000)
 ParOldGen       total 228352K, used 185579K [0x0000000081e00000, 0x000000008fd00000, 0x00000000d5f80000)
  object space 228352K, 81% used [0x0000000081e00000,0x000000008d33ad38,0x000000008fd00000)
 Metaspace       used 12407K, capacity 12851K, committed 12928K, reserved 1060864K
  class space    used 1289K, capacity 1398K, committed 1408K, reserved 1048576K

Card table byte_map: [0x0000000011b80000,0x0000000011f80000] byte_map_base: 0x0000000011771000

Marking Bits: (ParMarkBitMap*) 0x0000000050dc12b0
 Begin Bits: [0x0000000013190000, 0x0000000015118000)
 End Bits:   [0x0000000015118000, 0x00000000170a0000)

Polling page: 0x0000000000230000

CodeCache: size=245760Kb used=9426Kb max_used=9426Kb free=236334Kb
 bounds [0x00000000027c0000, 0x0000000003110000, 0x00000000117c0000]
 total_blobs=2953 nmethods=2356 adapters=511
 compilation: enabled

Compilation events (10 events):
Event: 136.435 Thread 0x0000000018d33000 2356       4       java.util.concurrent.ConcurrentHashMap::sumCount (48 bytes)
Event: 136.437 Thread 0x0000000018d33000 nmethod 2356 0x0000000003095e90 code [0x0000000003095fc0, 0x00000000030960f8]
Event: 143.451 Thread 0x0000000018d20000 2357       4       org.lwjgl.opengl.WindowsDisplay::getGlobalClientRect (60 bytes)
Event: 143.453 Thread 0x0000000018d20000 nmethod 2357 0x00000000030c8390 code [0x00000000030c8500, 0x00000000030c8718]
Event: 153.810 Thread 0x0000000018d50000 2358   !   3       com.sun.media.sound.EventDispatcher::monitorLines (53 bytes)
Event: 153.811 Thread 0x0000000018d50000 nmethod 2358 0x00000000030dbc90 code [0x00000000030dbe60, 0x00000000030dc648]
Event: 167.150 Thread 0x0000000018d50000 2360       3       java.nio.charset.CharsetDecoder::replaceWith (68 bytes)
Event: 167.150 Thread 0x0000000018d50000 nmethod 2360 0x00000000030d2c90 code [0x00000000030d2e40, 0x00000000030d3418]
Event: 180.547 Thread 0x0000000018d50000 2361 % !   3       java.lang.ref.Reference$ReferenceHandler::run @ 0 (102 bytes)
Event: 180.551 Thread 0x0000000018d50000 nmethod 2361% 0x00000000030d1450 code [0x00000000030d16c0, 0x00000000030d25b8]

GC Heap History (10 events):
Event: 182.095 GC heap before
{Heap before GC invocations=197 (full 15):
 PSYoungGen      total 553472K, used 553184K [0x00000000d5f80000, 0x0000000100000000, 0x0000000100000000)
  eden space 545280K, 100% used [0x00000000d5f80000,0x00000000f7400000,0x00000000f7400000)
  from space 8192K, 96% used [0x00000000f7400000,0x00000000f7bb8000,0x00000000f7c00000)
  to   space 74240K, 0% used [0x00000000fb780000,0x00000000fb780000,0x0000000100000000)
 ParOldGen       total 228352K, used 185579K [0x0000000081e00000, 0x000000008fd00000, 0x00000000d5f80000)
  object space 228352K, 81% used [0x0000000081e00000,0x000000008d33ad38,0x000000008fd00000)
 Metaspace       used 12407K, capacity 12851K, committed 12928K, reserved 1060864K
  class space    used 1289K, capacity 1398K, committed 1408K, reserved 1048576K
Event: 182.103 GC heap after
Heap after GC invocations=197 (full 15):
 PSYoungGen      total 614400K, used 15456K [0x00000000d5f80000, 0x0000000100000000, 0x0000000100000000)
  eden space 540160K, 0% used [0x00000000d5f80000,0x00000000d5f80000,0x00000000f6f00000)
  from space 74240K, 20% used [0x00000000fb780000,0x00000000fc698000,0x0000000100000000)
  to   space 74240K, 0% used [0x00000000f6f00000,0x00000000f6f00000,0x00000000fb780000)
 ParOldGen       total 228352K, used 185579K [0x0000000081e00000, 0x000000008fd00000, 0x00000000d5f80000)
  object space 228352K, 81% used [0x0000000081e00000,0x000000008d33ad38,0x000000008fd00000)
 Metaspace       used 12407K, capacity 12851K, committed 12928K, reserved 1060864K
  class space    used 1289K, capacity 1398K, committed 1408K, reserved 1048576K
}
Event: 183.155 GC heap before
{Heap before GC invocations=198 (full 15):
 PSYoungGen      total 614400K, used 555616K [0x00000000d5f80000, 0x0000000100000000, 0x0000000100000000)
  eden space 540160K, 100% used [0x00000000d5f80000,0x00000000f6f00000,0x00000000f6f00000)
  from space 74240K, 20% used [0x00000000fb780000,0x00000000fc698000,0x0000000100000000)
  to   space 74240K, 0% used [0x00000000f6f00000,0x00000000f6f00000,0x00000000fb780000)
 ParOldGen       total 228352K, used 185579K [0x0000000081e00000, 0x000000008fd00000, 0x00000000d5f80000)
  object space 228352K, 81% used [0x0000000081e00000,0x000000008d33ad38,0x000000008fd00000)
 Metaspace       used 12407K, capacity 12851K, committed 12928K, reserved 1060864K
  class space    used 1289K, capacity 1398K, committed 1408K, reserved 1048576K
Event: 183.168 GC heap after
Heap after GC invocations=198 (full 15):
 PSYoungGen      total 564224K, used 23936K [0x00000000d5f80000, 0x00000000ffc00000, 0x0000000100000000)
  eden space 540160K, 0% used [0x00000000d5f80000,0x00000000d5f80000,0x00000000f6f00000)
  from space 24064K, 99% used [0x00000000f6f00000,0x00000000f8660000,0x00000000f8680000)
  to   space 72192K, 0% used [0x00000000fb580000,0x00000000fb580000,0x00000000ffc00000)
 ParOldGen       total 228352K, used 185579K [0x0000000081e00000, 0x000000008fd00000, 0x00000000d5f80000)
  object space 228352K, 81% used [0x0000000081e00000,0x000000008d33ad38,0x000000008fd00000)
 Metaspace       used 12407K, capacity 12851K, committed 12928K, reserved 1060864K
  class space    used 1289K, capacity 1398K, committed 1408K, reserved 1048576K
}
Event: 184.405 GC heap before
{Heap before GC invocations=199 (full 15):
 PSYoungGen      total 564224K, used 564096K [0x00000000d5f80000, 0x00000000ffc00000, 0x0000000100000000)
  eden space 540160K, 100% used [0x00000000d5f80000,0x00000000f6f00000,0x00000000f6f00000)
  from space 24064K, 99% used [0x00000000f6f00000,0x00000000f8660000,0x00000000f8680000)
  to   space 72192K, 0% used [0x00000000fb580000,0x00000000fb580000,0x00000000ffc00000)
 ParOldGen       total 228352K, used 185579K [0x0000000081e00000, 0x000000008fd00000, 0x00000000d5f80000)
  object space 228352K, 81% used [0x0000000081e00000,0x000000008d33ad38,0x000000008fd00000)
 Metaspace       used 12407K, capacity 12851K, committed 12928K, reserved 1060864K
  class space    used 1289K, capacity 1398K, committed 1408K, reserved 1048576K
Event: 184.417 GC heap after
Heap after GC invocations=199 (full 15):
 PSYoungGen      total 614400K, used 23072K [0x00000000d5f80000, 0x0000000100000000, 0x0000000100000000)
  eden space 542208K, 0% used [0x00000000d5f80000,0x00000000d5f80000,0x00000000f7100000)
  from space 72192K, 31% used [0x00000000fb580000,0x00000000fcc08000,0x00000000ffc00000)
  to   space 70144K, 0% used [0x00000000f7100000,0x00000000f7100000,0x00000000fb580000)
 ParOldGen       total 228352K, used 185579K [0x0000000081e00000, 0x000000008fd00000, 0x00000000d5f80000)
  object space 228352K, 81% used [0x0000000081e00000,0x000000008d33ad38,0x000000008fd00000)
 Metaspace       used 12407K, capacity 12851K, committed 12928K, reserved 1060864K
  class space    used 1289K, capacity 1398K, committed 1408K, reserved 1048576K
}
Event: 186.658 GC heap before
{Heap before GC invocations=200 (full 15):
 PSYoungGen      total 614400K, used 565280K [0x00000000d5f80000, 0x0000000100000000, 0x0000000100000000)
  eden space 542208K, 100% used [0x00000000d5f80000,0x00000000f7100000,0x00000000f7100000)
  from space 72192K, 31% used [0x00000000fb580000,0x00000000fcc08000,0x00000000ffc00000)
  to   space 70144K, 0% used [0x00000000f7100000,0x00000000f7100000,0x00000000fb580000)
 ParOldGen       total 228352K, used 185579K [0x0000000081e00000, 0x000000008fd00000, 0x00000000d5f80000)
  object space 228352K, 81% used [0x0000000081e00000,0x000000008d33ad38,0x000000008fd00000)
 Metaspace       used 12407K, capacity 12851K, committed 12928K, reserved 1060864K
  class space    used 1289K, capacity 1398K, committed 1408K, reserved 1048576K
Event: 186.669 GC heap after
Heap after GC invocations=200 (full 15):
 PSYoungGen      total 612352K, used 23072K [0x00000000d5f80000, 0x00000000ffa00000, 0x0000000100000000)
  eden space 542208K, 0% used [0x00000000d5f80000,0x00000000d5f80000,0x00000000f7100000)
  from space 70144K, 32% used [0x00000000f7100000,0x00000000f8788000,0x00000000fb580000)
  to   space 68096K, 0% used [0x00000000fb780000,0x00000000fb780000,0x00000000ffa00000)
 ParOldGen       total 228352K, used 185579K [0x0000000081e00000, 0x000000008fd00000, 0x00000000d5f80000)
  object space 228352K, 81% used [0x0000000081e00000,0x000000008d33ad38,0x000000008fd00000)
 Metaspace       used 12407K, capacity 12851K, committed 12928K, reserved 1060864K
  class space    used 1289K, capacity 1398K, committed 1408K, reserved 1048576K
}
Event: 188.900 GC heap before
{Heap before GC invocations=201 (full 15):
 PSYoungGen      total 612352K, used 565280K [0x00000000d5f80000, 0x00000000ffa00000, 0x0000000100000000)
  eden space 542208K, 100% used [0x00000000d5f80000,0x00000000f7100000,0x00000000f7100000)
  from space 70144K, 32% used [0x00000000f7100000,0x00000000f8788000,0x00000000fb580000)
  to   space 68096K, 0% used [0x00000000fb780000,0x00000000fb780000,0x00000000ffa00000)
 ParOldGen       total 228352K, used 185579K [0x0000000081e00000, 0x000000008fd00000, 0x00000000d5f80000)
  object space 228352K, 81% used [0x0000000081e00000,0x000000008d33ad38,0x000000008fd00000)
 Metaspace       used 12407K, capacity 12851K, committed 12928K, reserved 1060864K
  class space    used 1289K, capacity 1398K, committed 1408K, reserved 1048576K
Event: 188.920 GC heap after
Heap after GC invocations=201 (full 15):
 PSYoungGen      total 616448K, used 23168K [0x00000000d5f80000, 0x00000000ffa00000, 0x0000000100000000)
  eden space 548352K, 0% used [0x00000000d5f80000,0x00000000d5f80000,0x00000000f7700000)
  from space 68096K, 34% used [0x00000000fb780000,0x00000000fce20000,0x00000000ffa00000)
  to   space 66048K, 0% used [0x00000000f7700000,0x00000000f7700000,0x00000000fb780000)
 ParOldGen       total 228352K, used 185579K [0x0000000081e00000, 0x000000008fd00000, 0x00000000d5f80000)
  object space 228352K, 81% used [0x0000000081e00000,0x000000008d33ad38,0x000000008fd00000)
 Metaspace       used 12407K, capacity 12851K, committed 12928K, reserved 1060864K
  class space    used 1289K, capacity 1398K, committed 1408K, reserved 1048576K
}

Deoptimization events (10 events):
Event: 27.357 Thread 0x000000000226e000 Uncommon trap: reason=class_check action=maybe_recompile pc=0x0000000002fa1688 method=java.util.concurrent.ConcurrentHashMap$Traverser.advance()Ljava/util/concurrent/ConcurrentHashMap$Node; @ 88
Event: 27.374 Thread 0x000000000226e000 Uncommon trap: reason=class_check action=maybe_recompile pc=0x0000000002f73de4 method=java.util.concurrent.ConcurrentHashMap$Traverser.advance()Ljava/util/concurrent/ConcurrentHashMap$Node; @ 88
Event: 27.391 Thread 0x000000000226e000 Uncommon trap: reason=class_check action=maybe_recompile pc=0x0000000002f725b0 method=java.util.concurrent.ConcurrentHashMap$Traverser.advance()Ljava/util/concurrent/ConcurrentHashMap$Node; @ 88
Event: 29.704 Thread 0x000000000226e000 Uncommon trap: reason=unreached action=reinterpret pc=0x0000000002fb1610 method=voxels.ChunkManager.ChunkManager.getActiveBlock(Lorg/lwjgl/util/vector/Vector3f;)B @ 27
Event: 29.705 Thread 0x000000000226e000 Uncommon trap: reason=unreached action=reinterpret pc=0x0000000002f6cff8 method=voxels.ChunkManager.ChunkManager.getActiveBlock(Lorg/lwjgl/util/vector/Vector3f;)B @ 27
Event: 29.706 Thread 0x000000000226e000 Uncommon trap: reason=unreached action=reinterpret pc=0x0000000002f6e368 method=voxels.ChunkManager.ChunkManager.getActiveBlock(Lorg/lwjgl/util/vector/Vector3f;)B @ 27
Event: 50.496 Thread 0x000000000226e000 Uncommon trap: reason=null_assert action=make_not_entrant pc=0x0000000002d68dd4 method=voxels.Voxels.render()V @ 439
Event: 50.508 Thread 0x000000000226e000 Uncommon trap: reason=null_assert action=make_not_entrant pc=0x0000000002d2fcd4 method=voxels.Voxels.render()V @ 439
Event: 50.525 Thread 0x000000000226e000 Uncommon trap: reason=null_assert action=make_not_entrant pc=0x0000000002d4bb58 method=voxels.Voxels.render()V @ 439
Event: 50.788 Thread 0x000000000226e000 Uncommon trap: reason=unloaded action=reinterpret pc=0x0000000003035a6c method=Items.ItemHandler.processItemPhysics()V @ 50

Internal exceptions (10 events):
Event: 1.480 Thread 0x000000000226e000 Exception <a 'java/security/PrivilegedActionException'> (0x00000000d6fbc658) thrown at [C:\re\workspace\8-2-build-windows-amd64-cygwin\jdk8u11\648\hotspot\src\share\vm\prims\jvm.cpp, line 1248]
Event: 1.481 Thread 0x000000000226e000 Exception <a 'java/security/PrivilegedActionException'> (0x00000000d6fbf478) thrown at [C:\re\workspace\8-2-build-windows-amd64-cygwin\jdk8u11\648\hotspot\src\share\vm\prims\jvm.cpp, line 1248]
Event: 1.481 Thread 0x000000000226e000 Exception <a 'java/security/PrivilegedActionException'> (0x00000000d6fc1f30) thrown at [C:\re\workspace\8-2-build-windows-amd64-cygwin\jdk8u11\648\hotspot\src\share\vm\prims\jvm.cpp, line 1248]
Event: 2.313 Thread 0x000000000226e000 Exception <a 'java/security/PrivilegedActionException'> (0x00000000d89edd28) thrown at [C:\re\workspace\8-2-build-windows-amd64-cygwin\jdk8u11\648\hotspot\src\share\vm\prims\jvm.cpp, line 1248]
Event: 23.865 Thread 0x000000000226e000 Exception <a 'java/security/PrivilegedActionException'> (0x00000000da6e03c0) thrown at [C:\re\workspace\8-2-build-windows-amd64-cygwin\jdk8u11\648\hotspot\src\share\vm\prims\jvm.cpp, line 1248]
Event: 29.704 Thread 0x000000000226e000 Implicit null exception at 0x0000000002fae8f6 to 0x0000000002fb15d1
Event: 29.705 Thread 0x000000000226e000 Implicit null exception at 0x0000000002f6ccb0 to 0x0000000002f6cfc9
Event: 29.706 Thread 0x000000000226e000 Implicit null exception at 0x0000000002f6e058 to 0x0000000002f6e35d
Event: 48.803 Thread 0x000000000226e000 Exception <a 'java/security/PrivilegedActionException'> (0x00000000edc1d948) thrown at [C:\re\workspace\8-2-build-windows-amd64-cygwin\jdk8u11\648\hotspot\src\share\vm\prims\jvm.cpp, line 1248]
Event: 50.488 Thread 0x000000000226e000 Exception <a 'java/security/PrivilegedActionException'> (0x00000000eeae07b8) thrown at [C:\re\workspace\8-2-build-windows-amd64-cygwin\jdk8u11\648\hotspot\src\share\vm\prims\jvm.cpp, line 1248]

Events (10 events):
Event: 183.450 Thread 0x0000000023b23000 Thread added: 0x0000000023b23000
Event: 183.450 Thread 0x0000000023b23800 Thread added: 0x0000000023b23800
Event: 183.454 Thread 0x0000000023b23800 Thread exited: 0x0000000023b23800
Event: 183.455 Thread 0x0000000023b23000 Thread exited: 0x0000000023b23000
Event: 184.405 Executing VM operation: ParallelGCFailedAllocation
Event: 184.417 Executing VM operation: ParallelGCFailedAllocation done
Event: 186.657 Executing VM operation: ParallelGCFailedAllocation
Event: 186.669 Executing VM operation: ParallelGCFailedAllocation done
Event: 188.897 Executing VM operation: ParallelGCFailedAllocation
Event: 188.920 Executing VM operation: ParallelGCFailedAllocation done


Dynamic libraries:
0x000000013f6c0000 - 0x000000013f6f4000 	C:\Program Files\Java\jdk1.8.0_11\bin\java.exe
0x0000000077680000 - 0x0000000077829000 	C:\Windows\SYSTEM32\ntdll.dll
0x0000000077560000 - 0x000000007767f000 	C:\Windows\system32\kernel32.dll
0x000007fefd5b0000 - 0x000007fefd61c000 	C:\Windows\system32\KERNELBASE.dll
0x000007fefd850000 - 0x000007fefd92b000 	C:\Windows\system32\ADVAPI32.dll
0x000007fefdbf0000 - 0x000007fefdc8f000 	C:\Windows\system32\msvcrt.dll
0x000007fefdf90000 - 0x000007fefdfaf000 	C:\Windows\SYSTEM32\sechost.dll
0x000007feff860000 - 0x000007feff98d000 	C:\Windows\system32\RPCRT4.dll
0x0000000077460000 - 0x000000007755a000 	C:\Windows\system32\USER32.dll
0x000007fefdfb0000 - 0x000007fefe017000 	C:\Windows\system32\GDI32.dll
0x000007fefe370000 - 0x000007fefe37e000 	C:\Windows\system32\LPK.dll
0x000007feff330000 - 0x000007feff3f9000 	C:\Windows\system32\USP10.dll
0x000007fefbae0000 - 0x000007fefbcd4000 	C:\Windows\WinSxS\amd64_microsoft.windows.common-controls_6595b64144ccf1df_6.0.7601.17514_none_fa396087175ac9ac\COMCTL32.dll
0x000007fefdc90000 - 0x000007fefdd01000 	C:\Windows\system32\SHLWAPI.dll
0x000007feff400000 - 0x000007feff42e000 	C:\Windows\system32\IMM32.DLL
0x000007fefdd10000 - 0x000007fefde19000 	C:\Windows\system32\MSCTF.dll
0x0000000055c90000 - 0x0000000055d62000 	C:\Program Files\Java\jdk1.8.0_11\jre\bin\msvcr100.dll
0x0000000050610000 - 0x0000000050e3a000 	C:\Program Files\Java\jdk1.8.0_11\jre\bin\server\jvm.dll
0x000007fefb490000 - 0x000007fefb499000 	C:\Windows\system32\WSOCK32.dll
0x000007feff6d0000 - 0x000007feff71d000 	C:\Windows\system32\WS2_32.dll
0x000007feff320000 - 0x000007feff328000 	C:\Windows\system32\NSI.dll
0x000007fef86a0000 - 0x000007fef86db000 	C:\Windows\system32\WINMM.dll
0x0000000077850000 - 0x0000000077857000 	C:\Windows\system32\PSAPI.DLL
0x00000000663e0000 - 0x00000000663ef000 	C:\Program Files\Java\jdk1.8.0_11\jre\bin\verify.dll
0x0000000055de0000 - 0x0000000055e08000 	C:\Program Files\Java\jdk1.8.0_11\jre\bin\java.dll
0x0000000055dc0000 - 0x0000000055dd6000 	C:\Program Files\Java\jdk1.8.0_11\jre\bin\zip.dll
0x000007fefe590000 - 0x000007feff318000 	C:\Windows\system32\SHELL32.dll
0x000007fefe380000 - 0x000007fefe583000 	C:\Windows\system32\ole32.dll
0x000007fefd4a0000 - 0x000007fefd4af000 	C:\Windows\system32\profapi.dll
0x0000000180000000 - 0x0000000180051000 	C:\Users\otso\Documents\LWJGL\lwjgl-2.9.1\native\windows\lwjgl64.dll
0x000007fee4af0000 - 0x000007fee4c0d000 	C:\Windows\system32\OPENGL32.dll
0x000007fef51f0000 - 0x000007fef521d000 	C:\Windows\system32\GLU32.dll
0x000007fee49f0000 - 0x000007fee4ae1000 	C:\Windows\system32\DDRAW.dll
0x000007fefbfe0000 - 0x000007fefbfe8000 	C:\Windows\system32\DCIMAN32.dll
0x000007fefd930000 - 0x000007fefdb07000 	C:\Windows\system32\SETUPAPI.dll
0x000007fefd570000 - 0x000007fefd5a6000 	C:\Windows\system32\CFGMGR32.dll
0x000007fefdb10000 - 0x000007fefdbe7000 	C:\Windows\system32\OLEAUT32.dll
0x000007fefd6b0000 - 0x000007fefd6ca000 	C:\Windows\system32\DEVOBJ.dll
0x000007fefb650000 - 0x000007fefb668000 	C:\Windows\system32\dwmapi.dll
0x000007fefc560000 - 0x000007fefc56c000 	C:\Windows\system32\VERSION.dll
0x000007fefba30000 - 0x000007fefba86000 	C:\Windows\system32\uxtheme.dll
0x000007fefb420000 - 0x000007fefb431000 	C:\Program Files (x86)\Dexpot\hooxpot64.dll
0x000007fef7550000 - 0x000007fef7568000 	C:\Windows\system32\atig6pxx.dll
0x00000000681f0000 - 0x0000000069d30000 	C:\Windows\system32\atio6axx.dll
0x000007fefabb0000 - 0x000007fefacdf000 	C:\Windows\system32\atiadlxx.dll
0x000007fefc000000 - 0x000007fefc12c000 	C:\Windows\system32\PROPSYS.dll
0x000007fefd680000 - 0x000007fefd69e000 	C:\Windows\system32\USERENV.dll
0x000007fefc570000 - 0x000007fefc581000 	C:\Windows\system32\WTSAPI32.dll
0x000007fefab80000 - 0x000007fefaba7000 	C:\Windows\system32\IPHLPAPI.DLL
0x000007fefab60000 - 0x000007fefab6b000 	C:\Windows\system32\WINNSI.DLL
0x000007fefd640000 - 0x000007fefd67a000 	C:\Windows\system32\WINTRUST.dll
0x000007fefd6d0000 - 0x000007fefd83c000 	C:\Windows\system32\CRYPT32.dll
0x000007fefd490000 - 0x000007fefd49f000 	C:\Windows\system32\MSASN1.dll
0x000007fef4f20000 - 0x000007fef4f49000 	C:\Windows\system32\atig6txx.dll
0x000007fefd2f0000 - 0x000007fefd2ff000 	C:\Windows\system32\CRYPTBASE.dll
0x000007feff7c0000 - 0x000007feff859000 	C:\Windows\system32\CLBCatQ.DLL
0x000007fee3840000 - 0x000007fee38dc000 	C:\Windows\system32\mscms.dll
0x000007fee3930000 - 0x000007fee3972000 	C:\Windows\system32\icm32.dll
0x0000000053c80000 - 0x0000000053e16000 	C:\Program Files\Java\jdk1.8.0_11\jre\bin\awt.dll
0x0000000055c40000 - 0x0000000055c87000 	C:\Program Files\Java\jdk1.8.0_11\jre\bin\fontmanager.dll
0x000007fef4a90000 - 0x000007fef4c8f000 	C:\Windows\system32\d3d9.dll
0x000007fefb440000 - 0x000007fefb447000 	C:\Windows\system32\d3d8thk.dll
0x000007fef6110000 - 0x000007fef625b000 	C:\Windows\system32\aticfx64.dll
0x000007fefb3e0000 - 0x000007fefb401000 	C:\Windows\system32\atiu9p64.dll
0x000007fef42e0000 - 0x000007fef4a81000 	C:\Windows\system32\atiumd64.dll
0x000000006a630000 - 0x000000006ad67000 	C:\Windows\system32\atiumd6a.dll
0x0000000055da0000 - 0x0000000055dba000 	C:\Program Files\Java\jdk1.8.0_11\jre\bin\net.dll
0x000007fefcc30000 - 0x000007fefcc85000 	C:\Windows\system32\mswsock.dll
0x000007fefcc20000 - 0x000007fefcc27000 	C:\Windows\System32\wship6.dll
0x0000000055d80000 - 0x0000000055d91000 	C:\Program Files\Java\jdk1.8.0_11\jre\bin\nio.dll
0x0000000055bf0000 - 0x0000000055c31000 	C:\Program Files\Java\jdk1.8.0_11\jre\bin\t2k.dll
0x0000000055bc0000 - 0x0000000055bea000 	C:\Program Files\Java\jdk1.8.0_11\jre\bin\dcpr.dll
0x0000000072f10000 - 0x0000000072f1c000 	C:\Program Files\Java\jdk1.8.0_11\jre\bin\jsound.dll
0x0000000072f00000 - 0x0000000072f0b000 	C:\Program Files\Java\jdk1.8.0_11\jre\bin\jsoundds.dll
0x000007fef4d90000 - 0x000007fef4e18000 	C:\Windows\system32\DSOUND.dll
0x000007fefc530000 - 0x000007fefc55c000 	C:\Windows\system32\POWRPROF.dll
0x000007fefc290000 - 0x000007fefc2db000 	C:\Windows\system32\MMDevAPI.DLL
0x000007fee67d0000 - 0x000007fee680b000 	C:\Windows\system32\wdmaud.drv
0x0000000072ef0000 - 0x0000000072ef6000 	C:\Windows\system32\ksuser.dll
0x000007fefbfd0000 - 0x000007fefbfd9000 	C:\Windows\system32\AVRT.dll
0x000007fef4d10000 - 0x000007fef4d5f000 	C:\Windows\system32\AUDIOSES.DLL
0x000007fef8a50000 - 0x000007fef8a5a000 	C:\Windows\system32\msacm32.drv
0x000007fee6670000 - 0x000007fee6688000 	C:\Windows\system32\MSACM32.dll
0x000007fefa8e0000 - 0x000007fefa8e9000 	C:\Windows\system32\midimap.dll
0x000007fefcc90000 - 0x000007fefcca7000 	C:\Windows\system32\CRYPTSP.dll
0x000007fefc990000 - 0x000007fefc9d7000 	C:\Windows\system32\rsaenh.dll
0x000007fefa8c0000 - 0x000007fefa8d1000 	C:\Windows\system32\dhcpcsvc6.DLL
0x000007fefa8a0000 - 0x000007fefa8b8000 	C:\Windows\system32\dhcpcsvc.DLL
0x0000000066f40000 - 0x0000000066f68000 	C:\Users\otso\AppData\Local\Temp\liblz4-java8291773182538914942.so
0x000007fef5600000 - 0x000007fef5725000 	C:\Windows\system32\dbghelp.dll

VM Arguments:
jvm_args: -Dfile.encoding=UTF-8 -Djava.library.path=C:\Users\otso\Documents\LWJGL\lwjgl-2.9.1\native\windows 
java_command: voxels.Voxels
java_class_path (initial): C:\Users\otso\Documents\LWJGL\lwjgl-2.9.1\jar\jinput.jar;C:\Users\otso\Documents\LWJGL\lwjgl-2.9.1\jar\lwjgl.jar;C:\Users\otso\Documents\LWJGL\lwjgl-2.9.1\jar\lwjgl_util.jar;C:\Users\otso\Documents\Java libraries\slick-util.jar;C:\Users\otso\Documents\Java libraries\slick.jar;C:\Users\otso\Documents\NetBeansProjects\slick.jar;C:\Users\otso\Documents\NetBeansProjects\fst-1.55-onejar.jar;C:\Users\otso\Documents\Java libraries\compress-lzf-1.0.1-javadoc.jar;C:\Users\otso\Documents\Java libraries\compress-lzf-1.0.1.jar;C:\Users\otso\Documents\Java libraries\jorbis-0.0.17.jar;C:\Users\otso\Documents\Java libraries\tritonus_share.jar;C:\Users\otso\Documents\Java libraries\vorbisspi1.0.3.jar;D:\libraries\lz4-1.2.0.jar;C:\Users\otso\Documents\NetBeansProjects\Voxels\build\classes
Launcher Type: SUN_STANDARD

Environment Variables:
PATH=C:\ProgramData\Oracle\Java\javapath;C:\Program Files (x86)\NVIDIA Corporation\PhysX\Common;C:\Program Files (x86)\Intel\iCLS Client\;C:\Program Files\Intel\iCLS Client\;C:\Windows\system32;C:\Windows;C:\Windows\System32\Wbem;C:\Windows\System32\WindowsPowerShell\v1.0\;C:\Program Files\Intel\Intel(R) Management Engine Components\DAL;C:\Program Files (x86)\Intel\Intel(R) Management Engine Components\DAL;C:\Program Files\Intel\Intel(R) Management Engine Components\IPT;C:\Program Files (x86)\Intel\Intel(R) Management Engine Components\IPT;C:\Program Files (x86)\ATI Technologies\ATI.ACE\Core-Static;C:\cygwin\bin;C:\Program Files (x86)\Windows Kits\8.1\Windows Performance Toolkit\;C:\Program Files\Microsoft SQL Server\110\Tools\Binn\
USERNAME=otso
OS=Windows_NT
PROCESSOR_IDENTIFIER=Intel64 Family 6 Model 60 Stepping 3, GenuineIntel



---------------  S Y S T E M  ---------------

OS: Windows 7 , 64 bit Build 7601 Service Pack 1

CPU:total 8 (4 cores per cpu, 2 threads per core) family 6 model 60 stepping 3, cmov, cx8, fxsr, mmx, sse, sse2, sse3, ssse3, sse4.1, sse4.2, popcnt, avx, avx2, aes, clmul, erms, ht, tsc, tscinvbit

Memory: 4k page, physical 8263612k(2698840k free), swap 16525360k(9210932k free)

vm_info: Java HotSpot(TM) 64-Bit Server VM (25.11-b03) for windows-amd64 JRE (1.8.0_11-b12), built on Jun 16 2014 20:57:32 by "java_re" with MS VC++ 10.0 (VS2010)

time: Mon Oct 13 16:36:32 2014
elapsed time: 189 seconds

